2020-01-12 08:25:42 [scrapy.utils.log] INFO: Scrapy 1.8.0 started (bot: qdReader)
2020-01-12 08:25:42 [scrapy.utils.log] INFO: Versions: lxml 4.3.3.0, libxml2 2.9.4, cssselect 1.1.0, parsel 1.5.2, w3lib 1.21.0, Twisted 19.10.0, Python 3.7.3 (default, Oct  7 2019, 12:56:13) - [GCC 8.3.0], pyOpenSSL 19.1.0 (OpenSSL 1.1.1b  26 Feb 2019), cryptography 2.3, Platform Linux-5.0.0-38-generic-x86_64-with-Ubuntu-19.04-disco
2020-01-12 08:25:42 [scrapy.crawler] INFO: Overridden settings: {'BOT_NAME': 'qdReader', 'CONCURRENT_REQUESTS_PER_DOMAIN': 16, 'CONCURRENT_REQUESTS_PER_IP': 16, 'COOKIES_DEBUG': True, 'LOG_FILE': 'logs/scrapy_spider_5.log', 'NEWSPIDER_MODULE': 'qdReader.spiders', 'SCHEDULER_DISK_QUEUE': 'scrapy.squeues.PickleFifoDiskQueue', 'SCHEDULER_MEMORY_QUEUE': 'scrapy.squeues.FifoMemoryQueue', 'SCHEDULER_PRIORITY_QUEUE': 'queuelib.PriorityQueue', 'SPIDER_MODULES': ['qdReader.spiders']}
2020-01-12 08:25:42 [scrapy.extensions.telnet] INFO: Telnet Password: d851ad02fabbb213
2020-01-12 08:25:42 [scrapy.middleware] INFO: Enabled extensions:
['scrapy.extensions.corestats.CoreStats',
 'scrapy.extensions.telnet.TelnetConsole',
 'scrapy.extensions.memusage.MemoryUsage',
 'scrapy.extensions.logstats.LogStats']
2020-01-12 08:25:43 [scrapy.middleware] INFO: Enabled downloader middlewares:
['scrapy.downloadermiddlewares.httpauth.HttpAuthMiddleware',
 'scrapy.downloadermiddlewares.downloadtimeout.DownloadTimeoutMiddleware',
 'scrapy.downloadermiddlewares.defaultheaders.DefaultHeadersMiddleware',
 'scrapy.downloadermiddlewares.useragent.UserAgentMiddleware',
 'qdReader.middlewares.ProxyMiddleware',
 'scrapy.downloadermiddlewares.retry.RetryMiddleware',
 'scrapy.downloadermiddlewares.redirect.MetaRefreshMiddleware',
 'scrapy.downloadermiddlewares.httpcompression.HttpCompressionMiddleware',
 'scrapy.downloadermiddlewares.redirect.RedirectMiddleware',
 'scrapy.downloadermiddlewares.cookies.CookiesMiddleware',
 'scrapy.downloadermiddlewares.httpproxy.HttpProxyMiddleware',
 'scrapy.downloadermiddlewares.stats.DownloaderStats']
2020-01-12 08:25:43 [scrapy.middleware] INFO: Enabled spider middlewares:
['scrapy.spidermiddlewares.httperror.HttpErrorMiddleware',
 'scrapy.spidermiddlewares.offsite.OffsiteMiddleware',
 'scrapy.spidermiddlewares.referer.RefererMiddleware',
 'scrapy.spidermiddlewares.urllength.UrlLengthMiddleware',
 'scrapy.spidermiddlewares.depth.DepthMiddleware']
2020-01-12 08:25:43 [scrapy.middleware] INFO: Enabled item pipelines:
['qdReader.pipelines.SquareHongbaoPipeline']
2020-01-12 08:25:43 [scrapy.core.engine] INFO: Spider opened
2020-01-12 08:25:43 [py.warnings] WARNING: /home/xjg/.local/lib/python3.7/site-packages/scrapy/core/scheduler.py:63: ScrapyDeprecationWarning: SCHEDULER_PRIORITY_QUEUE='queuelib.PriorityQueue' is no longer supported because of API changes; please use 'scrapy.pqueues.ScrapyPriorityQueue'
  ScrapyDeprecationWarning)

2020-01-12 08:25:43 [py.warnings] WARNING: /home/xjg/.local/lib/python3.7/site-packages/pymysql/cursors.py:170: Warning: (1050, "Table 'hongbaos' already exists")
  result = self._query(query)

2020-01-12 08:25:43 [scrapy.extensions.logstats] INFO: Crawled 0 pages (at 0 pages/min), scraped 0 items (at 0 items/min)
2020-01-12 08:25:43 [scrapy.extensions.telnet] INFO: Telnet console listening on 127.0.0.1:6031
2020-01-12 08:25:45 [scrapy.downloadermiddlewares.cookies] DEBUG: Sending cookies to: <GET https://druid.if.qidian.com/Atom.axd/Api/HongBao/GetSquare?pn=1&pz=20&lastHongbaoId=0>
Cookie: ywkey=ywU2vsg9bL87; ywguid=800005880124; appId=12; areaId=30; lang=cn; mode=normal; bar=72; qimei=866174010680719; loginType=4; lgk=1; QDInfo=7RNRLX6Ck3KY5aWgMB84vrDdhMzPrkpyDrEIbrK0xJ397r2LvU5C5GT/C+ZfDcXIJ31Wvz7+FUbq8Zq3x19Zb1bGTyTu9PdALkTI9pqfeKww7aaaXneUlOb85aHYesTrsxTCPjzPcobnQgki8iArCkVQOK5Yh/Wt; cmfuToken=N((a0tJD3qrhLwUlsfEdzYe8BGppxeaTlihPKPLV5s7gABtAYNbjA3TI3c-3WZZLKJcPHEH4_PX120g9QhXRkQbnStZbjyt6XzqgpXTaL8qIQJLGPxEGjQna3QMz-Rb0BQIrDa-U4s1XaEFjFsWlrO_KlhZtaCX1l8trfyz4UHh4TlxYddDEYeLjxMXoMfHyrIzQhNU1hr0E2h6GFWffUyyQomTr7d3Sgm-FVUd2JdBqVXHagoI3ps1_BxgXfZakGmg0; usertoken=5880124

2020-01-12 08:25:45 [scrapy.core.engine] DEBUG: Crawled (200) <GET https://druid.if.qidian.com/Atom.axd/Api/HongBao/GetSquare?pn=1&pz=20&lastHongbaoId=0> (referer: None)
2020-01-12 08:25:45 [scrapy.core.engine] INFO: Closing spider (finished)
2020-01-12 08:25:45 [scrapy.statscollectors] INFO: Dumping Scrapy stats:
{'downloader/request_bytes': 1495,
 'downloader/request_count': 1,
 'downloader/request_method_count/GET': 1,
 'downloader/response_bytes': 6663,
 'downloader/response_count': 1,
 'downloader/response_status_count/200': 1,
 'elapsed_time_seconds': 2.460526,
 'finish_reason': 'finished',
 'finish_time': datetime.datetime(2020, 1, 12, 0, 25, 45, 595145),
 'log_count/DEBUG': 2,
 'log_count/INFO': 10,
 'log_count/WARNING': 2,
 'memusage/max': 191291392,
 'memusage/startup': 191291392,
 'response_received_count': 1,
 'scheduler/dequeued': 1,
 'scheduler/dequeued/memory': 1,
 'scheduler/enqueued': 1,
 'scheduler/enqueued/memory': 1,
 'start_time': datetime.datetime(2020, 1, 12, 0, 25, 43, 134619)}
2020-01-12 08:25:45 [scrapy.core.engine] INFO: Spider closed (finished)
2020-01-12 08:26:43 [scrapy.utils.log] INFO: Scrapy 1.8.0 started (bot: qdReader)
2020-01-12 08:26:43 [scrapy.utils.log] INFO: Versions: lxml 4.3.3.0, libxml2 2.9.4, cssselect 1.1.0, parsel 1.5.2, w3lib 1.21.0, Twisted 19.10.0, Python 3.7.3 (default, Oct  7 2019, 12:56:13) - [GCC 8.3.0], pyOpenSSL 19.1.0 (OpenSSL 1.1.1b  26 Feb 2019), cryptography 2.3, Platform Linux-5.0.0-38-generic-x86_64-with-Ubuntu-19.04-disco
2020-01-12 08:26:43 [scrapy.crawler] INFO: Overridden settings: {'BOT_NAME': 'qdReader', 'CONCURRENT_REQUESTS_PER_DOMAIN': 16, 'CONCURRENT_REQUESTS_PER_IP': 16, 'COOKIES_DEBUG': True, 'LOG_FILE': 'logs/scrapy_spider_5.log', 'NEWSPIDER_MODULE': 'qdReader.spiders', 'SCHEDULER_DISK_QUEUE': 'scrapy.squeues.PickleFifoDiskQueue', 'SCHEDULER_MEMORY_QUEUE': 'scrapy.squeues.FifoMemoryQueue', 'SCHEDULER_PRIORITY_QUEUE': 'queuelib.PriorityQueue', 'SPIDER_MODULES': ['qdReader.spiders']}
2020-01-12 08:26:43 [scrapy.extensions.telnet] INFO: Telnet Password: 1092969c755e9648
2020-01-12 08:26:43 [scrapy.middleware] INFO: Enabled extensions:
['scrapy.extensions.corestats.CoreStats',
 'scrapy.extensions.telnet.TelnetConsole',
 'scrapy.extensions.memusage.MemoryUsage',
 'scrapy.extensions.logstats.LogStats']
2020-01-12 08:26:43 [scrapy.middleware] INFO: Enabled downloader middlewares:
['scrapy.downloadermiddlewares.httpauth.HttpAuthMiddleware',
 'scrapy.downloadermiddlewares.downloadtimeout.DownloadTimeoutMiddleware',
 'scrapy.downloadermiddlewares.defaultheaders.DefaultHeadersMiddleware',
 'scrapy.downloadermiddlewares.useragent.UserAgentMiddleware',
 'qdReader.middlewares.ProxyMiddleware',
 'scrapy.downloadermiddlewares.retry.RetryMiddleware',
 'scrapy.downloadermiddlewares.redirect.MetaRefreshMiddleware',
 'scrapy.downloadermiddlewares.httpcompression.HttpCompressionMiddleware',
 'scrapy.downloadermiddlewares.redirect.RedirectMiddleware',
 'scrapy.downloadermiddlewares.cookies.CookiesMiddleware',
 'scrapy.downloadermiddlewares.httpproxy.HttpProxyMiddleware',
 'scrapy.downloadermiddlewares.stats.DownloaderStats']
2020-01-12 08:26:43 [scrapy.middleware] INFO: Enabled spider middlewares:
['scrapy.spidermiddlewares.httperror.HttpErrorMiddleware',
 'scrapy.spidermiddlewares.offsite.OffsiteMiddleware',
 'scrapy.spidermiddlewares.referer.RefererMiddleware',
 'scrapy.spidermiddlewares.urllength.UrlLengthMiddleware',
 'scrapy.spidermiddlewares.depth.DepthMiddleware']
2020-01-12 08:26:43 [scrapy.middleware] INFO: Enabled item pipelines:
['qdReader.pipelines.SquareHongbaoPipeline']
2020-01-12 08:26:43 [scrapy.core.engine] INFO: Spider opened
2020-01-12 08:26:43 [py.warnings] WARNING: /home/xjg/.local/lib/python3.7/site-packages/scrapy/core/scheduler.py:63: ScrapyDeprecationWarning: SCHEDULER_PRIORITY_QUEUE='queuelib.PriorityQueue' is no longer supported because of API changes; please use 'scrapy.pqueues.ScrapyPriorityQueue'
  ScrapyDeprecationWarning)

2020-01-12 08:26:44 [py.warnings] WARNING: /home/xjg/.local/lib/python3.7/site-packages/pymysql/cursors.py:170: Warning: (1050, "Table 'hongbaos' already exists")
  result = self._query(query)

2020-01-12 08:26:44 [scrapy.extensions.logstats] INFO: Crawled 0 pages (at 0 pages/min), scraped 0 items (at 0 items/min)
2020-01-12 08:26:44 [scrapy.extensions.telnet] INFO: Telnet console listening on 127.0.0.1:6027
2020-01-12 08:26:46 [scrapy.downloadermiddlewares.cookies] DEBUG: Sending cookies to: <GET https://druid.if.qidian.com/Atom.axd/Api/HongBao/GetSquare?pn=1&pz=20&lastHongbaoId=0>
Cookie: ywkey=ywU2vsg9bL87; ywguid=800005880124; appId=12; areaId=30; lang=cn; mode=normal; bar=72; qimei=866174010680719; loginType=4; lgk=1; QDInfo=7RNRLX6Ck3KY5aWgMB84vrDdhMzPrkpyDrEIbrK0xJ397r2LvU5C5GT/C+ZfDcXIJ31Wvz7+FUbq8Zq3x19Zb1bGTyTu9PdALkTI9pqfeKww7aaaXneUlI3UDT9Y6IWilHvysnvU/GdgM3CWHCS4Xse9yNqu3fL5; cmfuToken=N((a0tJD3qrhLwUlsfEdzYe8BGppxeaTlihPKPLV5s7gABtAYNbjA3TI3c-3WZZLKJcPHEH4_PX120g9QhXRkQbnStZbjyt6XzqgpXTaL8qIQJLGPxEGjQna3QMz-Rb0BQIrDa-U4s1XaEFjFsWlrO_KlhZtaCX1l8trfyz4UHh4TlxYddDEYeLjxMXoMfHyrIzQhNU1hr0E2h6GFWffUyyQomTr7d3Sgm-FVUd2JdBqVXHagoI3ps1_BxgXfZakGmg0; usertoken=5880124

2020-01-12 08:26:46 [scrapy.core.engine] DEBUG: Crawled (402) <GET https://druid.if.qidian.com/Atom.axd/Api/HongBao/GetSquare?pn=1&pz=20&lastHongbaoId=0> (referer: None)
2020-01-12 08:26:46 [scrapy.spidermiddlewares.httperror] INFO: Ignoring response <402 https://druid.if.qidian.com/Atom.axd/Api/HongBao/GetSquare?pn=1&pz=20&lastHongbaoId=0>: HTTP status code is not handled or not allowed
2020-01-12 08:26:46 [scrapy.core.engine] INFO: Closing spider (finished)
2020-01-12 08:26:46 [scrapy.statscollectors] INFO: Dumping Scrapy stats:
{'downloader/request_bytes': 1495,
 'downloader/request_count': 1,
 'downloader/request_method_count/GET': 1,
 'downloader/response_bytes': 200,
 'downloader/response_count': 1,
 'downloader/response_status_count/402': 1,
 'elapsed_time_seconds': 2.438984,
 'finish_reason': 'finished',
 'finish_time': datetime.datetime(2020, 1, 12, 0, 26, 46, 462429),
 'httperror/response_ignored_count': 1,
 'httperror/response_ignored_status_count/402': 1,
 'log_count/DEBUG': 2,
 'log_count/INFO': 11,
 'log_count/WARNING': 2,
 'memusage/max': 191877120,
 'memusage/startup': 191877120,
 'response_received_count': 1,
 'scheduler/dequeued': 1,
 'scheduler/dequeued/memory': 1,
 'scheduler/enqueued': 1,
 'scheduler/enqueued/memory': 1,
 'start_time': datetime.datetime(2020, 1, 12, 0, 26, 44, 23445)}
2020-01-12 08:26:46 [scrapy.core.engine] INFO: Spider closed (finished)
