2020-01-12 08:25:42 [scrapy.utils.log] INFO: Scrapy 1.8.0 started (bot: qdReader)
2020-01-12 08:25:42 [scrapy.utils.log] INFO: Versions: lxml 4.3.3.0, libxml2 2.9.4, cssselect 1.1.0, parsel 1.5.2, w3lib 1.21.0, Twisted 19.10.0, Python 3.7.3 (default, Oct  7 2019, 12:56:13) - [GCC 8.3.0], pyOpenSSL 19.1.0 (OpenSSL 1.1.1b  26 Feb 2019), cryptography 2.3, Platform Linux-5.0.0-38-generic-x86_64-with-Ubuntu-19.04-disco
2020-01-12 08:25:42 [scrapy.crawler] INFO: Overridden settings: {'BOT_NAME': 'qdReader', 'CONCURRENT_REQUESTS_PER_DOMAIN': 16, 'CONCURRENT_REQUESTS_PER_IP': 16, 'COOKIES_DEBUG': True, 'LOG_FILE': 'logs/scrapy_spider_2.log', 'NEWSPIDER_MODULE': 'qdReader.spiders', 'SCHEDULER_DISK_QUEUE': 'scrapy.squeues.PickleFifoDiskQueue', 'SCHEDULER_MEMORY_QUEUE': 'scrapy.squeues.FifoMemoryQueue', 'SCHEDULER_PRIORITY_QUEUE': 'queuelib.PriorityQueue', 'SPIDER_MODULES': ['qdReader.spiders']}
2020-01-12 08:25:42 [scrapy.extensions.telnet] INFO: Telnet Password: 36a24fc5182e83b2
2020-01-12 08:25:42 [scrapy.middleware] INFO: Enabled extensions:
['scrapy.extensions.corestats.CoreStats',
 'scrapy.extensions.telnet.TelnetConsole',
 'scrapy.extensions.memusage.MemoryUsage',
 'scrapy.extensions.logstats.LogStats']
2020-01-12 08:25:42 [scrapy.middleware] INFO: Enabled downloader middlewares:
['scrapy.downloadermiddlewares.httpauth.HttpAuthMiddleware',
 'scrapy.downloadermiddlewares.downloadtimeout.DownloadTimeoutMiddleware',
 'scrapy.downloadermiddlewares.defaultheaders.DefaultHeadersMiddleware',
 'scrapy.downloadermiddlewares.useragent.UserAgentMiddleware',
 'qdReader.middlewares.ProxyMiddleware',
 'scrapy.downloadermiddlewares.retry.RetryMiddleware',
 'scrapy.downloadermiddlewares.redirect.MetaRefreshMiddleware',
 'scrapy.downloadermiddlewares.httpcompression.HttpCompressionMiddleware',
 'scrapy.downloadermiddlewares.redirect.RedirectMiddleware',
 'scrapy.downloadermiddlewares.cookies.CookiesMiddleware',
 'scrapy.downloadermiddlewares.httpproxy.HttpProxyMiddleware',
 'scrapy.downloadermiddlewares.stats.DownloaderStats']
2020-01-12 08:25:42 [scrapy.middleware] INFO: Enabled spider middlewares:
['scrapy.spidermiddlewares.httperror.HttpErrorMiddleware',
 'scrapy.spidermiddlewares.offsite.OffsiteMiddleware',
 'scrapy.spidermiddlewares.referer.RefererMiddleware',
 'scrapy.spidermiddlewares.urllength.UrlLengthMiddleware',
 'scrapy.spidermiddlewares.depth.DepthMiddleware']
2020-01-12 08:25:42 [scrapy.middleware] INFO: Enabled item pipelines:
['qdReader.pipelines.SquareHongbaoPipeline']
2020-01-12 08:25:42 [scrapy.core.engine] INFO: Spider opened
2020-01-12 08:25:42 [py.warnings] WARNING: /home/xjg/.local/lib/python3.7/site-packages/scrapy/core/scheduler.py:63: ScrapyDeprecationWarning: SCHEDULER_PRIORITY_QUEUE='queuelib.PriorityQueue' is no longer supported because of API changes; please use 'scrapy.pqueues.ScrapyPriorityQueue'
  ScrapyDeprecationWarning)

2020-01-12 08:25:42 [py.warnings] WARNING: /home/xjg/.local/lib/python3.7/site-packages/pymysql/cursors.py:170: Warning: (1050, "Table 'hongbaos' already exists")
  result = self._query(query)

2020-01-12 08:25:42 [scrapy.extensions.logstats] INFO: Crawled 0 pages (at 0 pages/min), scraped 0 items (at 0 items/min)
2020-01-12 08:25:42 [scrapy.extensions.telnet] INFO: Telnet console listening on 127.0.0.1:6025
2020-01-12 08:25:45 [scrapy.downloadermiddlewares.cookies] DEBUG: Sending cookies to: <GET https://druid.if.qidian.com/Atom.axd/Api/HongBao/GetSquare?pn=1&pz=20&lastHongbaoId=0>
Cookie: ywkey=ywU2vsg9bL87; ywguid=800005880124; appId=12; areaId=30; lang=cn; mode=normal; bar=72; qimei=866174010680719; loginType=4; lgk=1; QDInfo=7RNRLX6Ck3KY5aWgMB84vrDdhMzPrkpyDrEIbrK0xJ397r2LvU5C5GT/C+ZfDcXIJ31Wvz7+FUbq8Zq3x19Zb1bGTyTu9PdALkTI9pqfeKww7aaaXneUlOb85aHYesTrAL/PH2XY2/sQC2444tVfX+fM7zao5pa9; cmfuToken=N((a0tJD3qrhLwUlsfEdzYe8BGppxeaTlihPKPLV5s7gABtAYNbjA3TI3c-3WZZLKJcPHEH4_PX120g9QhXRkQbnStZbjyt6XzqgpXTaL8qIQJLGPxEGjQna3QMz-Rb0BQIrDa-U4s1XaEFjFsWlrO_KlhZtaCX1l8trfyz4UHh4TlxYddDEYeLjxMXoMfHyrIzQhNU1hr0E2h6GFWffUyyQomTr7d3Sgm-FVUd2JdBqVXHagoI3ps1_BxgXfZakGmg0; usertoken=5880124

2020-01-12 08:25:45 [scrapy.core.engine] DEBUG: Crawled (402) <GET https://druid.if.qidian.com/Atom.axd/Api/HongBao/GetSquare?pn=1&pz=20&lastHongbaoId=0> (referer: None)
2020-01-12 08:25:45 [scrapy.spidermiddlewares.httperror] INFO: Ignoring response <402 https://druid.if.qidian.com/Atom.axd/Api/HongBao/GetSquare?pn=1&pz=20&lastHongbaoId=0>: HTTP status code is not handled or not allowed
2020-01-12 08:25:45 [scrapy.core.engine] INFO: Closing spider (finished)
2020-01-12 08:25:45 [scrapy.statscollectors] INFO: Dumping Scrapy stats:
{'downloader/request_bytes': 1495,
 'downloader/request_count': 1,
 'downloader/request_method_count/GET': 1,
 'downloader/response_bytes': 196,
 'downloader/response_count': 1,
 'downloader/response_status_count/402': 1,
 'elapsed_time_seconds': 2.424177,
 'finish_reason': 'finished',
 'finish_time': datetime.datetime(2020, 1, 12, 0, 25, 45, 394834),
 'httperror/response_ignored_count': 1,
 'httperror/response_ignored_status_count/402': 1,
 'log_count/DEBUG': 2,
 'log_count/INFO': 11,
 'log_count/WARNING': 2,
 'memusage/max': 191279104,
 'memusage/startup': 191279104,
 'response_received_count': 1,
 'scheduler/dequeued': 1,
 'scheduler/dequeued/memory': 1,
 'scheduler/enqueued': 1,
 'scheduler/enqueued/memory': 1,
 'start_time': datetime.datetime(2020, 1, 12, 0, 25, 42, 970657)}
2020-01-12 08:25:45 [scrapy.core.engine] INFO: Spider closed (finished)
2020-01-12 08:26:43 [scrapy.utils.log] INFO: Scrapy 1.8.0 started (bot: qdReader)
2020-01-12 08:26:43 [scrapy.utils.log] INFO: Versions: lxml 4.3.3.0, libxml2 2.9.4, cssselect 1.1.0, parsel 1.5.2, w3lib 1.21.0, Twisted 19.10.0, Python 3.7.3 (default, Oct  7 2019, 12:56:13) - [GCC 8.3.0], pyOpenSSL 19.1.0 (OpenSSL 1.1.1b  26 Feb 2019), cryptography 2.3, Platform Linux-5.0.0-38-generic-x86_64-with-Ubuntu-19.04-disco
2020-01-12 08:26:43 [scrapy.crawler] INFO: Overridden settings: {'BOT_NAME': 'qdReader', 'CONCURRENT_REQUESTS_PER_DOMAIN': 16, 'CONCURRENT_REQUESTS_PER_IP': 16, 'COOKIES_DEBUG': True, 'LOG_FILE': 'logs/scrapy_spider_2.log', 'NEWSPIDER_MODULE': 'qdReader.spiders', 'SCHEDULER_DISK_QUEUE': 'scrapy.squeues.PickleFifoDiskQueue', 'SCHEDULER_MEMORY_QUEUE': 'scrapy.squeues.FifoMemoryQueue', 'SCHEDULER_PRIORITY_QUEUE': 'queuelib.PriorityQueue', 'SPIDER_MODULES': ['qdReader.spiders']}
2020-01-12 08:26:43 [scrapy.extensions.telnet] INFO: Telnet Password: a3c27b13f328a1d0
2020-01-12 08:26:43 [scrapy.middleware] INFO: Enabled extensions:
['scrapy.extensions.corestats.CoreStats',
 'scrapy.extensions.telnet.TelnetConsole',
 'scrapy.extensions.memusage.MemoryUsage',
 'scrapy.extensions.logstats.LogStats']
2020-01-12 08:26:43 [scrapy.middleware] INFO: Enabled downloader middlewares:
['scrapy.downloadermiddlewares.httpauth.HttpAuthMiddleware',
 'scrapy.downloadermiddlewares.downloadtimeout.DownloadTimeoutMiddleware',
 'scrapy.downloadermiddlewares.defaultheaders.DefaultHeadersMiddleware',
 'scrapy.downloadermiddlewares.useragent.UserAgentMiddleware',
 'qdReader.middlewares.ProxyMiddleware',
 'scrapy.downloadermiddlewares.retry.RetryMiddleware',
 'scrapy.downloadermiddlewares.redirect.MetaRefreshMiddleware',
 'scrapy.downloadermiddlewares.httpcompression.HttpCompressionMiddleware',
 'scrapy.downloadermiddlewares.redirect.RedirectMiddleware',
 'scrapy.downloadermiddlewares.cookies.CookiesMiddleware',
 'scrapy.downloadermiddlewares.httpproxy.HttpProxyMiddleware',
 'scrapy.downloadermiddlewares.stats.DownloaderStats']
2020-01-12 08:26:43 [scrapy.middleware] INFO: Enabled spider middlewares:
['scrapy.spidermiddlewares.httperror.HttpErrorMiddleware',
 'scrapy.spidermiddlewares.offsite.OffsiteMiddleware',
 'scrapy.spidermiddlewares.referer.RefererMiddleware',
 'scrapy.spidermiddlewares.urllength.UrlLengthMiddleware',
 'scrapy.spidermiddlewares.depth.DepthMiddleware']
2020-01-12 08:26:43 [scrapy.middleware] INFO: Enabled item pipelines:
['qdReader.pipelines.SquareHongbaoPipeline']
2020-01-12 08:26:43 [scrapy.core.engine] INFO: Spider opened
2020-01-12 08:26:43 [py.warnings] WARNING: /home/xjg/.local/lib/python3.7/site-packages/scrapy/core/scheduler.py:63: ScrapyDeprecationWarning: SCHEDULER_PRIORITY_QUEUE='queuelib.PriorityQueue' is no longer supported because of API changes; please use 'scrapy.pqueues.ScrapyPriorityQueue'
  ScrapyDeprecationWarning)

2020-01-12 08:26:43 [py.warnings] WARNING: /home/xjg/.local/lib/python3.7/site-packages/pymysql/cursors.py:170: Warning: (1050, "Table 'hongbaos' already exists")
  result = self._query(query)

2020-01-12 08:26:43 [scrapy.extensions.logstats] INFO: Crawled 0 pages (at 0 pages/min), scraped 0 items (at 0 items/min)
2020-01-12 08:26:43 [scrapy.extensions.telnet] INFO: Telnet console listening on 127.0.0.1:6023
2020-01-12 08:26:45 [scrapy.downloadermiddlewares.cookies] DEBUG: Sending cookies to: <GET https://druid.if.qidian.com/Atom.axd/Api/HongBao/GetSquare?pn=1&pz=20&lastHongbaoId=0>
Cookie: ywkey=ywU2vsg9bL87; ywguid=800005880124; appId=12; areaId=30; lang=cn; mode=normal; bar=72; qimei=866174010680719; loginType=4; lgk=1; QDInfo=7RNRLX6Ck3KY5aWgMB84vrDdhMzPrkpyDrEIbrK0xJ397r2LvU5C5GT/C+ZfDcXIJ31Wvz7+FUbq8Zq3x19Zb1bGTyTu9PdALkTI9pqfeKww7aaaXneUlPBoSj/lk+4WPeDiBr1MCHUhbwwPT9KEIxrfAuLen/UU; cmfuToken=N((a0tJD3qrhLwUlsfEdzYe8BGppxeaTlihPKPLV5s7gABtAYNbjA3TI3c-3WZZLKJcPHEH4_PX120g9QhXRkQbnStZbjyt6XzqgpXTaL8qIQJLGPxEGjQna3QMz-Rb0BQIrDa-U4s1XaEFjFsWlrO_KlhZtaCX1l8trfyz4UHh4TlxYddDEYeLjxMXoMfHyrIzQhNU1hr0E2h6GFWffUyyQomTr7d3Sgm-FVUd2JdBqVXHagoI3ps1_BxgXfZakGmg0; usertoken=5880124

2020-01-12 08:26:46 [scrapy.core.engine] DEBUG: Crawled (402) <GET https://druid.if.qidian.com/Atom.axd/Api/HongBao/GetSquare?pn=1&pz=20&lastHongbaoId=0> (referer: None)
2020-01-12 08:26:46 [scrapy.spidermiddlewares.httperror] INFO: Ignoring response <402 https://druid.if.qidian.com/Atom.axd/Api/HongBao/GetSquare?pn=1&pz=20&lastHongbaoId=0>: HTTP status code is not handled or not allowed
2020-01-12 08:26:46 [scrapy.core.engine] INFO: Closing spider (finished)
2020-01-12 08:26:46 [scrapy.statscollectors] INFO: Dumping Scrapy stats:
{'downloader/request_bytes': 1495,
 'downloader/request_count': 1,
 'downloader/request_method_count/GET': 1,
 'downloader/response_bytes': 200,
 'downloader/response_count': 1,
 'downloader/response_status_count/402': 1,
 'elapsed_time_seconds': 2.298677,
 'finish_reason': 'finished',
 'finish_time': datetime.datetime(2020, 1, 12, 0, 26, 46, 194903),
 'httperror/response_ignored_count': 1,
 'httperror/response_ignored_status_count/402': 1,
 'log_count/DEBUG': 2,
 'log_count/INFO': 11,
 'log_count/WARNING': 2,
 'memusage/max': 191877120,
 'memusage/startup': 191877120,
 'response_received_count': 1,
 'scheduler/dequeued': 1,
 'scheduler/dequeued/memory': 1,
 'scheduler/enqueued': 1,
 'scheduler/enqueued/memory': 1,
 'start_time': datetime.datetime(2020, 1, 12, 0, 26, 43, 896226)}
2020-01-12 08:26:46 [scrapy.core.engine] INFO: Spider closed (finished)
2020-01-12 08:41:05 [scrapy.utils.log] INFO: Scrapy 1.8.0 started (bot: qdReader)
2020-01-12 08:41:05 [scrapy.utils.log] INFO: Versions: lxml 4.3.3.0, libxml2 2.9.4, cssselect 1.1.0, parsel 1.5.2, w3lib 1.21.0, Twisted 19.10.0, Python 3.7.3 (default, Oct  7 2019, 12:56:13) - [GCC 8.3.0], pyOpenSSL 19.1.0 (OpenSSL 1.1.1b  26 Feb 2019), cryptography 2.3, Platform Linux-5.0.0-38-generic-x86_64-with-Ubuntu-19.04-disco
2020-01-12 08:41:05 [scrapy.crawler] INFO: Overridden settings: {'BOT_NAME': 'qdReader', 'CONCURRENT_REQUESTS_PER_DOMAIN': 16, 'CONCURRENT_REQUESTS_PER_IP': 16, 'COOKIES_DEBUG': True, 'LOG_FILE': 'logs/scrapy_spider_2.log', 'NEWSPIDER_MODULE': 'qdReader.spiders', 'SCHEDULER_DISK_QUEUE': 'scrapy.squeues.PickleFifoDiskQueue', 'SCHEDULER_MEMORY_QUEUE': 'scrapy.squeues.FifoMemoryQueue', 'SCHEDULER_PRIORITY_QUEUE': 'queuelib.PriorityQueue', 'SPIDER_MODULES': ['qdReader.spiders']}
2020-01-12 08:41:05 [scrapy.extensions.telnet] INFO: Telnet Password: 89c866c8776ca883
2020-01-12 08:41:05 [scrapy.middleware] INFO: Enabled extensions:
['scrapy.extensions.corestats.CoreStats',
 'scrapy.extensions.telnet.TelnetConsole',
 'scrapy.extensions.memusage.MemoryUsage',
 'scrapy.extensions.logstats.LogStats']
2020-01-12 08:41:05 [scrapy.middleware] INFO: Enabled downloader middlewares:
['scrapy.downloadermiddlewares.httpauth.HttpAuthMiddleware',
 'scrapy.downloadermiddlewares.downloadtimeout.DownloadTimeoutMiddleware',
 'scrapy.downloadermiddlewares.defaultheaders.DefaultHeadersMiddleware',
 'scrapy.downloadermiddlewares.useragent.UserAgentMiddleware',
 'qdReader.middlewares.ProxyMiddleware',
 'scrapy.downloadermiddlewares.retry.RetryMiddleware',
 'scrapy.downloadermiddlewares.redirect.MetaRefreshMiddleware',
 'scrapy.downloadermiddlewares.httpcompression.HttpCompressionMiddleware',
 'scrapy.downloadermiddlewares.redirect.RedirectMiddleware',
 'scrapy.downloadermiddlewares.cookies.CookiesMiddleware',
 'scrapy.downloadermiddlewares.httpproxy.HttpProxyMiddleware',
 'scrapy.downloadermiddlewares.stats.DownloaderStats']
2020-01-12 08:41:05 [scrapy.middleware] INFO: Enabled spider middlewares:
['scrapy.spidermiddlewares.httperror.HttpErrorMiddleware',
 'scrapy.spidermiddlewares.offsite.OffsiteMiddleware',
 'scrapy.spidermiddlewares.referer.RefererMiddleware',
 'scrapy.spidermiddlewares.urllength.UrlLengthMiddleware',
 'scrapy.spidermiddlewares.depth.DepthMiddleware']
2020-01-12 08:41:05 [scrapy.middleware] INFO: Enabled item pipelines:
['qdReader.pipelines.SquareHongbaoPipeline']
2020-01-12 08:41:05 [scrapy.core.engine] INFO: Spider opened
2020-01-12 08:41:05 [py.warnings] WARNING: /home/xjg/.local/lib/python3.7/site-packages/scrapy/core/scheduler.py:63: ScrapyDeprecationWarning: SCHEDULER_PRIORITY_QUEUE='queuelib.PriorityQueue' is no longer supported because of API changes; please use 'scrapy.pqueues.ScrapyPriorityQueue'
  ScrapyDeprecationWarning)

2020-01-12 08:41:05 [py.warnings] WARNING: /home/xjg/.local/lib/python3.7/site-packages/pymysql/cursors.py:170: Warning: (1050, "Table 'hongbaos' already exists")
  result = self._query(query)

2020-01-12 08:41:05 [scrapy.extensions.logstats] INFO: Crawled 0 pages (at 0 pages/min), scraped 0 items (at 0 items/min)
2020-01-12 08:41:05 [scrapy.extensions.telnet] INFO: Telnet console listening on 127.0.0.1:6025
2020-01-12 08:41:07 [scrapy.downloadermiddlewares.cookies] DEBUG: Sending cookies to: <GET https://druid.if.qidian.com/Atom.axd/Api/HongBao/GetSquare?pn=1&pz=20&lastHongbaoId=0>
Cookie: ywkey=ywU2vsg9bL87; ywguid=800005880124; appId=12; areaId=30; lang=cn; mode=normal; bar=72; qimei=866174010680719; loginType=4; lgk=1; QDInfo=7RNRLX6Ck3KY5aWgMB84vrDdhMzPrkpyDrEIbrK0xJ397r2LvU5C5GT/C+ZfDcXIJ31Wvz7+FUbq8Zq3x19Zb1bGTyTu9PdALkTI9pqfeKww7aaaXneUlIQlARB9dGdml2Qb2buDVIC7M42WBfqcsc/gHooE9gE4; cmfuToken=N((a0tJD3qrhLwUlsfEdzYe8BGppxeaTlihPKPLV5s7gABtAYNbjA3TI3c-3WZZLKJcPHEH4_PX120g9QhXRkQbnStZbjyt6XzqgpXTaL8qIQJLGPxEGjQna3QMz-Rb0BQIrDa-U4s1XaEFjFsWlrO_KlhZtaCX1l8trfyz4UHh4TlxYddDEYeLjxMXoMfHyrIzQhNU1hr0E2h6GFWffUyyQomTr7d3Sgm-FVUd2JdBqVXHagoI3ps1_BxgXfZakGmg0; usertoken=5880124

2020-01-12 08:41:07 [scrapy.core.engine] DEBUG: Crawled (200) <GET https://druid.if.qidian.com/Atom.axd/Api/HongBao/GetSquare?pn=1&pz=20&lastHongbaoId=0> (referer: None)
2020-01-12 08:41:07 [scrapy.core.engine] INFO: Closing spider (finished)
2020-01-12 08:41:07 [scrapy.statscollectors] INFO: Dumping Scrapy stats:
{'downloader/request_bytes': 1495,
 'downloader/request_count': 1,
 'downloader/request_method_count/GET': 1,
 'downloader/response_bytes': 8252,
 'downloader/response_count': 1,
 'downloader/response_status_count/200': 1,
 'elapsed_time_seconds': 1.999663,
 'finish_reason': 'finished',
 'finish_time': datetime.datetime(2020, 1, 12, 0, 41, 7, 605682),
 'log_count/DEBUG': 2,
 'log_count/INFO': 10,
 'log_count/WARNING': 2,
 'memusage/max': 190590976,
 'memusage/startup': 190590976,
 'response_received_count': 1,
 'scheduler/dequeued': 1,
 'scheduler/dequeued/memory': 1,
 'scheduler/enqueued': 1,
 'scheduler/enqueued/memory': 1,
 'start_time': datetime.datetime(2020, 1, 12, 0, 41, 5, 606019)}
2020-01-12 08:41:07 [scrapy.core.engine] INFO: Spider closed (finished)
2020-01-12 08:41:11 [scrapy.utils.log] INFO: Scrapy 1.8.0 started (bot: qdReader)
2020-01-12 08:41:11 [scrapy.utils.log] INFO: Versions: lxml 4.3.3.0, libxml2 2.9.4, cssselect 1.1.0, parsel 1.5.2, w3lib 1.21.0, Twisted 19.10.0, Python 3.7.3 (default, Oct  7 2019, 12:56:13) - [GCC 8.3.0], pyOpenSSL 19.1.0 (OpenSSL 1.1.1b  26 Feb 2019), cryptography 2.3, Platform Linux-5.0.0-38-generic-x86_64-with-Ubuntu-19.04-disco
2020-01-12 08:41:11 [scrapy.crawler] INFO: Overridden settings: {'BOT_NAME': 'qdReader', 'CONCURRENT_REQUESTS_PER_DOMAIN': 16, 'CONCURRENT_REQUESTS_PER_IP': 16, 'COOKIES_DEBUG': True, 'LOG_FILE': 'logs/scrapy_spider_2.log', 'NEWSPIDER_MODULE': 'qdReader.spiders', 'SCHEDULER_DISK_QUEUE': 'scrapy.squeues.PickleFifoDiskQueue', 'SCHEDULER_MEMORY_QUEUE': 'scrapy.squeues.FifoMemoryQueue', 'SCHEDULER_PRIORITY_QUEUE': 'queuelib.PriorityQueue', 'SPIDER_MODULES': ['qdReader.spiders']}
2020-01-12 08:41:11 [scrapy.extensions.telnet] INFO: Telnet Password: 342b267e1d1dc039
2020-01-12 08:41:11 [scrapy.middleware] INFO: Enabled extensions:
['scrapy.extensions.corestats.CoreStats',
 'scrapy.extensions.telnet.TelnetConsole',
 'scrapy.extensions.memusage.MemoryUsage',
 'scrapy.extensions.logstats.LogStats']
2020-01-12 08:41:11 [scrapy.middleware] INFO: Enabled downloader middlewares:
['scrapy.downloadermiddlewares.httpauth.HttpAuthMiddleware',
 'scrapy.downloadermiddlewares.downloadtimeout.DownloadTimeoutMiddleware',
 'scrapy.downloadermiddlewares.defaultheaders.DefaultHeadersMiddleware',
 'scrapy.downloadermiddlewares.useragent.UserAgentMiddleware',
 'qdReader.middlewares.ProxyMiddleware',
 'scrapy.downloadermiddlewares.retry.RetryMiddleware',
 'scrapy.downloadermiddlewares.redirect.MetaRefreshMiddleware',
 'scrapy.downloadermiddlewares.httpcompression.HttpCompressionMiddleware',
 'scrapy.downloadermiddlewares.redirect.RedirectMiddleware',
 'scrapy.downloadermiddlewares.cookies.CookiesMiddleware',
 'scrapy.downloadermiddlewares.httpproxy.HttpProxyMiddleware',
 'scrapy.downloadermiddlewares.stats.DownloaderStats']
2020-01-12 08:41:11 [scrapy.middleware] INFO: Enabled spider middlewares:
['scrapy.spidermiddlewares.httperror.HttpErrorMiddleware',
 'scrapy.spidermiddlewares.offsite.OffsiteMiddleware',
 'scrapy.spidermiddlewares.referer.RefererMiddleware',
 'scrapy.spidermiddlewares.urllength.UrlLengthMiddleware',
 'scrapy.spidermiddlewares.depth.DepthMiddleware']
2020-01-12 08:41:11 [scrapy.middleware] INFO: Enabled item pipelines:
['qdReader.pipelines.SquareHongbaoPipeline']
2020-01-12 08:41:11 [scrapy.core.engine] INFO: Spider opened
2020-01-12 08:41:11 [py.warnings] WARNING: /home/xjg/.local/lib/python3.7/site-packages/scrapy/core/scheduler.py:63: ScrapyDeprecationWarning: SCHEDULER_PRIORITY_QUEUE='queuelib.PriorityQueue' is no longer supported because of API changes; please use 'scrapy.pqueues.ScrapyPriorityQueue'
  ScrapyDeprecationWarning)

2020-01-12 08:41:11 [py.warnings] WARNING: /home/xjg/.local/lib/python3.7/site-packages/pymysql/cursors.py:170: Warning: (1050, "Table 'hongbaos' already exists")
  result = self._query(query)

2020-01-12 08:41:11 [scrapy.extensions.logstats] INFO: Crawled 0 pages (at 0 pages/min), scraped 0 items (at 0 items/min)
2020-01-12 08:41:11 [scrapy.extensions.telnet] INFO: Telnet console listening on 127.0.0.1:6025
2020-01-12 08:41:14 [scrapy.downloadermiddlewares.cookies] DEBUG: Sending cookies to: <GET https://druid.if.qidian.com/Atom.axd/Api/HongBao/GetSquare?pn=1&pz=20&lastHongbaoId=0>
Cookie: ywkey=ywU2vsg9bL87; ywguid=800005880124; appId=12; areaId=30; lang=cn; mode=normal; bar=72; qimei=866174010680719; loginType=4; lgk=1; QDInfo=7RNRLX6Ck3KY5aWgMB84vrDdhMzPrkpyDrEIbrK0xJ397r2LvU5C5GT/C+ZfDcXIJ31Wvz7+FUbq8Zq3x19Zb1bGTyTu9PdALkTI9pqfeKww7aaaXneUlGMs8C3pE7J+18Fukmr1vcLDQRFVLg4MGqGkPuJZj0GP; cmfuToken=N((a0tJD3qrhLwUlsfEdzYe8BGppxeaTlihPKPLV5s7gABtAYNbjA3TI3c-3WZZLKJcPHEH4_PX120g9QhXRkQbnStZbjyt6XzqgpXTaL8qIQJLGPxEGjQna3QMz-Rb0BQIrDa-U4s1XaEFjFsWlrO_KlhZtaCX1l8trfyz4UHh4TlxYddDEYeLjxMXoMfHyrIzQhNU1hr0E2h6GFWffUyyQomTr7d3Sgm-FVUd2JdBqVXHagoI3ps1_BxgXfZakGmg0; usertoken=5880124

2020-01-12 08:41:14 [scrapy.core.engine] DEBUG: Crawled (200) <GET https://druid.if.qidian.com/Atom.axd/Api/HongBao/GetSquare?pn=1&pz=20&lastHongbaoId=0> (referer: None)
2020-01-12 08:41:15 [scrapy.core.engine] INFO: Closing spider (finished)
2020-01-12 08:41:15 [scrapy.statscollectors] INFO: Dumping Scrapy stats:
{'downloader/request_bytes': 1495,
 'downloader/request_count': 1,
 'downloader/request_method_count/GET': 1,
 'downloader/response_bytes': 8252,
 'downloader/response_count': 1,
 'downloader/response_status_count/200': 1,
 'elapsed_time_seconds': 3.23043,
 'finish_reason': 'finished',
 'finish_time': datetime.datetime(2020, 1, 12, 0, 41, 15, 76475),
 'log_count/DEBUG': 2,
 'log_count/INFO': 10,
 'log_count/WARNING': 2,
 'memusage/max': 190648320,
 'memusage/startup': 190648320,
 'response_received_count': 1,
 'scheduler/dequeued': 1,
 'scheduler/dequeued/memory': 1,
 'scheduler/enqueued': 1,
 'scheduler/enqueued/memory': 1,
 'start_time': datetime.datetime(2020, 1, 12, 0, 41, 11, 846045)}
2020-01-12 08:41:15 [scrapy.core.engine] INFO: Spider closed (finished)
2020-01-12 08:41:15 [scrapy.utils.log] INFO: Scrapy 1.8.0 started (bot: qdReader)
2020-01-12 08:41:15 [scrapy.utils.log] INFO: Versions: lxml 4.3.3.0, libxml2 2.9.4, cssselect 1.1.0, parsel 1.5.2, w3lib 1.21.0, Twisted 19.10.0, Python 3.7.3 (default, Oct  7 2019, 12:56:13) - [GCC 8.3.0], pyOpenSSL 19.1.0 (OpenSSL 1.1.1b  26 Feb 2019), cryptography 2.3, Platform Linux-5.0.0-38-generic-x86_64-with-Ubuntu-19.04-disco
2020-01-12 08:41:15 [scrapy.crawler] INFO: Overridden settings: {'BOT_NAME': 'qdReader', 'CONCURRENT_REQUESTS_PER_DOMAIN': 16, 'CONCURRENT_REQUESTS_PER_IP': 16, 'COOKIES_DEBUG': True, 'LOG_FILE': 'logs/scrapy_spider_2.log', 'NEWSPIDER_MODULE': 'qdReader.spiders', 'SCHEDULER_DISK_QUEUE': 'scrapy.squeues.PickleFifoDiskQueue', 'SCHEDULER_MEMORY_QUEUE': 'scrapy.squeues.FifoMemoryQueue', 'SCHEDULER_PRIORITY_QUEUE': 'queuelib.PriorityQueue', 'SPIDER_MODULES': ['qdReader.spiders']}
2020-01-12 08:41:15 [scrapy.extensions.telnet] INFO: Telnet Password: e0a438590b03dd6b
2020-01-12 08:41:15 [scrapy.middleware] INFO: Enabled extensions:
['scrapy.extensions.corestats.CoreStats',
 'scrapy.extensions.telnet.TelnetConsole',
 'scrapy.extensions.memusage.MemoryUsage',
 'scrapy.extensions.logstats.LogStats']
2020-01-12 08:41:16 [scrapy.middleware] INFO: Enabled downloader middlewares:
['scrapy.downloadermiddlewares.httpauth.HttpAuthMiddleware',
 'scrapy.downloadermiddlewares.downloadtimeout.DownloadTimeoutMiddleware',
 'scrapy.downloadermiddlewares.defaultheaders.DefaultHeadersMiddleware',
 'scrapy.downloadermiddlewares.useragent.UserAgentMiddleware',
 'qdReader.middlewares.ProxyMiddleware',
 'scrapy.downloadermiddlewares.retry.RetryMiddleware',
 'scrapy.downloadermiddlewares.redirect.MetaRefreshMiddleware',
 'scrapy.downloadermiddlewares.httpcompression.HttpCompressionMiddleware',
 'scrapy.downloadermiddlewares.redirect.RedirectMiddleware',
 'scrapy.downloadermiddlewares.cookies.CookiesMiddleware',
 'scrapy.downloadermiddlewares.httpproxy.HttpProxyMiddleware',
 'scrapy.downloadermiddlewares.stats.DownloaderStats']
2020-01-12 08:41:16 [scrapy.middleware] INFO: Enabled spider middlewares:
['scrapy.spidermiddlewares.httperror.HttpErrorMiddleware',
 'scrapy.spidermiddlewares.offsite.OffsiteMiddleware',
 'scrapy.spidermiddlewares.referer.RefererMiddleware',
 'scrapy.spidermiddlewares.urllength.UrlLengthMiddleware',
 'scrapy.spidermiddlewares.depth.DepthMiddleware']
2020-01-12 08:41:16 [scrapy.middleware] INFO: Enabled item pipelines:
['qdReader.pipelines.SquareHongbaoPipeline']
2020-01-12 08:41:16 [scrapy.core.engine] INFO: Spider opened
2020-01-12 08:41:16 [py.warnings] WARNING: /home/xjg/.local/lib/python3.7/site-packages/scrapy/core/scheduler.py:63: ScrapyDeprecationWarning: SCHEDULER_PRIORITY_QUEUE='queuelib.PriorityQueue' is no longer supported because of API changes; please use 'scrapy.pqueues.ScrapyPriorityQueue'
  ScrapyDeprecationWarning)

2020-01-12 08:41:16 [py.warnings] WARNING: /home/xjg/.local/lib/python3.7/site-packages/pymysql/cursors.py:170: Warning: (1050, "Table 'hongbaos' already exists")
  result = self._query(query)

2020-01-12 08:41:16 [scrapy.extensions.logstats] INFO: Crawled 0 pages (at 0 pages/min), scraped 0 items (at 0 items/min)
2020-01-12 08:41:16 [scrapy.extensions.telnet] INFO: Telnet console listening on 127.0.0.1:6026
2020-01-12 08:41:19 [scrapy.downloadermiddlewares.cookies] DEBUG: Sending cookies to: <GET https://druid.if.qidian.com/Atom.axd/Api/HongBao/GetSquare?pn=1&pz=20&lastHongbaoId=0>
Cookie: ywkey=ywU2vsg9bL87; ywguid=800005880124; appId=12; areaId=30; lang=cn; mode=normal; bar=72; qimei=866174010680719; loginType=4; lgk=1; QDInfo=7RNRLX6Ck3KY5aWgMB84vrDdhMzPrkpyDrEIbrK0xJ397r2LvU5C5GT/C+ZfDcXIJ31Wvz7+FUbq8Zq3x19Zb1bGTyTu9PdALkTI9pqfeKww7aaaXneUlEaqlM1ghG5yMIgDmhU5jd97pIHtVaZ40HWSwRN8mi/9; cmfuToken=N((a0tJD3qrhLwUlsfEdzYe8BGppxeaTlihPKPLV5s7gABtAYNbjA3TI3c-3WZZLKJcPHEH4_PX120g9QhXRkQbnStZbjyt6XzqgpXTaL8qIQJLGPxEGjQna3QMz-Rb0BQIrDa-U4s1XaEFjFsWlrO_KlhZtaCX1l8trfyz4UHh4TlxYddDEYeLjxMXoMfHyrIzQhNU1hr0E2h6GFWffUyyQomTr7d3Sgm-FVUd2JdBqVXHagoI3ps1_BxgXfZakGmg0; usertoken=5880124

2020-01-12 08:41:20 [scrapy.core.engine] DEBUG: Crawled (200) <GET https://druid.if.qidian.com/Atom.axd/Api/HongBao/GetSquare?pn=1&pz=20&lastHongbaoId=0> (referer: None)
2020-01-12 08:41:20 [scrapy.core.engine] INFO: Closing spider (finished)
2020-01-12 08:41:20 [scrapy.statscollectors] INFO: Dumping Scrapy stats:
{'downloader/request_bytes': 1495,
 'downloader/request_count': 1,
 'downloader/request_method_count/GET': 1,
 'downloader/response_bytes': 8248,
 'downloader/response_count': 1,
 'downloader/response_status_count/200': 1,
 'elapsed_time_seconds': 4.160278,
 'finish_reason': 'finished',
 'finish_time': datetime.datetime(2020, 1, 12, 0, 41, 20, 502700),
 'log_count/DEBUG': 2,
 'log_count/INFO': 10,
 'log_count/WARNING': 2,
 'memusage/max': 190648320,
 'memusage/startup': 190648320,
 'response_received_count': 1,
 'scheduler/dequeued': 1,
 'scheduler/dequeued/memory': 1,
 'scheduler/enqueued': 1,
 'scheduler/enqueued/memory': 1,
 'start_time': datetime.datetime(2020, 1, 12, 0, 41, 16, 342422)}
2020-01-12 08:41:20 [scrapy.core.engine] INFO: Spider closed (finished)
2020-01-12 08:41:20 [scrapy.utils.log] INFO: Scrapy 1.8.0 started (bot: qdReader)
2020-01-12 08:41:21 [scrapy.utils.log] INFO: Versions: lxml 4.3.3.0, libxml2 2.9.4, cssselect 1.1.0, parsel 1.5.2, w3lib 1.21.0, Twisted 19.10.0, Python 3.7.3 (default, Oct  7 2019, 12:56:13) - [GCC 8.3.0], pyOpenSSL 19.1.0 (OpenSSL 1.1.1b  26 Feb 2019), cryptography 2.3, Platform Linux-5.0.0-38-generic-x86_64-with-Ubuntu-19.04-disco
2020-01-12 08:41:21 [scrapy.crawler] INFO: Overridden settings: {'BOT_NAME': 'qdReader', 'CONCURRENT_REQUESTS_PER_DOMAIN': 16, 'CONCURRENT_REQUESTS_PER_IP': 16, 'COOKIES_DEBUG': True, 'LOG_FILE': 'logs/scrapy_spider_2.log', 'NEWSPIDER_MODULE': 'qdReader.spiders', 'SCHEDULER_DISK_QUEUE': 'scrapy.squeues.PickleFifoDiskQueue', 'SCHEDULER_MEMORY_QUEUE': 'scrapy.squeues.FifoMemoryQueue', 'SCHEDULER_PRIORITY_QUEUE': 'queuelib.PriorityQueue', 'SPIDER_MODULES': ['qdReader.spiders']}
2020-01-12 08:41:21 [scrapy.extensions.telnet] INFO: Telnet Password: 202d3d16c50c85b3
2020-01-12 08:41:21 [scrapy.middleware] INFO: Enabled extensions:
['scrapy.extensions.corestats.CoreStats',
 'scrapy.extensions.telnet.TelnetConsole',
 'scrapy.extensions.memusage.MemoryUsage',
 'scrapy.extensions.logstats.LogStats']
2020-01-12 08:41:22 [scrapy.middleware] INFO: Enabled downloader middlewares:
['scrapy.downloadermiddlewares.httpauth.HttpAuthMiddleware',
 'scrapy.downloadermiddlewares.downloadtimeout.DownloadTimeoutMiddleware',
 'scrapy.downloadermiddlewares.defaultheaders.DefaultHeadersMiddleware',
 'scrapy.downloadermiddlewares.useragent.UserAgentMiddleware',
 'qdReader.middlewares.ProxyMiddleware',
 'scrapy.downloadermiddlewares.retry.RetryMiddleware',
 'scrapy.downloadermiddlewares.redirect.MetaRefreshMiddleware',
 'scrapy.downloadermiddlewares.httpcompression.HttpCompressionMiddleware',
 'scrapy.downloadermiddlewares.redirect.RedirectMiddleware',
 'scrapy.downloadermiddlewares.cookies.CookiesMiddleware',
 'scrapy.downloadermiddlewares.httpproxy.HttpProxyMiddleware',
 'scrapy.downloadermiddlewares.stats.DownloaderStats']
2020-01-12 08:41:22 [scrapy.middleware] INFO: Enabled spider middlewares:
['scrapy.spidermiddlewares.httperror.HttpErrorMiddleware',
 'scrapy.spidermiddlewares.offsite.OffsiteMiddleware',
 'scrapy.spidermiddlewares.referer.RefererMiddleware',
 'scrapy.spidermiddlewares.urllength.UrlLengthMiddleware',
 'scrapy.spidermiddlewares.depth.DepthMiddleware']
2020-01-12 08:41:22 [scrapy.middleware] INFO: Enabled item pipelines:
['qdReader.pipelines.SquareHongbaoPipeline']
2020-01-12 08:41:22 [scrapy.core.engine] INFO: Spider opened
2020-01-12 08:41:22 [py.warnings] WARNING: /home/xjg/.local/lib/python3.7/site-packages/scrapy/core/scheduler.py:63: ScrapyDeprecationWarning: SCHEDULER_PRIORITY_QUEUE='queuelib.PriorityQueue' is no longer supported because of API changes; please use 'scrapy.pqueues.ScrapyPriorityQueue'
  ScrapyDeprecationWarning)

2020-01-12 08:41:22 [py.warnings] WARNING: /home/xjg/.local/lib/python3.7/site-packages/pymysql/cursors.py:170: Warning: (1050, "Table 'hongbaos' already exists")
  result = self._query(query)

2020-01-12 08:41:22 [scrapy.extensions.logstats] INFO: Crawled 0 pages (at 0 pages/min), scraped 0 items (at 0 items/min)
2020-01-12 08:41:22 [scrapy.extensions.telnet] INFO: Telnet console listening on 127.0.0.1:6026
2020-01-12 08:41:25 [scrapy.utils.log] INFO: Scrapy 1.8.0 started (bot: qdReader)
2020-01-12 08:41:25 [scrapy.utils.log] INFO: Versions: lxml 4.3.3.0, libxml2 2.9.4, cssselect 1.1.0, parsel 1.5.2, w3lib 1.21.0, Twisted 19.10.0, Python 3.7.3 (default, Oct  7 2019, 12:56:13) - [GCC 8.3.0], pyOpenSSL 19.1.0 (OpenSSL 1.1.1b  26 Feb 2019), cryptography 2.3, Platform Linux-5.0.0-38-generic-x86_64-with-Ubuntu-19.04-disco
2020-01-12 08:41:25 [scrapy.crawler] INFO: Overridden settings: {'BOT_NAME': 'qdReader', 'CONCURRENT_REQUESTS_PER_DOMAIN': 16, 'CONCURRENT_REQUESTS_PER_IP': 16, 'COOKIES_DEBUG': True, 'LOG_FILE': 'logs/scrapy_spider_2.log', 'NEWSPIDER_MODULE': 'qdReader.spiders', 'SCHEDULER_DISK_QUEUE': 'scrapy.squeues.PickleFifoDiskQueue', 'SCHEDULER_MEMORY_QUEUE': 'scrapy.squeues.FifoMemoryQueue', 'SCHEDULER_PRIORITY_QUEUE': 'queuelib.PriorityQueue', 'SPIDER_MODULES': ['qdReader.spiders']}
2020-01-12 08:41:25 [scrapy.extensions.telnet] INFO: Telnet Password: bfe9d83657cf2b66
2020-01-12 08:41:25 [scrapy.middleware] INFO: Enabled extensions:
['scrapy.extensions.corestats.CoreStats',
 'scrapy.extensions.telnet.TelnetConsole',
 'scrapy.extensions.memusage.MemoryUsage',
 'scrapy.extensions.logstats.LogStats']
2020-01-12 08:41:26 [scrapy.middleware] INFO: Enabled downloader middlewares:
['scrapy.downloadermiddlewares.httpauth.HttpAuthMiddleware',
 'scrapy.downloadermiddlewares.downloadtimeout.DownloadTimeoutMiddleware',
 'scrapy.downloadermiddlewares.defaultheaders.DefaultHeadersMiddleware',
 'scrapy.downloadermiddlewares.useragent.UserAgentMiddleware',
 'qdReader.middlewares.ProxyMiddleware',
 'scrapy.downloadermiddlewares.retry.RetryMiddleware',
 'scrapy.downloadermiddlewares.redirect.MetaRefreshMiddleware',
 'scrapy.downloadermiddlewares.httpcompression.HttpCompressionMiddleware',
 'scrapy.downloadermiddlewares.redirect.RedirectMiddleware',
 'scrapy.downloadermiddlewares.cookies.CookiesMiddleware',
 'scrapy.downloadermiddlewares.httpproxy.HttpProxyMiddleware',
 'scrapy.downloadermiddlewares.stats.DownloaderStats']
2020-01-12 08:41:26 [scrapy.middleware] INFO: Enabled spider middlewares:
['scrapy.spidermiddlewares.httperror.HttpErrorMiddleware',
 'scrapy.spidermiddlewares.offsite.OffsiteMiddleware',
 'scrapy.spidermiddlewares.referer.RefererMiddleware',
 'scrapy.spidermiddlewares.urllength.UrlLengthMiddleware',
 'scrapy.spidermiddlewares.depth.DepthMiddleware']
2020-01-12 08:41:26 [scrapy.middleware] INFO: Enabled item pipelines:
['qdReader.pipelines.SquareHongbaoPipeline']
2020-01-12 08:41:26 [scrapy.core.engine] INFO: Spider opened
2020-01-12 08:41:26 [py.warnings] WARNING: /home/xjg/.local/lib/python3.7/site-packages/scrapy/core/scheduler.py:63: ScrapyDeprecationWarning: SCHEDULER_PRIORITY_QUEUE='queuelib.PriorityQueue' is no longer supported because of API changes; please use 'scrapy.pqueues.ScrapyPriorityQueue'
  ScrapyDeprecationWarning)

2020-01-12 08:41:27 [py.warnings] WARNING: /home/xjg/.local/lib/python3.7/site-packages/pymysql/cursors.py:170: Warning: (1050, "Table 'hongbaos' already exists")
  result = self._query(query)

2020-01-12 08:41:27 [scrapy.extensions.logstats] INFO: Crawled 0 pages (at 0 pages/min), scraped 0 items (at 0 items/min)
2020-01-12 08:41:27 [scrapy.extensions.telnet] INFO: Telnet console listening on 127.0.0.1:6025
2020-01-12 08:41:27 [scrapy.downloadermiddlewares.cookies] DEBUG: Sending cookies to: <GET https://druid.if.qidian.com/Atom.axd/Api/HongBao/GetSquare?pn=1&pz=20&lastHongbaoId=0>
Cookie: ywkey=ywU2vsg9bL87; ywguid=800005880124; appId=12; areaId=30; lang=cn; mode=normal; bar=72; qimei=866174010680719; loginType=4; lgk=1; QDInfo=7RNRLX6Ck3KY5aWgMB84vrDdhMzPrkpyDrEIbrK0xJ397r2LvU5C5GT/C+ZfDcXIJ31Wvz7+FUbq8Zq3x19Zb1bGTyTu9PdALkTI9pqfeKww7aaaXneUlIigceAOt7PYvg0JZm26FxwpQVyy7L6RtKtQmbFV1ZrY; cmfuToken=N((a0tJD3qrhLwUlsfEdzYe8BGppxeaTlihPKPLV5s7gABtAYNbjA3TI3c-3WZZLKJcPHEH4_PX120g9QhXRkQbnStZbjyt6XzqgpXTaL8qIQJLGPxEGjQna3QMz-Rb0BQIrDa-U4s1XaEFjFsWlrO_KlhZtaCX1l8trfyz4UHh4TlxYddDEYeLjxMXoMfHyrIzQhNU1hr0E2h6GFWffUyyQomTr7d3Sgm-FVUd2JdBqVXHagoI3ps1_BxgXfZakGmg0; usertoken=5880124

2020-01-12 08:41:27 [scrapy.core.engine] DEBUG: Crawled (200) <GET https://druid.if.qidian.com/Atom.axd/Api/HongBao/GetSquare?pn=1&pz=20&lastHongbaoId=0> (referer: None)
2020-01-12 08:41:28 [scrapy.core.engine] INFO: Closing spider (finished)
2020-01-12 08:41:28 [scrapy.statscollectors] INFO: Dumping Scrapy stats:
{'downloader/request_bytes': 1495,
 'downloader/request_count': 1,
 'downloader/request_method_count/GET': 1,
 'downloader/response_bytes': 8248,
 'downloader/response_count': 1,
 'downloader/response_status_count/200': 1,
 'elapsed_time_seconds': 5.752243,
 'finish_reason': 'finished',
 'finish_time': datetime.datetime(2020, 1, 12, 0, 41, 28, 142934),
 'log_count/DEBUG': 2,
 'log_count/INFO': 10,
 'log_count/WARNING': 2,
 'memusage/max': 190676992,
 'memusage/startup': 190676992,
 'response_received_count': 1,
 'scheduler/dequeued': 1,
 'scheduler/dequeued/memory': 1,
 'scheduler/enqueued': 1,
 'scheduler/enqueued/memory': 1,
 'start_time': datetime.datetime(2020, 1, 12, 0, 41, 22, 390691)}
2020-01-12 08:41:28 [scrapy.core.engine] INFO: Spider closed (finished)
2020-01-12 08:41:29 [scrapy.utils.log] INFO: Scrapy 1.8.0 started (bot: qdReader)
2020-01-12 08:41:30 [scrapy.utils.log] INFO: Versions: lxml 4.3.3.0, libxml2 2.9.4, cssselect 1.1.0, parsel 1.5.2, w3lib 1.21.0, Twisted 19.10.0, Python 3.7.3 (default, Oct  7 2019, 12:56:13) - [GCC 8.3.0], pyOpenSSL 19.1.0 (OpenSSL 1.1.1b  26 Feb 2019), cryptography 2.3, Platform Linux-5.0.0-38-generic-x86_64-with-Ubuntu-19.04-disco
2020-01-12 08:41:30 [scrapy.crawler] INFO: Overridden settings: {'BOT_NAME': 'qdReader', 'CONCURRENT_REQUESTS_PER_DOMAIN': 16, 'CONCURRENT_REQUESTS_PER_IP': 16, 'COOKIES_DEBUG': True, 'LOG_FILE': 'logs/scrapy_spider_2.log', 'NEWSPIDER_MODULE': 'qdReader.spiders', 'SCHEDULER_DISK_QUEUE': 'scrapy.squeues.PickleFifoDiskQueue', 'SCHEDULER_MEMORY_QUEUE': 'scrapy.squeues.FifoMemoryQueue', 'SCHEDULER_PRIORITY_QUEUE': 'queuelib.PriorityQueue', 'SPIDER_MODULES': ['qdReader.spiders']}
2020-01-12 08:41:30 [scrapy.extensions.telnet] INFO: Telnet Password: 35972b5b1418ab0d
2020-01-12 08:41:30 [scrapy.middleware] INFO: Enabled extensions:
['scrapy.extensions.corestats.CoreStats',
 'scrapy.extensions.telnet.TelnetConsole',
 'scrapy.extensions.memusage.MemoryUsage',
 'scrapy.extensions.logstats.LogStats']
2020-01-12 08:41:31 [scrapy.middleware] INFO: Enabled downloader middlewares:
['scrapy.downloadermiddlewares.httpauth.HttpAuthMiddleware',
 'scrapy.downloadermiddlewares.downloadtimeout.DownloadTimeoutMiddleware',
 'scrapy.downloadermiddlewares.defaultheaders.DefaultHeadersMiddleware',
 'scrapy.downloadermiddlewares.useragent.UserAgentMiddleware',
 'qdReader.middlewares.ProxyMiddleware',
 'scrapy.downloadermiddlewares.retry.RetryMiddleware',
 'scrapy.downloadermiddlewares.redirect.MetaRefreshMiddleware',
 'scrapy.downloadermiddlewares.httpcompression.HttpCompressionMiddleware',
 'scrapy.downloadermiddlewares.redirect.RedirectMiddleware',
 'scrapy.downloadermiddlewares.cookies.CookiesMiddleware',
 'scrapy.downloadermiddlewares.httpproxy.HttpProxyMiddleware',
 'scrapy.downloadermiddlewares.stats.DownloaderStats']
2020-01-12 08:41:31 [scrapy.middleware] INFO: Enabled spider middlewares:
['scrapy.spidermiddlewares.httperror.HttpErrorMiddleware',
 'scrapy.spidermiddlewares.offsite.OffsiteMiddleware',
 'scrapy.spidermiddlewares.referer.RefererMiddleware',
 'scrapy.spidermiddlewares.urllength.UrlLengthMiddleware',
 'scrapy.spidermiddlewares.depth.DepthMiddleware']
2020-01-12 08:41:32 [scrapy.middleware] INFO: Enabled item pipelines:
['qdReader.pipelines.SquareHongbaoPipeline']
2020-01-12 08:41:32 [scrapy.core.engine] INFO: Spider opened
2020-01-12 08:41:32 [py.warnings] WARNING: /home/xjg/.local/lib/python3.7/site-packages/scrapy/core/scheduler.py:63: ScrapyDeprecationWarning: SCHEDULER_PRIORITY_QUEUE='queuelib.PriorityQueue' is no longer supported because of API changes; please use 'scrapy.pqueues.ScrapyPriorityQueue'
  ScrapyDeprecationWarning)

2020-01-12 08:41:32 [py.warnings] WARNING: /home/xjg/.local/lib/python3.7/site-packages/pymysql/cursors.py:170: Warning: (1050, "Table 'hongbaos' already exists")
  result = self._query(query)

2020-01-12 08:41:32 [scrapy.extensions.logstats] INFO: Crawled 0 pages (at 0 pages/min), scraped 0 items (at 0 items/min)
2020-01-12 08:41:32 [scrapy.extensions.telnet] INFO: Telnet console listening on 127.0.0.1:6024
2020-01-12 08:41:33 [scrapy.downloadermiddlewares.cookies] DEBUG: Sending cookies to: <GET https://druid.if.qidian.com/Atom.axd/Api/HongBao/GetSquare?pn=1&pz=20&lastHongbaoId=0>
Cookie: ywkey=ywU2vsg9bL87; ywguid=800005880124; appId=12; areaId=30; lang=cn; mode=normal; bar=72; qimei=866174010680719; loginType=4; lgk=1; QDInfo=7RNRLX6Ck3KY5aWgMB84vrDdhMzPrkpyDrEIbrK0xJ397r2LvU5C5GT/C+ZfDcXIJ31Wvz7+FUbq8Zq3x19Zb1bGTyTu9PdALkTI9pqfeKww7aaaXneUlI9o6D2l7+ugRE7qqMWtqXk70/jkeEuIhN4u1baJ6aDN; cmfuToken=N((a0tJD3qrhLwUlsfEdzYe8BGppxeaTlihPKPLV5s7gABtAYNbjA3TI3c-3WZZLKJcPHEH4_PX120g9QhXRkQbnStZbjyt6XzqgpXTaL8qIQJLGPxEGjQna3QMz-Rb0BQIrDa-U4s1XaEFjFsWlrO_KlhZtaCX1l8trfyz4UHh4TlxYddDEYeLjxMXoMfHyrIzQhNU1hr0E2h6GFWffUyyQomTr7d3Sgm-FVUd2JdBqVXHagoI3ps1_BxgXfZakGmg0; usertoken=5880124

2020-01-12 08:41:33 [scrapy.core.engine] DEBUG: Crawled (200) <GET https://druid.if.qidian.com/Atom.axd/Api/HongBao/GetSquare?pn=1&pz=20&lastHongbaoId=0> (referer: None)
2020-01-12 08:41:33 [scrapy.core.engine] INFO: Closing spider (finished)
2020-01-12 08:41:34 [scrapy.statscollectors] INFO: Dumping Scrapy stats:
{'downloader/request_bytes': 1495,
 'downloader/request_count': 1,
 'downloader/request_method_count/GET': 1,
 'downloader/response_bytes': 8252,
 'downloader/response_count': 1,
 'downloader/response_status_count/200': 1,
 'elapsed_time_seconds': 6.871271,
 'finish_reason': 'finished',
 'finish_time': datetime.datetime(2020, 1, 12, 0, 41, 33, 921872),
 'log_count/DEBUG': 2,
 'log_count/INFO': 10,
 'log_count/WARNING': 2,
 'memusage/max': 189714432,
 'memusage/startup': 189714432,
 'response_received_count': 1,
 'scheduler/dequeued': 1,
 'scheduler/dequeued/memory': 1,
 'scheduler/enqueued': 1,
 'scheduler/enqueued/memory': 1,
 'start_time': datetime.datetime(2020, 1, 12, 0, 41, 27, 50601)}
2020-01-12 08:41:34 [scrapy.core.engine] INFO: Spider closed (finished)
2020-01-12 08:41:34 [scrapy.utils.log] INFO: Scrapy 1.8.0 started (bot: qdReader)
2020-01-12 08:41:34 [scrapy.utils.log] INFO: Versions: lxml 4.3.3.0, libxml2 2.9.4, cssselect 1.1.0, parsel 1.5.2, w3lib 1.21.0, Twisted 19.10.0, Python 3.7.3 (default, Oct  7 2019, 12:56:13) - [GCC 8.3.0], pyOpenSSL 19.1.0 (OpenSSL 1.1.1b  26 Feb 2019), cryptography 2.3, Platform Linux-5.0.0-38-generic-x86_64-with-Ubuntu-19.04-disco
2020-01-12 08:41:34 [scrapy.crawler] INFO: Overridden settings: {'BOT_NAME': 'qdReader', 'CONCURRENT_REQUESTS_PER_DOMAIN': 16, 'CONCURRENT_REQUESTS_PER_IP': 16, 'COOKIES_DEBUG': True, 'LOG_FILE': 'logs/scrapy_spider_2.log', 'NEWSPIDER_MODULE': 'qdReader.spiders', 'SCHEDULER_DISK_QUEUE': 'scrapy.squeues.PickleFifoDiskQueue', 'SCHEDULER_MEMORY_QUEUE': 'scrapy.squeues.FifoMemoryQueue', 'SCHEDULER_PRIORITY_QUEUE': 'queuelib.PriorityQueue', 'SPIDER_MODULES': ['qdReader.spiders']}
2020-01-12 08:41:35 [scrapy.extensions.telnet] INFO: Telnet Password: 6c8a27b142ce6054
2020-01-12 08:41:35 [scrapy.middleware] INFO: Enabled extensions:
['scrapy.extensions.corestats.CoreStats',
 'scrapy.extensions.telnet.TelnetConsole',
 'scrapy.extensions.memusage.MemoryUsage',
 'scrapy.extensions.logstats.LogStats']
2020-01-12 08:41:37 [scrapy.middleware] INFO: Enabled downloader middlewares:
['scrapy.downloadermiddlewares.httpauth.HttpAuthMiddleware',
 'scrapy.downloadermiddlewares.downloadtimeout.DownloadTimeoutMiddleware',
 'scrapy.downloadermiddlewares.defaultheaders.DefaultHeadersMiddleware',
 'scrapy.downloadermiddlewares.useragent.UserAgentMiddleware',
 'qdReader.middlewares.ProxyMiddleware',
 'scrapy.downloadermiddlewares.retry.RetryMiddleware',
 'scrapy.downloadermiddlewares.redirect.MetaRefreshMiddleware',
 'scrapy.downloadermiddlewares.httpcompression.HttpCompressionMiddleware',
 'scrapy.downloadermiddlewares.redirect.RedirectMiddleware',
 'scrapy.downloadermiddlewares.cookies.CookiesMiddleware',
 'scrapy.downloadermiddlewares.httpproxy.HttpProxyMiddleware',
 'scrapy.downloadermiddlewares.stats.DownloaderStats']
2020-01-12 08:41:37 [scrapy.middleware] INFO: Enabled spider middlewares:
['scrapy.spidermiddlewares.httperror.HttpErrorMiddleware',
 'scrapy.spidermiddlewares.offsite.OffsiteMiddleware',
 'scrapy.spidermiddlewares.referer.RefererMiddleware',
 'scrapy.spidermiddlewares.urllength.UrlLengthMiddleware',
 'scrapy.spidermiddlewares.depth.DepthMiddleware']
2020-01-12 08:41:37 [scrapy.middleware] INFO: Enabled item pipelines:
['qdReader.pipelines.SquareHongbaoPipeline']
2020-01-12 08:41:37 [scrapy.core.engine] INFO: Spider opened
2020-01-12 08:41:37 [py.warnings] WARNING: /home/xjg/.local/lib/python3.7/site-packages/scrapy/core/scheduler.py:63: ScrapyDeprecationWarning: SCHEDULER_PRIORITY_QUEUE='queuelib.PriorityQueue' is no longer supported because of API changes; please use 'scrapy.pqueues.ScrapyPriorityQueue'
  ScrapyDeprecationWarning)

2020-01-12 08:41:37 [py.warnings] WARNING: /home/xjg/.local/lib/python3.7/site-packages/pymysql/cursors.py:170: Warning: (1050, "Table 'hongbaos' already exists")
  result = self._query(query)

2020-01-12 08:41:38 [scrapy.extensions.logstats] INFO: Crawled 0 pages (at 0 pages/min), scraped 0 items (at 0 items/min)
2020-01-12 08:41:38 [scrapy.extensions.telnet] INFO: Telnet console listening on 127.0.0.1:6026
2020-01-12 08:41:39 [scrapy.utils.log] INFO: Scrapy 1.8.0 started (bot: qdReader)
2020-01-12 08:41:40 [scrapy.utils.log] INFO: Versions: lxml 4.3.3.0, libxml2 2.9.4, cssselect 1.1.0, parsel 1.5.2, w3lib 1.21.0, Twisted 19.10.0, Python 3.7.3 (default, Oct  7 2019, 12:56:13) - [GCC 8.3.0], pyOpenSSL 19.1.0 (OpenSSL 1.1.1b  26 Feb 2019), cryptography 2.3, Platform Linux-5.0.0-38-generic-x86_64-with-Ubuntu-19.04-disco
2020-01-12 08:41:40 [scrapy.crawler] INFO: Overridden settings: {'BOT_NAME': 'qdReader', 'CONCURRENT_REQUESTS_PER_DOMAIN': 16, 'CONCURRENT_REQUESTS_PER_IP': 16, 'COOKIES_DEBUG': True, 'LOG_FILE': 'logs/scrapy_spider_2.log', 'NEWSPIDER_MODULE': 'qdReader.spiders', 'SCHEDULER_DISK_QUEUE': 'scrapy.squeues.PickleFifoDiskQueue', 'SCHEDULER_MEMORY_QUEUE': 'scrapy.squeues.FifoMemoryQueue', 'SCHEDULER_PRIORITY_QUEUE': 'queuelib.PriorityQueue', 'SPIDER_MODULES': ['qdReader.spiders']}
2020-01-12 08:41:40 [scrapy.downloadermiddlewares.cookies] DEBUG: Sending cookies to: <GET https://druid.if.qidian.com/Atom.axd/Api/HongBao/GetSquare?pn=1&pz=20&lastHongbaoId=0>
Cookie: ywkey=ywU2vsg9bL87; ywguid=800005880124; appId=12; areaId=30; lang=cn; mode=normal; bar=72; qimei=866174010680719; loginType=4; lgk=1; QDInfo=7RNRLX6Ck3KY5aWgMB84vrDdhMzPrkpyDrEIbrK0xJ397r2LvU5C5GT/C+ZfDcXIJ31Wvz7+FUbq8Zq3x19Zb1bGTyTu9PdALkTI9pqfeKww7aaaXneUlGU613b7ri/wnCvigUTflNA5q1F+G6gjXIjOmW0q9oDq; cmfuToken=N((a0tJD3qrhLwUlsfEdzYe8BGppxeaTlihPKPLV5s7gABtAYNbjA3TI3c-3WZZLKJcPHEH4_PX120g9QhXRkQbnStZbjyt6XzqgpXTaL8qIQJLGPxEGjQna3QMz-Rb0BQIrDa-U4s1XaEFjFsWlrO_KlhZtaCX1l8trfyz4UHh4TlxYddDEYeLjxMXoMfHyrIzQhNU1hr0E2h6GFWffUyyQomTr7d3Sgm-FVUd2JdBqVXHagoI3ps1_BxgXfZakGmg0; usertoken=5880124

2020-01-12 08:41:40 [scrapy.extensions.telnet] INFO: Telnet Password: f707d7adf147750d
2020-01-12 08:41:41 [scrapy.core.engine] DEBUG: Crawled (200) <GET https://druid.if.qidian.com/Atom.axd/Api/HongBao/GetSquare?pn=1&pz=20&lastHongbaoId=0> (referer: None)
2020-01-12 08:41:41 [scrapy.middleware] INFO: Enabled extensions:
['scrapy.extensions.corestats.CoreStats',
 'scrapy.extensions.telnet.TelnetConsole',
 'scrapy.extensions.memusage.MemoryUsage',
 'scrapy.extensions.logstats.LogStats']
2020-01-12 08:41:41 [scrapy.core.engine] INFO: Closing spider (finished)
2020-01-12 08:41:41 [scrapy.statscollectors] INFO: Dumping Scrapy stats:
{'downloader/request_bytes': 1495,
 'downloader/request_count': 1,
 'downloader/request_method_count/GET': 1,
 'downloader/response_bytes': 8248,
 'downloader/response_count': 1,
 'downloader/response_status_count/200': 1,
 'elapsed_time_seconds': 9.12857,
 'finish_reason': 'finished',
 'finish_time': datetime.datetime(2020, 1, 12, 0, 41, 41, 380256),
 'log_count/DEBUG': 2,
 'log_count/INFO': 10,
 'log_count/WARNING': 2,
 'memusage/max': 189739008,
 'memusage/startup': 189739008,
 'response_received_count': 1,
 'scheduler/dequeued': 1,
 'scheduler/dequeued/memory': 1,
 'scheduler/enqueued': 1,
 'scheduler/enqueued/memory': 1,
 'start_time': datetime.datetime(2020, 1, 12, 0, 41, 32, 251686)}
2020-01-12 08:41:41 [scrapy.core.engine] INFO: Spider closed (finished)
2020-01-12 08:41:42 [scrapy.middleware] INFO: Enabled downloader middlewares:
['scrapy.downloadermiddlewares.httpauth.HttpAuthMiddleware',
 'scrapy.downloadermiddlewares.downloadtimeout.DownloadTimeoutMiddleware',
 'scrapy.downloadermiddlewares.defaultheaders.DefaultHeadersMiddleware',
 'scrapy.downloadermiddlewares.useragent.UserAgentMiddleware',
 'qdReader.middlewares.ProxyMiddleware',
 'scrapy.downloadermiddlewares.retry.RetryMiddleware',
 'scrapy.downloadermiddlewares.redirect.MetaRefreshMiddleware',
 'scrapy.downloadermiddlewares.httpcompression.HttpCompressionMiddleware',
 'scrapy.downloadermiddlewares.redirect.RedirectMiddleware',
 'scrapy.downloadermiddlewares.cookies.CookiesMiddleware',
 'scrapy.downloadermiddlewares.httpproxy.HttpProxyMiddleware',
 'scrapy.downloadermiddlewares.stats.DownloaderStats']
2020-01-12 08:41:42 [scrapy.middleware] INFO: Enabled spider middlewares:
['scrapy.spidermiddlewares.httperror.HttpErrorMiddleware',
 'scrapy.spidermiddlewares.offsite.OffsiteMiddleware',
 'scrapy.spidermiddlewares.referer.RefererMiddleware',
 'scrapy.spidermiddlewares.urllength.UrlLengthMiddleware',
 'scrapy.spidermiddlewares.depth.DepthMiddleware']
2020-01-12 08:41:42 [scrapy.middleware] INFO: Enabled item pipelines:
['qdReader.pipelines.SquareHongbaoPipeline']
2020-01-12 08:41:42 [scrapy.core.engine] INFO: Spider opened
2020-01-12 08:41:42 [py.warnings] WARNING: /home/xjg/.local/lib/python3.7/site-packages/scrapy/core/scheduler.py:63: ScrapyDeprecationWarning: SCHEDULER_PRIORITY_QUEUE='queuelib.PriorityQueue' is no longer supported because of API changes; please use 'scrapy.pqueues.ScrapyPriorityQueue'
  ScrapyDeprecationWarning)

2020-01-12 08:41:43 [py.warnings] WARNING: /home/xjg/.local/lib/python3.7/site-packages/pymysql/cursors.py:170: Warning: (1050, "Table 'hongbaos' already exists")
  result = self._query(query)

2020-01-12 08:41:43 [scrapy.extensions.logstats] INFO: Crawled 0 pages (at 0 pages/min), scraped 0 items (at 0 items/min)
2020-01-12 08:41:43 [scrapy.extensions.telnet] INFO: Telnet console listening on 127.0.0.1:6032
2020-01-12 08:41:47 [scrapy.utils.log] INFO: Scrapy 1.8.0 started (bot: qdReader)
2020-01-12 08:41:48 [scrapy.utils.log] INFO: Versions: lxml 4.3.3.0, libxml2 2.9.4, cssselect 1.1.0, parsel 1.5.2, w3lib 1.21.0, Twisted 19.10.0, Python 3.7.3 (default, Oct  7 2019, 12:56:13) - [GCC 8.3.0], pyOpenSSL 19.1.0 (OpenSSL 1.1.1b  26 Feb 2019), cryptography 2.3, Platform Linux-5.0.0-38-generic-x86_64-with-Ubuntu-19.04-disco
2020-01-12 08:41:48 [scrapy.crawler] INFO: Overridden settings: {'BOT_NAME': 'qdReader', 'CONCURRENT_REQUESTS_PER_DOMAIN': 16, 'CONCURRENT_REQUESTS_PER_IP': 16, 'COOKIES_DEBUG': True, 'LOG_FILE': 'logs/scrapy_spider_2.log', 'NEWSPIDER_MODULE': 'qdReader.spiders', 'SCHEDULER_DISK_QUEUE': 'scrapy.squeues.PickleFifoDiskQueue', 'SCHEDULER_MEMORY_QUEUE': 'scrapy.squeues.FifoMemoryQueue', 'SCHEDULER_PRIORITY_QUEUE': 'queuelib.PriorityQueue', 'SPIDER_MODULES': ['qdReader.spiders']}
2020-01-12 08:41:49 [scrapy.extensions.telnet] INFO: Telnet Password: 95f492a8bd47ac66
2020-01-12 08:41:50 [scrapy.middleware] INFO: Enabled extensions:
['scrapy.extensions.corestats.CoreStats',
 'scrapy.extensions.telnet.TelnetConsole',
 'scrapy.extensions.memusage.MemoryUsage',
 'scrapy.extensions.logstats.LogStats']
2020-01-12 08:41:50 [scrapy.downloadermiddlewares.cookies] DEBUG: Sending cookies to: <GET https://druid.if.qidian.com/Atom.axd/Api/HongBao/GetSquare?pn=1&pz=20&lastHongbaoId=0>
Cookie: ywkey=ywU2vsg9bL87; ywguid=800005880124; appId=12; areaId=30; lang=cn; mode=normal; bar=72; qimei=866174010680719; loginType=4; lgk=1; QDInfo=7RNRLX6Ck3KY5aWgMB84vrDdhMzPrkpyDrEIbrK0xJ397r2LvU5C5GT/C+ZfDcXIJ31Wvz7+FUbq8Zq3x19Zb1bGTyTu9PdALkTI9pqfeKww7aaaXneUlJUMpWZA1+Khy1FW7F+Pg+qWG7Jo/iezn0VzghmCJ9l4; cmfuToken=N((a0tJD3qrhLwUlsfEdzYe8BGppxeaTlihPKPLV5s7gABtAYNbjA3TI3c-3WZZLKJcPHEH4_PX120g9QhXRkQbnStZbjyt6XzqgpXTaL8qIQJLGPxEGjQna3QMz-Rb0BQIrDa-U4s1XaEFjFsWlrO_KlhZtaCX1l8trfyz4UHh4TlxYddDEYeLjxMXoMfHyrIzQhNU1hr0E2h6GFWffUyyQomTr7d3Sgm-FVUd2JdBqVXHagoI3ps1_BxgXfZakGmg0; usertoken=5880124

2020-01-12 08:41:54 [scrapy.core.engine] DEBUG: Crawled (200) <GET https://druid.if.qidian.com/Atom.axd/Api/HongBao/GetSquare?pn=1&pz=20&lastHongbaoId=0> (referer: None)
2020-01-12 08:41:54 [scrapy.middleware] INFO: Enabled downloader middlewares:
['scrapy.downloadermiddlewares.httpauth.HttpAuthMiddleware',
 'scrapy.downloadermiddlewares.downloadtimeout.DownloadTimeoutMiddleware',
 'scrapy.downloadermiddlewares.defaultheaders.DefaultHeadersMiddleware',
 'scrapy.downloadermiddlewares.useragent.UserAgentMiddleware',
 'qdReader.middlewares.ProxyMiddleware',
 'scrapy.downloadermiddlewares.retry.RetryMiddleware',
 'scrapy.downloadermiddlewares.redirect.MetaRefreshMiddleware',
 'scrapy.downloadermiddlewares.httpcompression.HttpCompressionMiddleware',
 'scrapy.downloadermiddlewares.redirect.RedirectMiddleware',
 'scrapy.downloadermiddlewares.cookies.CookiesMiddleware',
 'scrapy.downloadermiddlewares.httpproxy.HttpProxyMiddleware',
 'scrapy.downloadermiddlewares.stats.DownloaderStats']
2020-01-12 08:41:54 [scrapy.middleware] INFO: Enabled spider middlewares:
['scrapy.spidermiddlewares.httperror.HttpErrorMiddleware',
 'scrapy.spidermiddlewares.offsite.OffsiteMiddleware',
 'scrapy.spidermiddlewares.referer.RefererMiddleware',
 'scrapy.spidermiddlewares.urllength.UrlLengthMiddleware',
 'scrapy.spidermiddlewares.depth.DepthMiddleware']
2020-01-12 08:41:55 [scrapy.middleware] INFO: Enabled item pipelines:
['qdReader.pipelines.SquareHongbaoPipeline']
2020-01-12 08:41:55 [scrapy.core.engine] INFO: Spider opened
2020-01-12 08:41:55 [scrapy.core.engine] INFO: Closing spider (finished)
2020-01-12 08:41:55 [py.warnings] WARNING: /home/xjg/.local/lib/python3.7/site-packages/scrapy/core/scheduler.py:63: ScrapyDeprecationWarning: SCHEDULER_PRIORITY_QUEUE='queuelib.PriorityQueue' is no longer supported because of API changes; please use 'scrapy.pqueues.ScrapyPriorityQueue'
  ScrapyDeprecationWarning)

2020-01-12 08:41:55 [scrapy.statscollectors] INFO: Dumping Scrapy stats:
{'downloader/request_bytes': 1495,
 'downloader/request_count': 1,
 'downloader/request_method_count/GET': 1,
 'downloader/response_bytes': 8252,
 'downloader/response_count': 1,
 'downloader/response_status_count/200': 1,
 'elapsed_time_seconds': 17.271735,
 'finish_reason': 'finished',
 'finish_time': datetime.datetime(2020, 1, 12, 0, 41, 55, 287189),
 'log_count/DEBUG': 2,
 'log_count/INFO': 10,
 'log_count/WARNING': 2,
 'memusage/max': 188407808,
 'memusage/startup': 188407808,
 'response_received_count': 1,
 'scheduler/dequeued': 1,
 'scheduler/dequeued/memory': 1,
 'scheduler/enqueued': 1,
 'scheduler/enqueued/memory': 1,
 'start_time': datetime.datetime(2020, 1, 12, 0, 41, 38, 15454)}
2020-01-12 08:41:55 [scrapy.core.engine] INFO: Spider closed (finished)
2020-01-12 08:41:55 [py.warnings] WARNING: /home/xjg/.local/lib/python3.7/site-packages/pymysql/cursors.py:170: Warning: (1050, "Table 'hongbaos' already exists")
  result = self._query(query)

2020-01-12 08:41:55 [scrapy.extensions.logstats] INFO: Crawled 0 pages (at 0 pages/min), scraped 0 items (at 0 items/min)
2020-01-12 08:41:55 [scrapy.extensions.telnet] INFO: Telnet console listening on 127.0.0.1:6023
2020-01-12 08:42:03 [scrapy.downloadermiddlewares.cookies] DEBUG: Sending cookies to: <GET https://druid.if.qidian.com/Atom.axd/Api/HongBao/GetSquare?pn=1&pz=20&lastHongbaoId=0>
Cookie: ywkey=ywU2vsg9bL87; ywguid=800005880124; appId=12; areaId=30; lang=cn; mode=normal; bar=72; qimei=866174010680719; loginType=4; lgk=1; QDInfo=7RNRLX6Ck3KY5aWgMB84vrDdhMzPrkpyDrEIbrK0xJ397r2LvU5C5GT/C+ZfDcXIJ31Wvz7+FUbq8Zq3x19Zb1bGTyTu9PdALkTI9pqfeKww7aaaXneUlGzlKbjHQvxh5W76fik0VSIkW316ZGjmpSM3CWOV9sYo; cmfuToken=N((a0tJD3qrhLwUlsfEdzYe8BGppxeaTlihPKPLV5s7gABtAYNbjA3TI3c-3WZZLKJcPHEH4_PX120g9QhXRkQbnStZbjyt6XzqgpXTaL8qIQJLGPxEGjQna3QMz-Rb0BQIrDa-U4s1XaEFjFsWlrO_KlhZtaCX1l8trfyz4UHh4TlxYddDEYeLjxMXoMfHyrIzQhNU1hr0E2h6GFWffUyyQomTr7d3Sgm-FVUd2JdBqVXHagoI3ps1_BxgXfZakGmg0; usertoken=5880124

2020-01-12 08:42:03 [scrapy.utils.log] INFO: Scrapy 1.8.0 started (bot: qdReader)
2020-01-12 08:42:05 [scrapy.utils.log] INFO: Versions: lxml 4.3.3.0, libxml2 2.9.4, cssselect 1.1.0, parsel 1.5.2, w3lib 1.21.0, Twisted 19.10.0, Python 3.7.3 (default, Oct  7 2019, 12:56:13) - [GCC 8.3.0], pyOpenSSL 19.1.0 (OpenSSL 1.1.1b  26 Feb 2019), cryptography 2.3, Platform Linux-5.0.0-38-generic-x86_64-with-Ubuntu-19.04-disco
2020-01-12 08:42:07 [scrapy.crawler] INFO: Overridden settings: {'BOT_NAME': 'qdReader', 'CONCURRENT_REQUESTS_PER_DOMAIN': 16, 'CONCURRENT_REQUESTS_PER_IP': 16, 'COOKIES_DEBUG': True, 'LOG_FILE': 'logs/scrapy_spider_2.log', 'NEWSPIDER_MODULE': 'qdReader.spiders', 'SCHEDULER_DISK_QUEUE': 'scrapy.squeues.PickleFifoDiskQueue', 'SCHEDULER_MEMORY_QUEUE': 'scrapy.squeues.FifoMemoryQueue', 'SCHEDULER_PRIORITY_QUEUE': 'queuelib.PriorityQueue', 'SPIDER_MODULES': ['qdReader.spiders']}
2020-01-12 08:42:11 [scrapy.extensions.telnet] INFO: Telnet Password: b13718d275481bbd
2020-01-12 08:42:17 [scrapy.middleware] INFO: Enabled extensions:
['scrapy.extensions.corestats.CoreStats',
 'scrapy.extensions.telnet.TelnetConsole',
 'scrapy.extensions.memusage.MemoryUsage',
 'scrapy.extensions.logstats.LogStats']
2020-01-12 08:42:17 [scrapy.core.engine] DEBUG: Crawled (200) <GET https://druid.if.qidian.com/Atom.axd/Api/HongBao/GetSquare?pn=1&pz=20&lastHongbaoId=0> (referer: None)
2020-01-12 08:42:20 [scrapy.core.engine] INFO: Closing spider (finished)
2020-01-12 08:42:23 [scrapy.statscollectors] INFO: Dumping Scrapy stats:
{'downloader/request_bytes': 1495,
 'downloader/request_count': 1,
 'downloader/request_method_count/GET': 1,
 'downloader/response_bytes': 8248,
 'downloader/response_count': 1,
 'downloader/response_status_count/200': 1,
 'elapsed_time_seconds': 38.497968,
 'finish_reason': 'finished',
 'finish_time': datetime.datetime(2020, 1, 12, 0, 42, 21, 588361),
 'log_count/DEBUG': 2,
 'log_count/INFO': 10,
 'log_count/WARNING': 2,
 'memusage/max': 184307712,
 'memusage/startup': 184307712,
 'response_received_count': 1,
 'scheduler/dequeued': 1,
 'scheduler/dequeued/memory': 1,
 'scheduler/enqueued': 1,
 'scheduler/enqueued/memory': 1,
 'start_time': datetime.datetime(2020, 1, 12, 0, 41, 43, 90393)}
2020-01-12 08:42:23 [scrapy.core.engine] INFO: Spider closed (finished)
