2020-01-12 08:25:42 [scrapy.utils.log] INFO: Scrapy 1.8.0 started (bot: qdReader)
2020-01-12 08:25:42 [scrapy.utils.log] INFO: Versions: lxml 4.3.3.0, libxml2 2.9.4, cssselect 1.1.0, parsel 1.5.2, w3lib 1.21.0, Twisted 19.10.0, Python 3.7.3 (default, Oct  7 2019, 12:56:13) - [GCC 8.3.0], pyOpenSSL 19.1.0 (OpenSSL 1.1.1b  26 Feb 2019), cryptography 2.3, Platform Linux-5.0.0-38-generic-x86_64-with-Ubuntu-19.04-disco
2020-01-12 08:25:42 [scrapy.crawler] INFO: Overridden settings: {'BOT_NAME': 'qdReader', 'CONCURRENT_REQUESTS_PER_DOMAIN': 16, 'CONCURRENT_REQUESTS_PER_IP': 16, 'COOKIES_DEBUG': True, 'LOG_FILE': 'logs/scrapy_spider_3.log', 'NEWSPIDER_MODULE': 'qdReader.spiders', 'SCHEDULER_DISK_QUEUE': 'scrapy.squeues.PickleFifoDiskQueue', 'SCHEDULER_MEMORY_QUEUE': 'scrapy.squeues.FifoMemoryQueue', 'SCHEDULER_PRIORITY_QUEUE': 'queuelib.PriorityQueue', 'SPIDER_MODULES': ['qdReader.spiders']}
2020-01-12 08:25:42 [scrapy.extensions.telnet] INFO: Telnet Password: 157148f2c9f1528b
2020-01-12 08:25:42 [scrapy.middleware] INFO: Enabled extensions:
['scrapy.extensions.corestats.CoreStats',
 'scrapy.extensions.telnet.TelnetConsole',
 'scrapy.extensions.memusage.MemoryUsage',
 'scrapy.extensions.logstats.LogStats']
2020-01-12 08:25:42 [scrapy.middleware] INFO: Enabled downloader middlewares:
['scrapy.downloadermiddlewares.httpauth.HttpAuthMiddleware',
 'scrapy.downloadermiddlewares.downloadtimeout.DownloadTimeoutMiddleware',
 'scrapy.downloadermiddlewares.defaultheaders.DefaultHeadersMiddleware',
 'scrapy.downloadermiddlewares.useragent.UserAgentMiddleware',
 'qdReader.middlewares.ProxyMiddleware',
 'scrapy.downloadermiddlewares.retry.RetryMiddleware',
 'scrapy.downloadermiddlewares.redirect.MetaRefreshMiddleware',
 'scrapy.downloadermiddlewares.httpcompression.HttpCompressionMiddleware',
 'scrapy.downloadermiddlewares.redirect.RedirectMiddleware',
 'scrapy.downloadermiddlewares.cookies.CookiesMiddleware',
 'scrapy.downloadermiddlewares.httpproxy.HttpProxyMiddleware',
 'scrapy.downloadermiddlewares.stats.DownloaderStats']
2020-01-12 08:25:42 [scrapy.middleware] INFO: Enabled spider middlewares:
['scrapy.spidermiddlewares.httperror.HttpErrorMiddleware',
 'scrapy.spidermiddlewares.offsite.OffsiteMiddleware',
 'scrapy.spidermiddlewares.referer.RefererMiddleware',
 'scrapy.spidermiddlewares.urllength.UrlLengthMiddleware',
 'scrapy.spidermiddlewares.depth.DepthMiddleware']
2020-01-12 08:25:42 [scrapy.middleware] INFO: Enabled item pipelines:
['qdReader.pipelines.SquareHongbaoPipeline']
2020-01-12 08:25:42 [scrapy.core.engine] INFO: Spider opened
2020-01-12 08:25:42 [py.warnings] WARNING: /home/xjg/.local/lib/python3.7/site-packages/scrapy/core/scheduler.py:63: ScrapyDeprecationWarning: SCHEDULER_PRIORITY_QUEUE='queuelib.PriorityQueue' is no longer supported because of API changes; please use 'scrapy.pqueues.ScrapyPriorityQueue'
  ScrapyDeprecationWarning)

2020-01-12 08:25:43 [py.warnings] WARNING: /home/xjg/.local/lib/python3.7/site-packages/pymysql/cursors.py:170: Warning: (1050, "Table 'hongbaos' already exists")
  result = self._query(query)

2020-01-12 08:25:43 [scrapy.extensions.logstats] INFO: Crawled 0 pages (at 0 pages/min), scraped 0 items (at 0 items/min)
2020-01-12 08:25:43 [scrapy.extensions.telnet] INFO: Telnet console listening on 127.0.0.1:6027
2020-01-12 08:25:45 [scrapy.downloadermiddlewares.cookies] DEBUG: Sending cookies to: <GET https://druid.if.qidian.com/Atom.axd/Api/HongBao/GetSquare?pn=1&pz=20&lastHongbaoId=0>
Cookie: ywkey=ywU2vsg9bL87; ywguid=800005880124; appId=12; areaId=30; lang=cn; mode=normal; bar=72; qimei=866174010680719; loginType=4; lgk=1; QDInfo=7RNRLX6Ck3KY5aWgMB84vrDdhMzPrkpyDrEIbrK0xJ397r2LvU5C5GT/C+ZfDcXIJ31Wvz7+FUbq8Zq3x19Zb1bGTyTu9PdALkTI9pqfeKww7aaaXneUlOb85aHYesTroDl2/B+GFRklDrFIMV0oAUoBRuJ+aRAn; cmfuToken=N((a0tJD3qrhLwUlsfEdzYe8BGppxeaTlihPKPLV5s7gABtAYNbjA3TI3c-3WZZLKJcPHEH4_PX120g9QhXRkQbnStZbjyt6XzqgpXTaL8qIQJLGPxEGjQna3QMz-Rb0BQIrDa-U4s1XaEFjFsWlrO_KlhZtaCX1l8trfyz4UHh4TlxYddDEYeLjxMXoMfHyrIzQhNU1hr0E2h6GFWffUyyQomTr7d3Sgm-FVUd2JdBqVXHagoI3ps1_BxgXfZakGmg0; usertoken=5880124

2020-01-12 08:25:45 [scrapy.core.engine] DEBUG: Crawled (200) <GET https://druid.if.qidian.com/Atom.axd/Api/HongBao/GetSquare?pn=1&pz=20&lastHongbaoId=0> (referer: None)
2020-01-12 08:25:45 [scrapy.core.engine] INFO: Closing spider (finished)
2020-01-12 08:25:45 [scrapy.statscollectors] INFO: Dumping Scrapy stats:
{'downloader/request_bytes': 1495,
 'downloader/request_count': 1,
 'downloader/request_method_count/GET': 1,
 'downloader/response_bytes': 6663,
 'downloader/response_count': 1,
 'downloader/response_status_count/200': 1,
 'elapsed_time_seconds': 2.557205,
 'finish_reason': 'finished',
 'finish_time': datetime.datetime(2020, 1, 12, 0, 25, 45, 576086),
 'log_count/DEBUG': 2,
 'log_count/INFO': 10,
 'log_count/WARNING': 2,
 'memusage/max': 191299584,
 'memusage/startup': 191299584,
 'response_received_count': 1,
 'scheduler/dequeued': 1,
 'scheduler/dequeued/memory': 1,
 'scheduler/enqueued': 1,
 'scheduler/enqueued/memory': 1,
 'start_time': datetime.datetime(2020, 1, 12, 0, 25, 43, 18881)}
2020-01-12 08:25:45 [scrapy.core.engine] INFO: Spider closed (finished)
2020-01-12 08:26:43 [scrapy.utils.log] INFO: Scrapy 1.8.0 started (bot: qdReader)
2020-01-12 08:26:43 [scrapy.utils.log] INFO: Versions: lxml 4.3.3.0, libxml2 2.9.4, cssselect 1.1.0, parsel 1.5.2, w3lib 1.21.0, Twisted 19.10.0, Python 3.7.3 (default, Oct  7 2019, 12:56:13) - [GCC 8.3.0], pyOpenSSL 19.1.0 (OpenSSL 1.1.1b  26 Feb 2019), cryptography 2.3, Platform Linux-5.0.0-38-generic-x86_64-with-Ubuntu-19.04-disco
2020-01-12 08:26:43 [scrapy.crawler] INFO: Overridden settings: {'BOT_NAME': 'qdReader', 'CONCURRENT_REQUESTS_PER_DOMAIN': 16, 'CONCURRENT_REQUESTS_PER_IP': 16, 'COOKIES_DEBUG': True, 'LOG_FILE': 'logs/scrapy_spider_3.log', 'NEWSPIDER_MODULE': 'qdReader.spiders', 'SCHEDULER_DISK_QUEUE': 'scrapy.squeues.PickleFifoDiskQueue', 'SCHEDULER_MEMORY_QUEUE': 'scrapy.squeues.FifoMemoryQueue', 'SCHEDULER_PRIORITY_QUEUE': 'queuelib.PriorityQueue', 'SPIDER_MODULES': ['qdReader.spiders']}
2020-01-12 08:26:43 [scrapy.extensions.telnet] INFO: Telnet Password: dcbe3f94b6f0fb6a
2020-01-12 08:26:43 [scrapy.middleware] INFO: Enabled extensions:
['scrapy.extensions.corestats.CoreStats',
 'scrapy.extensions.telnet.TelnetConsole',
 'scrapy.extensions.memusage.MemoryUsage',
 'scrapy.extensions.logstats.LogStats']
2020-01-12 08:26:44 [scrapy.middleware] INFO: Enabled downloader middlewares:
['scrapy.downloadermiddlewares.httpauth.HttpAuthMiddleware',
 'scrapy.downloadermiddlewares.downloadtimeout.DownloadTimeoutMiddleware',
 'scrapy.downloadermiddlewares.defaultheaders.DefaultHeadersMiddleware',
 'scrapy.downloadermiddlewares.useragent.UserAgentMiddleware',
 'qdReader.middlewares.ProxyMiddleware',
 'scrapy.downloadermiddlewares.retry.RetryMiddleware',
 'scrapy.downloadermiddlewares.redirect.MetaRefreshMiddleware',
 'scrapy.downloadermiddlewares.httpcompression.HttpCompressionMiddleware',
 'scrapy.downloadermiddlewares.redirect.RedirectMiddleware',
 'scrapy.downloadermiddlewares.cookies.CookiesMiddleware',
 'scrapy.downloadermiddlewares.httpproxy.HttpProxyMiddleware',
 'scrapy.downloadermiddlewares.stats.DownloaderStats']
2020-01-12 08:26:44 [scrapy.middleware] INFO: Enabled spider middlewares:
['scrapy.spidermiddlewares.httperror.HttpErrorMiddleware',
 'scrapy.spidermiddlewares.offsite.OffsiteMiddleware',
 'scrapy.spidermiddlewares.referer.RefererMiddleware',
 'scrapy.spidermiddlewares.urllength.UrlLengthMiddleware',
 'scrapy.spidermiddlewares.depth.DepthMiddleware']
2020-01-12 08:26:44 [scrapy.middleware] INFO: Enabled item pipelines:
['qdReader.pipelines.SquareHongbaoPipeline']
2020-01-12 08:26:44 [scrapy.core.engine] INFO: Spider opened
2020-01-12 08:26:44 [py.warnings] WARNING: /home/xjg/.local/lib/python3.7/site-packages/scrapy/core/scheduler.py:63: ScrapyDeprecationWarning: SCHEDULER_PRIORITY_QUEUE='queuelib.PriorityQueue' is no longer supported because of API changes; please use 'scrapy.pqueues.ScrapyPriorityQueue'
  ScrapyDeprecationWarning)

2020-01-12 08:26:44 [py.warnings] WARNING: /home/xjg/.local/lib/python3.7/site-packages/pymysql/cursors.py:170: Warning: (1050, "Table 'hongbaos' already exists")
  result = self._query(query)

2020-01-12 08:26:44 [scrapy.extensions.logstats] INFO: Crawled 0 pages (at 0 pages/min), scraped 0 items (at 0 items/min)
2020-01-12 08:26:44 [scrapy.extensions.telnet] INFO: Telnet console listening on 127.0.0.1:6031
2020-01-12 08:26:46 [scrapy.downloadermiddlewares.cookies] DEBUG: Sending cookies to: <GET https://druid.if.qidian.com/Atom.axd/Api/HongBao/GetSquare?pn=1&pz=20&lastHongbaoId=0>
Cookie: ywkey=ywU2vsg9bL87; ywguid=800005880124; appId=12; areaId=30; lang=cn; mode=normal; bar=72; qimei=866174010680719; loginType=4; lgk=1; QDInfo=7RNRLX6Ck3KY5aWgMB84vrDdhMzPrkpyDrEIbrK0xJ397r2LvU5C5GT/C+ZfDcXIJ31Wvz7+FUbq8Zq3x19Zb1bGTyTu9PdALkTI9pqfeKww7aaaXneUlI3UDT9Y6IWiTNwcy3Rc4dGpBl4+UIpGVir+g8KnEOri; cmfuToken=N((a0tJD3qrhLwUlsfEdzYe8BGppxeaTlihPKPLV5s7gABtAYNbjA3TI3c-3WZZLKJcPHEH4_PX120g9QhXRkQbnStZbjyt6XzqgpXTaL8qIQJLGPxEGjQna3QMz-Rb0BQIrDa-U4s1XaEFjFsWlrO_KlhZtaCX1l8trfyz4UHh4TlxYddDEYeLjxMXoMfHyrIzQhNU1hr0E2h6GFWffUyyQomTr7d3Sgm-FVUd2JdBqVXHagoI3ps1_BxgXfZakGmg0; usertoken=5880124

2020-01-12 08:26:46 [scrapy.core.engine] DEBUG: Crawled (200) <GET https://druid.if.qidian.com/Atom.axd/Api/HongBao/GetSquare?pn=1&pz=20&lastHongbaoId=0> (referer: None)
2020-01-12 08:26:46 [scrapy.core.engine] INFO: Closing spider (finished)
2020-01-12 08:26:46 [scrapy.statscollectors] INFO: Dumping Scrapy stats:
{'downloader/request_bytes': 1495,
 'downloader/request_count': 1,
 'downloader/request_method_count/GET': 1,
 'downloader/response_bytes': 7059,
 'downloader/response_count': 1,
 'downloader/response_status_count/200': 1,
 'elapsed_time_seconds': 2.451257,
 'finish_reason': 'finished',
 'finish_time': datetime.datetime(2020, 1, 12, 0, 26, 46, 651709),
 'log_count/DEBUG': 2,
 'log_count/INFO': 10,
 'log_count/WARNING': 2,
 'memusage/max': 191811584,
 'memusage/startup': 191811584,
 'response_received_count': 1,
 'scheduler/dequeued': 1,
 'scheduler/dequeued/memory': 1,
 'scheduler/enqueued': 1,
 'scheduler/enqueued/memory': 1,
 'start_time': datetime.datetime(2020, 1, 12, 0, 26, 44, 200452)}
2020-01-12 08:26:46 [scrapy.core.engine] INFO: Spider closed (finished)
2020-01-12 08:41:07 [scrapy.utils.log] INFO: Scrapy 1.8.0 started (bot: qdReader)
2020-01-12 08:41:07 [scrapy.utils.log] INFO: Versions: lxml 4.3.3.0, libxml2 2.9.4, cssselect 1.1.0, parsel 1.5.2, w3lib 1.21.0, Twisted 19.10.0, Python 3.7.3 (default, Oct  7 2019, 12:56:13) - [GCC 8.3.0], pyOpenSSL 19.1.0 (OpenSSL 1.1.1b  26 Feb 2019), cryptography 2.3, Platform Linux-5.0.0-38-generic-x86_64-with-Ubuntu-19.04-disco
2020-01-12 08:41:07 [scrapy.crawler] INFO: Overridden settings: {'BOT_NAME': 'qdReader', 'CONCURRENT_REQUESTS_PER_DOMAIN': 16, 'CONCURRENT_REQUESTS_PER_IP': 16, 'COOKIES_DEBUG': True, 'LOG_FILE': 'logs/scrapy_spider_3.log', 'NEWSPIDER_MODULE': 'qdReader.spiders', 'SCHEDULER_DISK_QUEUE': 'scrapy.squeues.PickleFifoDiskQueue', 'SCHEDULER_MEMORY_QUEUE': 'scrapy.squeues.FifoMemoryQueue', 'SCHEDULER_PRIORITY_QUEUE': 'queuelib.PriorityQueue', 'SPIDER_MODULES': ['qdReader.spiders']}
2020-01-12 08:41:07 [scrapy.extensions.telnet] INFO: Telnet Password: b83e7bde6b877b38
2020-01-12 08:41:07 [scrapy.middleware] INFO: Enabled extensions:
['scrapy.extensions.corestats.CoreStats',
 'scrapy.extensions.telnet.TelnetConsole',
 'scrapy.extensions.memusage.MemoryUsage',
 'scrapy.extensions.logstats.LogStats']
2020-01-12 08:41:07 [scrapy.middleware] INFO: Enabled downloader middlewares:
['scrapy.downloadermiddlewares.httpauth.HttpAuthMiddleware',
 'scrapy.downloadermiddlewares.downloadtimeout.DownloadTimeoutMiddleware',
 'scrapy.downloadermiddlewares.defaultheaders.DefaultHeadersMiddleware',
 'scrapy.downloadermiddlewares.useragent.UserAgentMiddleware',
 'qdReader.middlewares.ProxyMiddleware',
 'scrapy.downloadermiddlewares.retry.RetryMiddleware',
 'scrapy.downloadermiddlewares.redirect.MetaRefreshMiddleware',
 'scrapy.downloadermiddlewares.httpcompression.HttpCompressionMiddleware',
 'scrapy.downloadermiddlewares.redirect.RedirectMiddleware',
 'scrapy.downloadermiddlewares.cookies.CookiesMiddleware',
 'scrapy.downloadermiddlewares.httpproxy.HttpProxyMiddleware',
 'scrapy.downloadermiddlewares.stats.DownloaderStats']
2020-01-12 08:41:07 [scrapy.middleware] INFO: Enabled spider middlewares:
['scrapy.spidermiddlewares.httperror.HttpErrorMiddleware',
 'scrapy.spidermiddlewares.offsite.OffsiteMiddleware',
 'scrapy.spidermiddlewares.referer.RefererMiddleware',
 'scrapy.spidermiddlewares.urllength.UrlLengthMiddleware',
 'scrapy.spidermiddlewares.depth.DepthMiddleware']
2020-01-12 08:41:07 [scrapy.middleware] INFO: Enabled item pipelines:
['qdReader.pipelines.SquareHongbaoPipeline']
2020-01-12 08:41:07 [scrapy.core.engine] INFO: Spider opened
2020-01-12 08:41:07 [py.warnings] WARNING: /home/xjg/.local/lib/python3.7/site-packages/scrapy/core/scheduler.py:63: ScrapyDeprecationWarning: SCHEDULER_PRIORITY_QUEUE='queuelib.PriorityQueue' is no longer supported because of API changes; please use 'scrapy.pqueues.ScrapyPriorityQueue'
  ScrapyDeprecationWarning)

2020-01-12 08:41:07 [py.warnings] WARNING: /home/xjg/.local/lib/python3.7/site-packages/pymysql/cursors.py:170: Warning: (1050, "Table 'hongbaos' already exists")
  result = self._query(query)

2020-01-12 08:41:07 [scrapy.extensions.logstats] INFO: Crawled 0 pages (at 0 pages/min), scraped 0 items (at 0 items/min)
2020-01-12 08:41:07 [scrapy.extensions.telnet] INFO: Telnet console listening on 127.0.0.1:6023
2020-01-12 08:41:09 [scrapy.downloadermiddlewares.cookies] DEBUG: Sending cookies to: <GET https://druid.if.qidian.com/Atom.axd/Api/HongBao/GetSquare?pn=1&pz=20&lastHongbaoId=0>
Cookie: ywkey=ywU2vsg9bL87; ywguid=800005880124; appId=12; areaId=30; lang=cn; mode=normal; bar=72; qimei=866174010680719; loginType=4; lgk=1; QDInfo=7RNRLX6Ck3KY5aWgMB84vrDdhMzPrkpyDrEIbrK0xJ397r2LvU5C5GT/C+ZfDcXIJ31Wvz7+FUbq8Zq3x19Zb1bGTyTu9PdALkTI9pqfeKww7aaaXneUlILRJ32I8rE1b4i66HSScqX1OIAtiaqHrtGHvBN9R27o; cmfuToken=N((a0tJD3qrhLwUlsfEdzYe8BGppxeaTlihPKPLV5s7gABtAYNbjA3TI3c-3WZZLKJcPHEH4_PX120g9QhXRkQbnStZbjyt6XzqgpXTaL8qIQJLGPxEGjQna3QMz-Rb0BQIrDa-U4s1XaEFjFsWlrO_KlhZtaCX1l8trfyz4UHh4TlxYddDEYeLjxMXoMfHyrIzQhNU1hr0E2h6GFWffUyyQomTr7d3Sgm-FVUd2JdBqVXHagoI3ps1_BxgXfZakGmg0; usertoken=5880124

2020-01-12 08:41:09 [scrapy.core.engine] DEBUG: Crawled (200) <GET https://druid.if.qidian.com/Atom.axd/Api/HongBao/GetSquare?pn=1&pz=20&lastHongbaoId=0> (referer: None)
2020-01-12 08:41:09 [scrapy.core.engine] INFO: Closing spider (finished)
2020-01-12 08:41:09 [scrapy.statscollectors] INFO: Dumping Scrapy stats:
{'downloader/request_bytes': 1495,
 'downloader/request_count': 1,
 'downloader/request_method_count/GET': 1,
 'downloader/response_bytes': 8252,
 'downloader/response_count': 1,
 'downloader/response_status_count/200': 1,
 'elapsed_time_seconds': 2.228953,
 'finish_reason': 'finished',
 'finish_time': datetime.datetime(2020, 1, 12, 0, 41, 9, 984071),
 'log_count/DEBUG': 2,
 'log_count/INFO': 10,
 'log_count/WARNING': 2,
 'memusage/max': 190578688,
 'memusage/startup': 190578688,
 'response_received_count': 1,
 'scheduler/dequeued': 1,
 'scheduler/dequeued/memory': 1,
 'scheduler/enqueued': 1,
 'scheduler/enqueued/memory': 1,
 'start_time': datetime.datetime(2020, 1, 12, 0, 41, 7, 755118)}
2020-01-12 08:41:09 [scrapy.core.engine] INFO: Spider closed (finished)
2020-01-12 08:41:11 [scrapy.utils.log] INFO: Scrapy 1.8.0 started (bot: qdReader)
2020-01-12 08:41:11 [scrapy.utils.log] INFO: Versions: lxml 4.3.3.0, libxml2 2.9.4, cssselect 1.1.0, parsel 1.5.2, w3lib 1.21.0, Twisted 19.10.0, Python 3.7.3 (default, Oct  7 2019, 12:56:13) - [GCC 8.3.0], pyOpenSSL 19.1.0 (OpenSSL 1.1.1b  26 Feb 2019), cryptography 2.3, Platform Linux-5.0.0-38-generic-x86_64-with-Ubuntu-19.04-disco
2020-01-12 08:41:11 [scrapy.crawler] INFO: Overridden settings: {'BOT_NAME': 'qdReader', 'CONCURRENT_REQUESTS_PER_DOMAIN': 16, 'CONCURRENT_REQUESTS_PER_IP': 16, 'COOKIES_DEBUG': True, 'LOG_FILE': 'logs/scrapy_spider_3.log', 'NEWSPIDER_MODULE': 'qdReader.spiders', 'SCHEDULER_DISK_QUEUE': 'scrapy.squeues.PickleFifoDiskQueue', 'SCHEDULER_MEMORY_QUEUE': 'scrapy.squeues.FifoMemoryQueue', 'SCHEDULER_PRIORITY_QUEUE': 'queuelib.PriorityQueue', 'SPIDER_MODULES': ['qdReader.spiders']}
2020-01-12 08:41:11 [scrapy.extensions.telnet] INFO: Telnet Password: 229fcfe17b1a5c2a
2020-01-12 08:41:11 [scrapy.middleware] INFO: Enabled extensions:
['scrapy.extensions.corestats.CoreStats',
 'scrapy.extensions.telnet.TelnetConsole',
 'scrapy.extensions.memusage.MemoryUsage',
 'scrapy.extensions.logstats.LogStats']
2020-01-12 08:41:12 [scrapy.middleware] INFO: Enabled downloader middlewares:
['scrapy.downloadermiddlewares.httpauth.HttpAuthMiddleware',
 'scrapy.downloadermiddlewares.downloadtimeout.DownloadTimeoutMiddleware',
 'scrapy.downloadermiddlewares.defaultheaders.DefaultHeadersMiddleware',
 'scrapy.downloadermiddlewares.useragent.UserAgentMiddleware',
 'qdReader.middlewares.ProxyMiddleware',
 'scrapy.downloadermiddlewares.retry.RetryMiddleware',
 'scrapy.downloadermiddlewares.redirect.MetaRefreshMiddleware',
 'scrapy.downloadermiddlewares.httpcompression.HttpCompressionMiddleware',
 'scrapy.downloadermiddlewares.redirect.RedirectMiddleware',
 'scrapy.downloadermiddlewares.cookies.CookiesMiddleware',
 'scrapy.downloadermiddlewares.httpproxy.HttpProxyMiddleware',
 'scrapy.downloadermiddlewares.stats.DownloaderStats']
2020-01-12 08:41:12 [scrapy.middleware] INFO: Enabled spider middlewares:
['scrapy.spidermiddlewares.httperror.HttpErrorMiddleware',
 'scrapy.spidermiddlewares.offsite.OffsiteMiddleware',
 'scrapy.spidermiddlewares.referer.RefererMiddleware',
 'scrapy.spidermiddlewares.urllength.UrlLengthMiddleware',
 'scrapy.spidermiddlewares.depth.DepthMiddleware']
2020-01-12 08:41:12 [scrapy.middleware] INFO: Enabled item pipelines:
['qdReader.pipelines.SquareHongbaoPipeline']
2020-01-12 08:41:12 [scrapy.core.engine] INFO: Spider opened
2020-01-12 08:41:12 [py.warnings] WARNING: /home/xjg/.local/lib/python3.7/site-packages/scrapy/core/scheduler.py:63: ScrapyDeprecationWarning: SCHEDULER_PRIORITY_QUEUE='queuelib.PriorityQueue' is no longer supported because of API changes; please use 'scrapy.pqueues.ScrapyPriorityQueue'
  ScrapyDeprecationWarning)

2020-01-12 08:41:12 [py.warnings] WARNING: /home/xjg/.local/lib/python3.7/site-packages/pymysql/cursors.py:170: Warning: (1050, "Table 'hongbaos' already exists")
  result = self._query(query)

2020-01-12 08:41:12 [scrapy.extensions.logstats] INFO: Crawled 0 pages (at 0 pages/min), scraped 0 items (at 0 items/min)
2020-01-12 08:41:12 [scrapy.extensions.telnet] INFO: Telnet console listening on 127.0.0.1:6026
2020-01-12 08:41:14 [scrapy.downloadermiddlewares.cookies] DEBUG: Sending cookies to: <GET https://druid.if.qidian.com/Atom.axd/Api/HongBao/GetSquare?pn=1&pz=20&lastHongbaoId=0>
Cookie: ywkey=ywU2vsg9bL87; ywguid=800005880124; appId=12; areaId=30; lang=cn; mode=normal; bar=72; qimei=866174010680719; loginType=4; lgk=1; QDInfo=7RNRLX6Ck3KY5aWgMB84vrDdhMzPrkpyDrEIbrK0xJ397r2LvU5C5GT/C+ZfDcXIJ31Wvz7+FUbq8Zq3x19Zb1bGTyTu9PdALkTI9pqfeKww7aaaXneUlGMs8C3pE7J+OX4H6FmaLsccbJ9j83ekuQDrvfjLAx4j; cmfuToken=N((a0tJD3qrhLwUlsfEdzYe8BGppxeaTlihPKPLV5s7gABtAYNbjA3TI3c-3WZZLKJcPHEH4_PX120g9QhXRkQbnStZbjyt6XzqgpXTaL8qIQJLGPxEGjQna3QMz-Rb0BQIrDa-U4s1XaEFjFsWlrO_KlhZtaCX1l8trfyz4UHh4TlxYddDEYeLjxMXoMfHyrIzQhNU1hr0E2h6GFWffUyyQomTr7d3Sgm-FVUd2JdBqVXHagoI3ps1_BxgXfZakGmg0; usertoken=5880124

2020-01-12 08:41:15 [scrapy.core.engine] DEBUG: Crawled (200) <GET https://druid.if.qidian.com/Atom.axd/Api/HongBao/GetSquare?pn=1&pz=20&lastHongbaoId=0> (referer: None)
2020-01-12 08:41:15 [scrapy.core.engine] INFO: Closing spider (finished)
2020-01-12 08:41:15 [scrapy.statscollectors] INFO: Dumping Scrapy stats:
{'downloader/request_bytes': 1495,
 'downloader/request_count': 1,
 'downloader/request_method_count/GET': 1,
 'downloader/response_bytes': 8248,
 'downloader/response_count': 1,
 'downloader/response_status_count/200': 1,
 'elapsed_time_seconds': 3.349018,
 'finish_reason': 'finished',
 'finish_time': datetime.datetime(2020, 1, 12, 0, 41, 15, 640265),
 'log_count/DEBUG': 2,
 'log_count/INFO': 10,
 'log_count/WARNING': 2,
 'memusage/max': 190656512,
 'memusage/startup': 190656512,
 'response_received_count': 1,
 'scheduler/dequeued': 1,
 'scheduler/dequeued/memory': 1,
 'scheduler/enqueued': 1,
 'scheduler/enqueued/memory': 1,
 'start_time': datetime.datetime(2020, 1, 12, 0, 41, 12, 291247)}
2020-01-12 08:41:15 [scrapy.core.engine] INFO: Spider closed (finished)
2020-01-12 08:41:17 [scrapy.utils.log] INFO: Scrapy 1.8.0 started (bot: qdReader)
2020-01-12 08:41:17 [scrapy.utils.log] INFO: Versions: lxml 4.3.3.0, libxml2 2.9.4, cssselect 1.1.0, parsel 1.5.2, w3lib 1.21.0, Twisted 19.10.0, Python 3.7.3 (default, Oct  7 2019, 12:56:13) - [GCC 8.3.0], pyOpenSSL 19.1.0 (OpenSSL 1.1.1b  26 Feb 2019), cryptography 2.3, Platform Linux-5.0.0-38-generic-x86_64-with-Ubuntu-19.04-disco
2020-01-12 08:41:17 [scrapy.crawler] INFO: Overridden settings: {'BOT_NAME': 'qdReader', 'CONCURRENT_REQUESTS_PER_DOMAIN': 16, 'CONCURRENT_REQUESTS_PER_IP': 16, 'COOKIES_DEBUG': True, 'LOG_FILE': 'logs/scrapy_spider_3.log', 'NEWSPIDER_MODULE': 'qdReader.spiders', 'SCHEDULER_DISK_QUEUE': 'scrapy.squeues.PickleFifoDiskQueue', 'SCHEDULER_MEMORY_QUEUE': 'scrapy.squeues.FifoMemoryQueue', 'SCHEDULER_PRIORITY_QUEUE': 'queuelib.PriorityQueue', 'SPIDER_MODULES': ['qdReader.spiders']}
2020-01-12 08:41:17 [scrapy.extensions.telnet] INFO: Telnet Password: edb4e21438fa199c
2020-01-12 08:41:17 [scrapy.middleware] INFO: Enabled extensions:
['scrapy.extensions.corestats.CoreStats',
 'scrapy.extensions.telnet.TelnetConsole',
 'scrapy.extensions.memusage.MemoryUsage',
 'scrapy.extensions.logstats.LogStats']
2020-01-12 08:41:18 [scrapy.middleware] INFO: Enabled downloader middlewares:
['scrapy.downloadermiddlewares.httpauth.HttpAuthMiddleware',
 'scrapy.downloadermiddlewares.downloadtimeout.DownloadTimeoutMiddleware',
 'scrapy.downloadermiddlewares.defaultheaders.DefaultHeadersMiddleware',
 'scrapy.downloadermiddlewares.useragent.UserAgentMiddleware',
 'qdReader.middlewares.ProxyMiddleware',
 'scrapy.downloadermiddlewares.retry.RetryMiddleware',
 'scrapy.downloadermiddlewares.redirect.MetaRefreshMiddleware',
 'scrapy.downloadermiddlewares.httpcompression.HttpCompressionMiddleware',
 'scrapy.downloadermiddlewares.redirect.RedirectMiddleware',
 'scrapy.downloadermiddlewares.cookies.CookiesMiddleware',
 'scrapy.downloadermiddlewares.httpproxy.HttpProxyMiddleware',
 'scrapy.downloadermiddlewares.stats.DownloaderStats']
2020-01-12 08:41:18 [scrapy.middleware] INFO: Enabled spider middlewares:
['scrapy.spidermiddlewares.httperror.HttpErrorMiddleware',
 'scrapy.spidermiddlewares.offsite.OffsiteMiddleware',
 'scrapy.spidermiddlewares.referer.RefererMiddleware',
 'scrapy.spidermiddlewares.urllength.UrlLengthMiddleware',
 'scrapy.spidermiddlewares.depth.DepthMiddleware']
2020-01-12 08:41:18 [scrapy.middleware] INFO: Enabled item pipelines:
['qdReader.pipelines.SquareHongbaoPipeline']
2020-01-12 08:41:18 [scrapy.core.engine] INFO: Spider opened
2020-01-12 08:41:18 [py.warnings] WARNING: /home/xjg/.local/lib/python3.7/site-packages/scrapy/core/scheduler.py:63: ScrapyDeprecationWarning: SCHEDULER_PRIORITY_QUEUE='queuelib.PriorityQueue' is no longer supported because of API changes; please use 'scrapy.pqueues.ScrapyPriorityQueue'
  ScrapyDeprecationWarning)

2020-01-12 08:41:18 [py.warnings] WARNING: /home/xjg/.local/lib/python3.7/site-packages/pymysql/cursors.py:170: Warning: (1050, "Table 'hongbaos' already exists")
  result = self._query(query)

2020-01-12 08:41:18 [scrapy.extensions.logstats] INFO: Crawled 0 pages (at 0 pages/min), scraped 0 items (at 0 items/min)
2020-01-12 08:41:18 [scrapy.extensions.telnet] INFO: Telnet console listening on 127.0.0.1:6023
2020-01-12 08:41:21 [scrapy.utils.log] INFO: Scrapy 1.8.0 started (bot: qdReader)
2020-01-12 08:41:21 [scrapy.utils.log] INFO: Versions: lxml 4.3.3.0, libxml2 2.9.4, cssselect 1.1.0, parsel 1.5.2, w3lib 1.21.0, Twisted 19.10.0, Python 3.7.3 (default, Oct  7 2019, 12:56:13) - [GCC 8.3.0], pyOpenSSL 19.1.0 (OpenSSL 1.1.1b  26 Feb 2019), cryptography 2.3, Platform Linux-5.0.0-38-generic-x86_64-with-Ubuntu-19.04-disco
2020-01-12 08:41:21 [scrapy.crawler] INFO: Overridden settings: {'BOT_NAME': 'qdReader', 'CONCURRENT_REQUESTS_PER_DOMAIN': 16, 'CONCURRENT_REQUESTS_PER_IP': 16, 'COOKIES_DEBUG': True, 'LOG_FILE': 'logs/scrapy_spider_3.log', 'NEWSPIDER_MODULE': 'qdReader.spiders', 'SCHEDULER_DISK_QUEUE': 'scrapy.squeues.PickleFifoDiskQueue', 'SCHEDULER_MEMORY_QUEUE': 'scrapy.squeues.FifoMemoryQueue', 'SCHEDULER_PRIORITY_QUEUE': 'queuelib.PriorityQueue', 'SPIDER_MODULES': ['qdReader.spiders']}
2020-01-12 08:41:21 [scrapy.extensions.telnet] INFO: Telnet Password: 2fcbf615799ea1a3
2020-01-12 08:41:21 [scrapy.downloadermiddlewares.cookies] DEBUG: Sending cookies to: <GET https://druid.if.qidian.com/Atom.axd/Api/HongBao/GetSquare?pn=1&pz=20&lastHongbaoId=0>
Cookie: ywkey=ywU2vsg9bL87; ywguid=800005880124; appId=12; areaId=30; lang=cn; mode=normal; bar=72; qimei=866174010680719; loginType=4; lgk=1; QDInfo=7RNRLX6Ck3KY5aWgMB84vrDdhMzPrkpyDrEIbrK0xJ397r2LvU5C5GT/C+ZfDcXIJ31Wvz7+FUbq8Zq3x19Zb1bGTyTu9PdALkTI9pqfeKww7aaaXneUlKQta7ShEzGHWTTxmrfUhNc44O1LWsB5HnNRhJm6YHrs; cmfuToken=N((a0tJD3qrhLwUlsfEdzYe8BGppxeaTlihPKPLV5s7gABtAYNbjA3TI3c-3WZZLKJcPHEH4_PX120g9QhXRkQbnStZbjyt6XzqgpXTaL8qIQJLGPxEGjQna3QMz-Rb0BQIrDa-U4s1XaEFjFsWlrO_KlhZtaCX1l8trfyz4UHh4TlxYddDEYeLjxMXoMfHyrIzQhNU1hr0E2h6GFWffUyyQomTr7d3Sgm-FVUd2JdBqVXHagoI3ps1_BxgXfZakGmg0; usertoken=5880124

2020-01-12 08:41:22 [scrapy.middleware] INFO: Enabled extensions:
['scrapy.extensions.corestats.CoreStats',
 'scrapy.extensions.telnet.TelnetConsole',
 'scrapy.extensions.memusage.MemoryUsage',
 'scrapy.extensions.logstats.LogStats']
2020-01-12 08:41:22 [scrapy.core.engine] DEBUG: Crawled (200) <GET https://druid.if.qidian.com/Atom.axd/Api/HongBao/GetSquare?pn=1&pz=20&lastHongbaoId=0> (referer: None)
2020-01-12 08:41:22 [scrapy.core.engine] INFO: Closing spider (finished)
2020-01-12 08:41:22 [scrapy.statscollectors] INFO: Dumping Scrapy stats:
{'downloader/request_bytes': 1495,
 'downloader/request_count': 1,
 'downloader/request_method_count/GET': 1,
 'downloader/response_bytes': 8252,
 'downloader/response_count': 1,
 'downloader/response_status_count/200': 1,
 'elapsed_time_seconds': 4.252213,
 'finish_reason': 'finished',
 'finish_time': datetime.datetime(2020, 1, 12, 0, 41, 22, 610500),
 'log_count/DEBUG': 2,
 'log_count/INFO': 10,
 'log_count/WARNING': 2,
 'memusage/max': 190648320,
 'memusage/startup': 190648320,
 'response_received_count': 1,
 'scheduler/dequeued': 1,
 'scheduler/dequeued/memory': 1,
 'scheduler/enqueued': 1,
 'scheduler/enqueued/memory': 1,
 'start_time': datetime.datetime(2020, 1, 12, 0, 41, 18, 358287)}
2020-01-12 08:41:22 [scrapy.core.engine] INFO: Spider closed (finished)
2020-01-12 08:41:22 [scrapy.middleware] INFO: Enabled downloader middlewares:
['scrapy.downloadermiddlewares.httpauth.HttpAuthMiddleware',
 'scrapy.downloadermiddlewares.downloadtimeout.DownloadTimeoutMiddleware',
 'scrapy.downloadermiddlewares.defaultheaders.DefaultHeadersMiddleware',
 'scrapy.downloadermiddlewares.useragent.UserAgentMiddleware',
 'qdReader.middlewares.ProxyMiddleware',
 'scrapy.downloadermiddlewares.retry.RetryMiddleware',
 'scrapy.downloadermiddlewares.redirect.MetaRefreshMiddleware',
 'scrapy.downloadermiddlewares.httpcompression.HttpCompressionMiddleware',
 'scrapy.downloadermiddlewares.redirect.RedirectMiddleware',
 'scrapy.downloadermiddlewares.cookies.CookiesMiddleware',
 'scrapy.downloadermiddlewares.httpproxy.HttpProxyMiddleware',
 'scrapy.downloadermiddlewares.stats.DownloaderStats']
2020-01-12 08:41:22 [scrapy.middleware] INFO: Enabled spider middlewares:
['scrapy.spidermiddlewares.httperror.HttpErrorMiddleware',
 'scrapy.spidermiddlewares.offsite.OffsiteMiddleware',
 'scrapy.spidermiddlewares.referer.RefererMiddleware',
 'scrapy.spidermiddlewares.urllength.UrlLengthMiddleware',
 'scrapy.spidermiddlewares.depth.DepthMiddleware']
2020-01-12 08:41:23 [scrapy.middleware] INFO: Enabled item pipelines:
['qdReader.pipelines.SquareHongbaoPipeline']
2020-01-12 08:41:23 [scrapy.core.engine] INFO: Spider opened
2020-01-12 08:41:23 [py.warnings] WARNING: /home/xjg/.local/lib/python3.7/site-packages/scrapy/core/scheduler.py:63: ScrapyDeprecationWarning: SCHEDULER_PRIORITY_QUEUE='queuelib.PriorityQueue' is no longer supported because of API changes; please use 'scrapy.pqueues.ScrapyPriorityQueue'
  ScrapyDeprecationWarning)

2020-01-12 08:41:23 [py.warnings] WARNING: /home/xjg/.local/lib/python3.7/site-packages/pymysql/cursors.py:170: Warning: (1050, "Table 'hongbaos' already exists")
  result = self._query(query)

2020-01-12 08:41:23 [scrapy.extensions.logstats] INFO: Crawled 0 pages (at 0 pages/min), scraped 0 items (at 0 items/min)
2020-01-12 08:41:23 [scrapy.extensions.telnet] INFO: Telnet console listening on 127.0.0.1:6023
2020-01-12 08:41:26 [scrapy.utils.log] INFO: Scrapy 1.8.0 started (bot: qdReader)
2020-01-12 08:41:26 [scrapy.utils.log] INFO: Versions: lxml 4.3.3.0, libxml2 2.9.4, cssselect 1.1.0, parsel 1.5.2, w3lib 1.21.0, Twisted 19.10.0, Python 3.7.3 (default, Oct  7 2019, 12:56:13) - [GCC 8.3.0], pyOpenSSL 19.1.0 (OpenSSL 1.1.1b  26 Feb 2019), cryptography 2.3, Platform Linux-5.0.0-38-generic-x86_64-with-Ubuntu-19.04-disco
2020-01-12 08:41:26 [scrapy.crawler] INFO: Overridden settings: {'BOT_NAME': 'qdReader', 'CONCURRENT_REQUESTS_PER_DOMAIN': 16, 'CONCURRENT_REQUESTS_PER_IP': 16, 'COOKIES_DEBUG': True, 'LOG_FILE': 'logs/scrapy_spider_3.log', 'NEWSPIDER_MODULE': 'qdReader.spiders', 'SCHEDULER_DISK_QUEUE': 'scrapy.squeues.PickleFifoDiskQueue', 'SCHEDULER_MEMORY_QUEUE': 'scrapy.squeues.FifoMemoryQueue', 'SCHEDULER_PRIORITY_QUEUE': 'queuelib.PriorityQueue', 'SPIDER_MODULES': ['qdReader.spiders']}
2020-01-12 08:41:26 [scrapy.extensions.telnet] INFO: Telnet Password: 0f0f2110b71834cf
2020-01-12 08:41:26 [scrapy.middleware] INFO: Enabled extensions:
['scrapy.extensions.corestats.CoreStats',
 'scrapy.extensions.telnet.TelnetConsole',
 'scrapy.extensions.memusage.MemoryUsage',
 'scrapy.extensions.logstats.LogStats']
2020-01-12 08:41:27 [scrapy.middleware] INFO: Enabled downloader middlewares:
['scrapy.downloadermiddlewares.httpauth.HttpAuthMiddleware',
 'scrapy.downloadermiddlewares.downloadtimeout.DownloadTimeoutMiddleware',
 'scrapy.downloadermiddlewares.defaultheaders.DefaultHeadersMiddleware',
 'scrapy.downloadermiddlewares.useragent.UserAgentMiddleware',
 'qdReader.middlewares.ProxyMiddleware',
 'scrapy.downloadermiddlewares.retry.RetryMiddleware',
 'scrapy.downloadermiddlewares.redirect.MetaRefreshMiddleware',
 'scrapy.downloadermiddlewares.httpcompression.HttpCompressionMiddleware',
 'scrapy.downloadermiddlewares.redirect.RedirectMiddleware',
 'scrapy.downloadermiddlewares.cookies.CookiesMiddleware',
 'scrapy.downloadermiddlewares.httpproxy.HttpProxyMiddleware',
 'scrapy.downloadermiddlewares.stats.DownloaderStats']
2020-01-12 08:41:27 [scrapy.middleware] INFO: Enabled spider middlewares:
['scrapy.spidermiddlewares.httperror.HttpErrorMiddleware',
 'scrapy.spidermiddlewares.offsite.OffsiteMiddleware',
 'scrapy.spidermiddlewares.referer.RefererMiddleware',
 'scrapy.spidermiddlewares.urllength.UrlLengthMiddleware',
 'scrapy.spidermiddlewares.depth.DepthMiddleware']
2020-01-12 08:41:28 [scrapy.middleware] INFO: Enabled item pipelines:
['qdReader.pipelines.SquareHongbaoPipeline']
2020-01-12 08:41:28 [scrapy.core.engine] INFO: Spider opened
2020-01-12 08:41:28 [py.warnings] WARNING: /home/xjg/.local/lib/python3.7/site-packages/scrapy/core/scheduler.py:63: ScrapyDeprecationWarning: SCHEDULER_PRIORITY_QUEUE='queuelib.PriorityQueue' is no longer supported because of API changes; please use 'scrapy.pqueues.ScrapyPriorityQueue'
  ScrapyDeprecationWarning)

2020-01-12 08:41:28 [py.warnings] WARNING: /home/xjg/.local/lib/python3.7/site-packages/pymysql/cursors.py:170: Warning: (1050, "Table 'hongbaos' already exists")
  result = self._query(query)

2020-01-12 08:41:28 [scrapy.extensions.logstats] INFO: Crawled 0 pages (at 0 pages/min), scraped 0 items (at 0 items/min)
2020-01-12 08:41:28 [scrapy.extensions.telnet] INFO: Telnet console listening on 127.0.0.1:6026
2020-01-12 08:41:28 [scrapy.downloadermiddlewares.cookies] DEBUG: Sending cookies to: <GET https://druid.if.qidian.com/Atom.axd/Api/HongBao/GetSquare?pn=1&pz=20&lastHongbaoId=0>
Cookie: ywkey=ywU2vsg9bL87; ywguid=800005880124; appId=12; areaId=30; lang=cn; mode=normal; bar=72; qimei=866174010680719; loginType=4; lgk=1; QDInfo=7RNRLX6Ck3KY5aWgMB84vrDdhMzPrkpyDrEIbrK0xJ397r2LvU5C5GT/C+ZfDcXIJ31Wvz7+FUbq8Zq3x19Zb1bGTyTu9PdALkTI9pqfeKww7aaaXneUlIDU3up7Q7T25RKWdKOAZ0voXXVmJRLnwB3PquJFbjpK; cmfuToken=N((a0tJD3qrhLwUlsfEdzYe8BGppxeaTlihPKPLV5s7gABtAYNbjA3TI3c-3WZZLKJcPHEH4_PX120g9QhXRkQbnStZbjyt6XzqgpXTaL8qIQJLGPxEGjQna3QMz-Rb0BQIrDa-U4s1XaEFjFsWlrO_KlhZtaCX1l8trfyz4UHh4TlxYddDEYeLjxMXoMfHyrIzQhNU1hr0E2h6GFWffUyyQomTr7d3Sgm-FVUd2JdBqVXHagoI3ps1_BxgXfZakGmg0; usertoken=5880124

2020-01-12 08:41:29 [scrapy.core.engine] DEBUG: Crawled (200) <GET https://druid.if.qidian.com/Atom.axd/Api/HongBao/GetSquare?pn=1&pz=20&lastHongbaoId=0> (referer: None)
2020-01-12 08:41:29 [scrapy.core.engine] INFO: Closing spider (finished)
2020-01-12 08:41:29 [scrapy.statscollectors] INFO: Dumping Scrapy stats:
{'downloader/request_bytes': 1495,
 'downloader/request_count': 1,
 'downloader/request_method_count/GET': 1,
 'downloader/response_bytes': 9320,
 'downloader/response_count': 1,
 'downloader/response_status_count/200': 1,
 'elapsed_time_seconds': 6.065691,
 'finish_reason': 'finished',
 'finish_time': datetime.datetime(2020, 1, 12, 0, 41, 29, 265049),
 'log_count/DEBUG': 2,
 'log_count/INFO': 10,
 'log_count/WARNING': 2,
 'memusage/max': 190586880,
 'memusage/startup': 190586880,
 'response_received_count': 1,
 'scheduler/dequeued': 1,
 'scheduler/dequeued/memory': 1,
 'scheduler/enqueued': 1,
 'scheduler/enqueued/memory': 1,
 'start_time': datetime.datetime(2020, 1, 12, 0, 41, 23, 199358)}
2020-01-12 08:41:29 [scrapy.core.engine] INFO: Spider closed (finished)
2020-01-12 08:41:31 [scrapy.utils.log] INFO: Scrapy 1.8.0 started (bot: qdReader)
2020-01-12 08:41:31 [scrapy.utils.log] INFO: Versions: lxml 4.3.3.0, libxml2 2.9.4, cssselect 1.1.0, parsel 1.5.2, w3lib 1.21.0, Twisted 19.10.0, Python 3.7.3 (default, Oct  7 2019, 12:56:13) - [GCC 8.3.0], pyOpenSSL 19.1.0 (OpenSSL 1.1.1b  26 Feb 2019), cryptography 2.3, Platform Linux-5.0.0-38-generic-x86_64-with-Ubuntu-19.04-disco
2020-01-12 08:41:31 [scrapy.crawler] INFO: Overridden settings: {'BOT_NAME': 'qdReader', 'CONCURRENT_REQUESTS_PER_DOMAIN': 16, 'CONCURRENT_REQUESTS_PER_IP': 16, 'COOKIES_DEBUG': True, 'LOG_FILE': 'logs/scrapy_spider_3.log', 'NEWSPIDER_MODULE': 'qdReader.spiders', 'SCHEDULER_DISK_QUEUE': 'scrapy.squeues.PickleFifoDiskQueue', 'SCHEDULER_MEMORY_QUEUE': 'scrapy.squeues.FifoMemoryQueue', 'SCHEDULER_PRIORITY_QUEUE': 'queuelib.PriorityQueue', 'SPIDER_MODULES': ['qdReader.spiders']}
2020-01-12 08:41:32 [scrapy.extensions.telnet] INFO: Telnet Password: 4e4158e5730d3440
2020-01-12 08:41:32 [scrapy.middleware] INFO: Enabled extensions:
['scrapy.extensions.corestats.CoreStats',
 'scrapy.extensions.telnet.TelnetConsole',
 'scrapy.extensions.memusage.MemoryUsage',
 'scrapy.extensions.logstats.LogStats']
2020-01-12 08:41:33 [scrapy.middleware] INFO: Enabled downloader middlewares:
['scrapy.downloadermiddlewares.httpauth.HttpAuthMiddleware',
 'scrapy.downloadermiddlewares.downloadtimeout.DownloadTimeoutMiddleware',
 'scrapy.downloadermiddlewares.defaultheaders.DefaultHeadersMiddleware',
 'scrapy.downloadermiddlewares.useragent.UserAgentMiddleware',
 'qdReader.middlewares.ProxyMiddleware',
 'scrapy.downloadermiddlewares.retry.RetryMiddleware',
 'scrapy.downloadermiddlewares.redirect.MetaRefreshMiddleware',
 'scrapy.downloadermiddlewares.httpcompression.HttpCompressionMiddleware',
 'scrapy.downloadermiddlewares.redirect.RedirectMiddleware',
 'scrapy.downloadermiddlewares.cookies.CookiesMiddleware',
 'scrapy.downloadermiddlewares.httpproxy.HttpProxyMiddleware',
 'scrapy.downloadermiddlewares.stats.DownloaderStats']
2020-01-12 08:41:33 [scrapy.middleware] INFO: Enabled spider middlewares:
['scrapy.spidermiddlewares.httperror.HttpErrorMiddleware',
 'scrapy.spidermiddlewares.offsite.OffsiteMiddleware',
 'scrapy.spidermiddlewares.referer.RefererMiddleware',
 'scrapy.spidermiddlewares.urllength.UrlLengthMiddleware',
 'scrapy.spidermiddlewares.depth.DepthMiddleware']
2020-01-12 08:41:33 [scrapy.middleware] INFO: Enabled item pipelines:
['qdReader.pipelines.SquareHongbaoPipeline']
2020-01-12 08:41:33 [scrapy.core.engine] INFO: Spider opened
2020-01-12 08:41:33 [py.warnings] WARNING: /home/xjg/.local/lib/python3.7/site-packages/scrapy/core/scheduler.py:63: ScrapyDeprecationWarning: SCHEDULER_PRIORITY_QUEUE='queuelib.PriorityQueue' is no longer supported because of API changes; please use 'scrapy.pqueues.ScrapyPriorityQueue'
  ScrapyDeprecationWarning)

2020-01-12 08:41:33 [py.warnings] WARNING: /home/xjg/.local/lib/python3.7/site-packages/pymysql/cursors.py:170: Warning: (1050, "Table 'hongbaos' already exists")
  result = self._query(query)

2020-01-12 08:41:34 [scrapy.extensions.logstats] INFO: Crawled 0 pages (at 0 pages/min), scraped 0 items (at 0 items/min)
2020-01-12 08:41:34 [scrapy.extensions.telnet] INFO: Telnet console listening on 127.0.0.1:6027
2020-01-12 08:41:34 [scrapy.downloadermiddlewares.cookies] DEBUG: Sending cookies to: <GET https://druid.if.qidian.com/Atom.axd/Api/HongBao/GetSquare?pn=1&pz=20&lastHongbaoId=0>
Cookie: ywkey=ywU2vsg9bL87; ywguid=800005880124; appId=12; areaId=30; lang=cn; mode=normal; bar=72; qimei=866174010680719; loginType=4; lgk=1; QDInfo=7RNRLX6Ck3KY5aWgMB84vrDdhMzPrkpyDrEIbrK0xJ397r2LvU5C5GT/C+ZfDcXIJ31Wvz7+FUbq8Zq3x19Zb1bGTyTu9PdALkTI9pqfeKww7aaaXneUlC4XFVqI8ZEA4OavV6HPynUdtCo17ePafiUyI6r/1GgY; cmfuToken=N((a0tJD3qrhLwUlsfEdzYe8BGppxeaTlihPKPLV5s7gABtAYNbjA3TI3c-3WZZLKJcPHEH4_PX120g9QhXRkQbnStZbjyt6XzqgpXTaL8qIQJLGPxEGjQna3QMz-Rb0BQIrDa-U4s1XaEFjFsWlrO_KlhZtaCX1l8trfyz4UHh4TlxYddDEYeLjxMXoMfHyrIzQhNU1hr0E2h6GFWffUyyQomTr7d3Sgm-FVUd2JdBqVXHagoI3ps1_BxgXfZakGmg0; usertoken=5880124

2020-01-12 08:41:35 [scrapy.core.engine] DEBUG: Crawled (200) <GET https://druid.if.qidian.com/Atom.axd/Api/HongBao/GetSquare?pn=1&pz=20&lastHongbaoId=0> (referer: None)
2020-01-12 08:41:35 [scrapy.core.engine] INFO: Closing spider (finished)
2020-01-12 08:41:35 [scrapy.statscollectors] INFO: Dumping Scrapy stats:
{'downloader/request_bytes': 1495,
 'downloader/request_count': 1,
 'downloader/request_method_count/GET': 1,
 'downloader/response_bytes': 8252,
 'downloader/response_count': 1,
 'downloader/response_status_count/200': 1,
 'elapsed_time_seconds': 7.406674,
 'finish_reason': 'finished',
 'finish_time': datetime.datetime(2020, 1, 12, 0, 41, 35, 618315),
 'log_count/DEBUG': 2,
 'log_count/INFO': 10,
 'log_count/WARNING': 2,
 'memusage/max': 189747200,
 'memusage/startup': 189747200,
 'response_received_count': 1,
 'scheduler/dequeued': 1,
 'scheduler/dequeued/memory': 1,
 'scheduler/enqueued': 1,
 'scheduler/enqueued/memory': 1,
 'start_time': datetime.datetime(2020, 1, 12, 0, 41, 28, 211641)}
2020-01-12 08:41:35 [scrapy.core.engine] INFO: Spider closed (finished)
2020-01-12 08:41:35 [scrapy.utils.log] INFO: Scrapy 1.8.0 started (bot: qdReader)
2020-01-12 08:41:36 [scrapy.utils.log] INFO: Versions: lxml 4.3.3.0, libxml2 2.9.4, cssselect 1.1.0, parsel 1.5.2, w3lib 1.21.0, Twisted 19.10.0, Python 3.7.3 (default, Oct  7 2019, 12:56:13) - [GCC 8.3.0], pyOpenSSL 19.1.0 (OpenSSL 1.1.1b  26 Feb 2019), cryptography 2.3, Platform Linux-5.0.0-38-generic-x86_64-with-Ubuntu-19.04-disco
2020-01-12 08:41:36 [scrapy.crawler] INFO: Overridden settings: {'BOT_NAME': 'qdReader', 'CONCURRENT_REQUESTS_PER_DOMAIN': 16, 'CONCURRENT_REQUESTS_PER_IP': 16, 'COOKIES_DEBUG': True, 'LOG_FILE': 'logs/scrapy_spider_3.log', 'NEWSPIDER_MODULE': 'qdReader.spiders', 'SCHEDULER_DISK_QUEUE': 'scrapy.squeues.PickleFifoDiskQueue', 'SCHEDULER_MEMORY_QUEUE': 'scrapy.squeues.FifoMemoryQueue', 'SCHEDULER_PRIORITY_QUEUE': 'queuelib.PriorityQueue', 'SPIDER_MODULES': ['qdReader.spiders']}
2020-01-12 08:41:36 [scrapy.extensions.telnet] INFO: Telnet Password: 9fe984c62c911253
2020-01-12 08:41:37 [scrapy.middleware] INFO: Enabled extensions:
['scrapy.extensions.corestats.CoreStats',
 'scrapy.extensions.telnet.TelnetConsole',
 'scrapy.extensions.memusage.MemoryUsage',
 'scrapy.extensions.logstats.LogStats']
2020-01-12 08:41:38 [scrapy.middleware] INFO: Enabled downloader middlewares:
['scrapy.downloadermiddlewares.httpauth.HttpAuthMiddleware',
 'scrapy.downloadermiddlewares.downloadtimeout.DownloadTimeoutMiddleware',
 'scrapy.downloadermiddlewares.defaultheaders.DefaultHeadersMiddleware',
 'scrapy.downloadermiddlewares.useragent.UserAgentMiddleware',
 'qdReader.middlewares.ProxyMiddleware',
 'scrapy.downloadermiddlewares.retry.RetryMiddleware',
 'scrapy.downloadermiddlewares.redirect.MetaRefreshMiddleware',
 'scrapy.downloadermiddlewares.httpcompression.HttpCompressionMiddleware',
 'scrapy.downloadermiddlewares.redirect.RedirectMiddleware',
 'scrapy.downloadermiddlewares.cookies.CookiesMiddleware',
 'scrapy.downloadermiddlewares.httpproxy.HttpProxyMiddleware',
 'scrapy.downloadermiddlewares.stats.DownloaderStats']
2020-01-12 08:41:38 [scrapy.middleware] INFO: Enabled spider middlewares:
['scrapy.spidermiddlewares.httperror.HttpErrorMiddleware',
 'scrapy.spidermiddlewares.offsite.OffsiteMiddleware',
 'scrapy.spidermiddlewares.referer.RefererMiddleware',
 'scrapy.spidermiddlewares.urllength.UrlLengthMiddleware',
 'scrapy.spidermiddlewares.depth.DepthMiddleware']
2020-01-12 08:41:38 [scrapy.middleware] INFO: Enabled item pipelines:
['qdReader.pipelines.SquareHongbaoPipeline']
2020-01-12 08:41:38 [scrapy.core.engine] INFO: Spider opened
2020-01-12 08:41:38 [py.warnings] WARNING: /home/xjg/.local/lib/python3.7/site-packages/scrapy/core/scheduler.py:63: ScrapyDeprecationWarning: SCHEDULER_PRIORITY_QUEUE='queuelib.PriorityQueue' is no longer supported because of API changes; please use 'scrapy.pqueues.ScrapyPriorityQueue'
  ScrapyDeprecationWarning)

2020-01-12 08:41:38 [py.warnings] WARNING: /home/xjg/.local/lib/python3.7/site-packages/pymysql/cursors.py:170: Warning: (1050, "Table 'hongbaos' already exists")
  result = self._query(query)

2020-01-12 08:41:38 [scrapy.extensions.logstats] INFO: Crawled 0 pages (at 0 pages/min), scraped 0 items (at 0 items/min)
2020-01-12 08:41:38 [scrapy.extensions.telnet] INFO: Telnet console listening on 127.0.0.1:6029
2020-01-12 08:41:43 [scrapy.downloadermiddlewares.cookies] DEBUG: Sending cookies to: <GET https://druid.if.qidian.com/Atom.axd/Api/HongBao/GetSquare?pn=1&pz=20&lastHongbaoId=0>
Cookie: ywkey=ywU2vsg9bL87; ywguid=800005880124; appId=12; areaId=30; lang=cn; mode=normal; bar=72; qimei=866174010680719; loginType=4; lgk=1; QDInfo=7RNRLX6Ck3KY5aWgMB84vrDdhMzPrkpyDrEIbrK0xJ397r2LvU5C5GT/C+ZfDcXIJ31Wvz7+FUbq8Zq3x19Zb1bGTyTu9PdALkTI9pqfeKww7aaaXneUlIJ5wk6goSdwpJveqLvDc1J4g7Q9vkwR+rG58Q0DbjLH; cmfuToken=N((a0tJD3qrhLwUlsfEdzYe8BGppxeaTlihPKPLV5s7gABtAYNbjA3TI3c-3WZZLKJcPHEH4_PX120g9QhXRkQbnStZbjyt6XzqgpXTaL8qIQJLGPxEGjQna3QMz-Rb0BQIrDa-U4s1XaEFjFsWlrO_KlhZtaCX1l8trfyz4UHh4TlxYddDEYeLjxMXoMfHyrIzQhNU1hr0E2h6GFWffUyyQomTr7d3Sgm-FVUd2JdBqVXHagoI3ps1_BxgXfZakGmg0; usertoken=5880124

2020-01-12 08:41:43 [scrapy.utils.log] INFO: Scrapy 1.8.0 started (bot: qdReader)
2020-01-12 08:41:43 [scrapy.utils.log] INFO: Versions: lxml 4.3.3.0, libxml2 2.9.4, cssselect 1.1.0, parsel 1.5.2, w3lib 1.21.0, Twisted 19.10.0, Python 3.7.3 (default, Oct  7 2019, 12:56:13) - [GCC 8.3.0], pyOpenSSL 19.1.0 (OpenSSL 1.1.1b  26 Feb 2019), cryptography 2.3, Platform Linux-5.0.0-38-generic-x86_64-with-Ubuntu-19.04-disco
2020-01-12 08:41:43 [scrapy.crawler] INFO: Overridden settings: {'BOT_NAME': 'qdReader', 'CONCURRENT_REQUESTS_PER_DOMAIN': 16, 'CONCURRENT_REQUESTS_PER_IP': 16, 'COOKIES_DEBUG': True, 'LOG_FILE': 'logs/scrapy_spider_3.log', 'NEWSPIDER_MODULE': 'qdReader.spiders', 'SCHEDULER_DISK_QUEUE': 'scrapy.squeues.PickleFifoDiskQueue', 'SCHEDULER_MEMORY_QUEUE': 'scrapy.squeues.FifoMemoryQueue', 'SCHEDULER_PRIORITY_QUEUE': 'queuelib.PriorityQueue', 'SPIDER_MODULES': ['qdReader.spiders']}
2020-01-12 08:41:44 [scrapy.extensions.telnet] INFO: Telnet Password: 1912744d8a5b78a6
2020-01-12 08:41:44 [scrapy.core.engine] DEBUG: Crawled (200) <GET https://druid.if.qidian.com/Atom.axd/Api/HongBao/GetSquare?pn=1&pz=20&lastHongbaoId=0> (referer: None)
2020-01-12 08:41:45 [scrapy.core.engine] INFO: Closing spider (finished)
2020-01-12 08:41:45 [scrapy.middleware] INFO: Enabled extensions:
['scrapy.extensions.corestats.CoreStats',
 'scrapy.extensions.telnet.TelnetConsole',
 'scrapy.extensions.memusage.MemoryUsage',
 'scrapy.extensions.logstats.LogStats']
2020-01-12 08:41:45 [scrapy.statscollectors] INFO: Dumping Scrapy stats:
{'downloader/request_bytes': 1495,
 'downloader/request_count': 1,
 'downloader/request_method_count/GET': 1,
 'downloader/response_bytes': 9316,
 'downloader/response_count': 1,
 'downloader/response_status_count/200': 1,
 'elapsed_time_seconds': 11.291489,
 'finish_reason': 'finished',
 'finish_time': datetime.datetime(2020, 1, 12, 0, 41, 45, 305845),
 'log_count/DEBUG': 2,
 'log_count/INFO': 10,
 'log_count/WARNING': 2,
 'memusage/max': 189718528,
 'memusage/startup': 189718528,
 'response_received_count': 1,
 'scheduler/dequeued': 1,
 'scheduler/dequeued/memory': 1,
 'scheduler/enqueued': 1,
 'scheduler/enqueued/memory': 1,
 'start_time': datetime.datetime(2020, 1, 12, 0, 41, 34, 14356)}
2020-01-12 08:41:45 [scrapy.core.engine] INFO: Spider closed (finished)
2020-01-12 08:41:46 [scrapy.middleware] INFO: Enabled downloader middlewares:
['scrapy.downloadermiddlewares.httpauth.HttpAuthMiddleware',
 'scrapy.downloadermiddlewares.downloadtimeout.DownloadTimeoutMiddleware',
 'scrapy.downloadermiddlewares.defaultheaders.DefaultHeadersMiddleware',
 'scrapy.downloadermiddlewares.useragent.UserAgentMiddleware',
 'qdReader.middlewares.ProxyMiddleware',
 'scrapy.downloadermiddlewares.retry.RetryMiddleware',
 'scrapy.downloadermiddlewares.redirect.MetaRefreshMiddleware',
 'scrapy.downloadermiddlewares.httpcompression.HttpCompressionMiddleware',
 'scrapy.downloadermiddlewares.redirect.RedirectMiddleware',
 'scrapy.downloadermiddlewares.cookies.CookiesMiddleware',
 'scrapy.downloadermiddlewares.httpproxy.HttpProxyMiddleware',
 'scrapy.downloadermiddlewares.stats.DownloaderStats']
2020-01-12 08:41:47 [scrapy.middleware] INFO: Enabled spider middlewares:
['scrapy.spidermiddlewares.httperror.HttpErrorMiddleware',
 'scrapy.spidermiddlewares.offsite.OffsiteMiddleware',
 'scrapy.spidermiddlewares.referer.RefererMiddleware',
 'scrapy.spidermiddlewares.urllength.UrlLengthMiddleware',
 'scrapy.spidermiddlewares.depth.DepthMiddleware']
2020-01-12 08:41:47 [scrapy.middleware] INFO: Enabled item pipelines:
['qdReader.pipelines.SquareHongbaoPipeline']
2020-01-12 08:41:47 [scrapy.core.engine] INFO: Spider opened
2020-01-12 08:41:47 [py.warnings] WARNING: /home/xjg/.local/lib/python3.7/site-packages/scrapy/core/scheduler.py:63: ScrapyDeprecationWarning: SCHEDULER_PRIORITY_QUEUE='queuelib.PriorityQueue' is no longer supported because of API changes; please use 'scrapy.pqueues.ScrapyPriorityQueue'
  ScrapyDeprecationWarning)

2020-01-12 08:41:47 [py.warnings] WARNING: /home/xjg/.local/lib/python3.7/site-packages/pymysql/cursors.py:170: Warning: (1050, "Table 'hongbaos' already exists")
  result = self._query(query)

2020-01-12 08:41:47 [scrapy.extensions.logstats] INFO: Crawled 0 pages (at 0 pages/min), scraped 0 items (at 0 items/min)
2020-01-12 08:41:47 [scrapy.extensions.telnet] INFO: Telnet console listening on 127.0.0.1:6030
2020-01-12 08:41:47 [scrapy.utils.log] INFO: Scrapy 1.8.0 started (bot: qdReader)
2020-01-12 08:41:47 [scrapy.utils.log] INFO: Versions: lxml 4.3.3.0, libxml2 2.9.4, cssselect 1.1.0, parsel 1.5.2, w3lib 1.21.0, Twisted 19.10.0, Python 3.7.3 (default, Oct  7 2019, 12:56:13) - [GCC 8.3.0], pyOpenSSL 19.1.0 (OpenSSL 1.1.1b  26 Feb 2019), cryptography 2.3, Platform Linux-5.0.0-38-generic-x86_64-with-Ubuntu-19.04-disco
2020-01-12 08:41:47 [scrapy.crawler] INFO: Overridden settings: {'BOT_NAME': 'qdReader', 'CONCURRENT_REQUESTS_PER_DOMAIN': 16, 'CONCURRENT_REQUESTS_PER_IP': 16, 'COOKIES_DEBUG': True, 'LOG_FILE': 'logs/scrapy_spider_3.log', 'NEWSPIDER_MODULE': 'qdReader.spiders', 'SCHEDULER_DISK_QUEUE': 'scrapy.squeues.PickleFifoDiskQueue', 'SCHEDULER_MEMORY_QUEUE': 'scrapy.squeues.FifoMemoryQueue', 'SCHEDULER_PRIORITY_QUEUE': 'queuelib.PriorityQueue', 'SPIDER_MODULES': ['qdReader.spiders']}
2020-01-12 08:41:48 [scrapy.extensions.telnet] INFO: Telnet Password: 3cb76da1edff98cf
2020-01-12 08:41:48 [scrapy.middleware] INFO: Enabled extensions:
['scrapy.extensions.corestats.CoreStats',
 'scrapy.extensions.telnet.TelnetConsole',
 'scrapy.extensions.memusage.MemoryUsage',
 'scrapy.extensions.logstats.LogStats']
2020-01-12 08:41:50 [scrapy.downloadermiddlewares.cookies] DEBUG: Sending cookies to: <GET https://druid.if.qidian.com/Atom.axd/Api/HongBao/GetSquare?pn=1&pz=20&lastHongbaoId=0>
Cookie: ywkey=ywU2vsg9bL87; ywguid=800005880124; appId=12; areaId=30; lang=cn; mode=normal; bar=72; qimei=866174010680719; loginType=4; lgk=1; QDInfo=7RNRLX6Ck3KY5aWgMB84vrDdhMzPrkpyDrEIbrK0xJ397r2LvU5C5GT/C+ZfDcXIJ31Wvz7+FUbq8Zq3x19Zb1bGTyTu9PdALkTI9pqfeKww7aaaXneUlJUMpWZA1+KhkIZkdcebAMlQsKg3tGfLHLwpwMSrRqyB; cmfuToken=N((a0tJD3qrhLwUlsfEdzYe8BGppxeaTlihPKPLV5s7gABtAYNbjA3TI3c-3WZZLKJcPHEH4_PX120g9QhXRkQbnStZbjyt6XzqgpXTaL8qIQJLGPxEGjQna3QMz-Rb0BQIrDa-U4s1XaEFjFsWlrO_KlhZtaCX1l8trfyz4UHh4TlxYddDEYeLjxMXoMfHyrIzQhNU1hr0E2h6GFWffUyyQomTr7d3Sgm-FVUd2JdBqVXHagoI3ps1_BxgXfZakGmg0; usertoken=5880124

2020-01-12 08:41:51 [scrapy.middleware] INFO: Enabled downloader middlewares:
['scrapy.downloadermiddlewares.httpauth.HttpAuthMiddleware',
 'scrapy.downloadermiddlewares.downloadtimeout.DownloadTimeoutMiddleware',
 'scrapy.downloadermiddlewares.defaultheaders.DefaultHeadersMiddleware',
 'scrapy.downloadermiddlewares.useragent.UserAgentMiddleware',
 'qdReader.middlewares.ProxyMiddleware',
 'scrapy.downloadermiddlewares.retry.RetryMiddleware',
 'scrapy.downloadermiddlewares.redirect.MetaRefreshMiddleware',
 'scrapy.downloadermiddlewares.httpcompression.HttpCompressionMiddleware',
 'scrapy.downloadermiddlewares.redirect.RedirectMiddleware',
 'scrapy.downloadermiddlewares.cookies.CookiesMiddleware',
 'scrapy.downloadermiddlewares.httpproxy.HttpProxyMiddleware',
 'scrapy.downloadermiddlewares.stats.DownloaderStats']
2020-01-12 08:41:51 [scrapy.middleware] INFO: Enabled spider middlewares:
['scrapy.spidermiddlewares.httperror.HttpErrorMiddleware',
 'scrapy.spidermiddlewares.offsite.OffsiteMiddleware',
 'scrapy.spidermiddlewares.referer.RefererMiddleware',
 'scrapy.spidermiddlewares.urllength.UrlLengthMiddleware',
 'scrapy.spidermiddlewares.depth.DepthMiddleware']
2020-01-12 08:41:53 [scrapy.middleware] INFO: Enabled item pipelines:
['qdReader.pipelines.SquareHongbaoPipeline']
2020-01-12 08:41:53 [scrapy.core.engine] INFO: Spider opened
2020-01-12 08:41:53 [py.warnings] WARNING: /home/xjg/.local/lib/python3.7/site-packages/scrapy/core/scheduler.py:63: ScrapyDeprecationWarning: SCHEDULER_PRIORITY_QUEUE='queuelib.PriorityQueue' is no longer supported because of API changes; please use 'scrapy.pqueues.ScrapyPriorityQueue'
  ScrapyDeprecationWarning)

2020-01-12 08:41:53 [scrapy.core.engine] DEBUG: Crawled (200) <GET https://druid.if.qidian.com/Atom.axd/Api/HongBao/GetSquare?pn=1&pz=20&lastHongbaoId=0> (referer: None)
2020-01-12 08:41:54 [py.warnings] WARNING: /home/xjg/.local/lib/python3.7/site-packages/pymysql/cursors.py:170: Warning: (1050, "Table 'hongbaos' already exists")
  result = self._query(query)

2020-01-12 08:41:54 [scrapy.extensions.logstats] INFO: Crawled 0 pages (at 0 pages/min), scraped 0 items (at 0 items/min)
2020-01-12 08:41:54 [scrapy.extensions.telnet] INFO: Telnet console listening on 127.0.0.1:6034
2020-01-12 08:41:54 [scrapy.core.engine] INFO: Closing spider (finished)
2020-01-12 08:41:55 [scrapy.statscollectors] INFO: Dumping Scrapy stats:
{'downloader/request_bytes': 1495,
 'downloader/request_count': 1,
 'downloader/request_method_count/GET': 1,
 'downloader/response_bytes': 8252,
 'downloader/response_count': 1,
 'downloader/response_status_count/200': 1,
 'elapsed_time_seconds': 15.84837,
 'finish_reason': 'finished',
 'finish_time': datetime.datetime(2020, 1, 12, 0, 41, 54, 838831),
 'log_count/DEBUG': 2,
 'log_count/INFO': 10,
 'log_count/WARNING': 2,
 'memusage/max': 188035072,
 'memusage/startup': 188035072,
 'response_received_count': 1,
 'scheduler/dequeued': 1,
 'scheduler/dequeued/memory': 1,
 'scheduler/enqueued': 1,
 'scheduler/enqueued/memory': 1,
 'start_time': datetime.datetime(2020, 1, 12, 0, 41, 38, 990461)}
2020-01-12 08:41:55 [scrapy.core.engine] INFO: Spider closed (finished)
2020-01-12 08:42:03 [scrapy.utils.log] INFO: Scrapy 1.8.0 started (bot: qdReader)
2020-01-12 08:42:05 [scrapy.utils.log] INFO: Versions: lxml 4.3.3.0, libxml2 2.9.4, cssselect 1.1.0, parsel 1.5.2, w3lib 1.21.0, Twisted 19.10.0, Python 3.7.3 (default, Oct  7 2019, 12:56:13) - [GCC 8.3.0], pyOpenSSL 19.1.0 (OpenSSL 1.1.1b  26 Feb 2019), cryptography 2.3, Platform Linux-5.0.0-38-generic-x86_64-with-Ubuntu-19.04-disco
2020-01-12 08:42:07 [scrapy.crawler] INFO: Overridden settings: {'BOT_NAME': 'qdReader', 'CONCURRENT_REQUESTS_PER_DOMAIN': 16, 'CONCURRENT_REQUESTS_PER_IP': 16, 'COOKIES_DEBUG': True, 'LOG_FILE': 'logs/scrapy_spider_3.log', 'NEWSPIDER_MODULE': 'qdReader.spiders', 'SCHEDULER_DISK_QUEUE': 'scrapy.squeues.PickleFifoDiskQueue', 'SCHEDULER_MEMORY_QUEUE': 'scrapy.squeues.FifoMemoryQueue', 'SCHEDULER_PRIORITY_QUEUE': 'queuelib.PriorityQueue', 'SPIDER_MODULES': ['qdReader.spiders']}
2020-01-12 08:42:11 [scrapy.extensions.telnet] INFO: Telnet Password: 92ff622fd339b517
2020-01-12 08:42:16 [scrapy.middleware] INFO: Enabled extensions:
['scrapy.extensions.corestats.CoreStats',
 'scrapy.extensions.telnet.TelnetConsole',
 'scrapy.extensions.memusage.MemoryUsage',
 'scrapy.extensions.logstats.LogStats']
