2020-01-12 08:25:42 [scrapy.utils.log] INFO: Scrapy 1.8.0 started (bot: qdReader)
2020-01-12 08:25:42 [scrapy.utils.log] INFO: Versions: lxml 4.3.3.0, libxml2 2.9.4, cssselect 1.1.0, parsel 1.5.2, w3lib 1.21.0, Twisted 19.10.0, Python 3.7.3 (default, Oct  7 2019, 12:56:13) - [GCC 8.3.0], pyOpenSSL 19.1.0 (OpenSSL 1.1.1b  26 Feb 2019), cryptography 2.3, Platform Linux-5.0.0-38-generic-x86_64-with-Ubuntu-19.04-disco
2020-01-12 08:25:42 [scrapy.crawler] INFO: Overridden settings: {'BOT_NAME': 'qdReader', 'CONCURRENT_REQUESTS_PER_DOMAIN': 16, 'CONCURRENT_REQUESTS_PER_IP': 16, 'COOKIES_DEBUG': True, 'LOG_FILE': 'logs/scrapy_spider_4.log', 'NEWSPIDER_MODULE': 'qdReader.spiders', 'SCHEDULER_DISK_QUEUE': 'scrapy.squeues.PickleFifoDiskQueue', 'SCHEDULER_MEMORY_QUEUE': 'scrapy.squeues.FifoMemoryQueue', 'SCHEDULER_PRIORITY_QUEUE': 'queuelib.PriorityQueue', 'SPIDER_MODULES': ['qdReader.spiders']}
2020-01-12 08:25:42 [scrapy.extensions.telnet] INFO: Telnet Password: af9aaed4ab0764f0
2020-01-12 08:25:42 [scrapy.middleware] INFO: Enabled extensions:
['scrapy.extensions.corestats.CoreStats',
 'scrapy.extensions.telnet.TelnetConsole',
 'scrapy.extensions.memusage.MemoryUsage',
 'scrapy.extensions.logstats.LogStats']
2020-01-12 08:25:42 [scrapy.middleware] INFO: Enabled downloader middlewares:
['scrapy.downloadermiddlewares.httpauth.HttpAuthMiddleware',
 'scrapy.downloadermiddlewares.downloadtimeout.DownloadTimeoutMiddleware',
 'scrapy.downloadermiddlewares.defaultheaders.DefaultHeadersMiddleware',
 'scrapy.downloadermiddlewares.useragent.UserAgentMiddleware',
 'qdReader.middlewares.ProxyMiddleware',
 'scrapy.downloadermiddlewares.retry.RetryMiddleware',
 'scrapy.downloadermiddlewares.redirect.MetaRefreshMiddleware',
 'scrapy.downloadermiddlewares.httpcompression.HttpCompressionMiddleware',
 'scrapy.downloadermiddlewares.redirect.RedirectMiddleware',
 'scrapy.downloadermiddlewares.cookies.CookiesMiddleware',
 'scrapy.downloadermiddlewares.httpproxy.HttpProxyMiddleware',
 'scrapy.downloadermiddlewares.stats.DownloaderStats']
2020-01-12 08:25:42 [scrapy.middleware] INFO: Enabled spider middlewares:
['scrapy.spidermiddlewares.httperror.HttpErrorMiddleware',
 'scrapy.spidermiddlewares.offsite.OffsiteMiddleware',
 'scrapy.spidermiddlewares.referer.RefererMiddleware',
 'scrapy.spidermiddlewares.urllength.UrlLengthMiddleware',
 'scrapy.spidermiddlewares.depth.DepthMiddleware']
2020-01-12 08:25:42 [scrapy.middleware] INFO: Enabled item pipelines:
['qdReader.pipelines.SquareHongbaoPipeline']
2020-01-12 08:25:43 [scrapy.core.engine] INFO: Spider opened
2020-01-12 08:25:43 [py.warnings] WARNING: /home/xjg/.local/lib/python3.7/site-packages/scrapy/core/scheduler.py:63: ScrapyDeprecationWarning: SCHEDULER_PRIORITY_QUEUE='queuelib.PriorityQueue' is no longer supported because of API changes; please use 'scrapy.pqueues.ScrapyPriorityQueue'
  ScrapyDeprecationWarning)

2020-01-12 08:25:43 [py.warnings] WARNING: /home/xjg/.local/lib/python3.7/site-packages/pymysql/cursors.py:170: Warning: (1050, "Table 'hongbaos' already exists")
  result = self._query(query)

2020-01-12 08:25:43 [scrapy.extensions.logstats] INFO: Crawled 0 pages (at 0 pages/min), scraped 0 items (at 0 items/min)
2020-01-12 08:25:43 [scrapy.extensions.telnet] INFO: Telnet console listening on 127.0.0.1:6028
2020-01-12 08:25:45 [scrapy.downloadermiddlewares.cookies] DEBUG: Sending cookies to: <GET https://druid.if.qidian.com/Atom.axd/Api/HongBao/GetSquare?pn=1&pz=20&lastHongbaoId=0>
Cookie: ywkey=ywU2vsg9bL87; ywguid=800005880124; appId=12; areaId=30; lang=cn; mode=normal; bar=72; qimei=866174010680719; loginType=4; lgk=1; QDInfo=7RNRLX6Ck3KY5aWgMB84vrDdhMzPrkpyDrEIbrK0xJ397r2LvU5C5GT/C+ZfDcXIJ31Wvz7+FUbq8Zq3x19Zb1bGTyTu9PdALkTI9pqfeKww7aaaXneUlOb85aHYesTrtND8XiQqoJ1mTWRriJshvjBZKI5BZq+w; cmfuToken=N((a0tJD3qrhLwUlsfEdzYe8BGppxeaTlihPKPLV5s7gABtAYNbjA3TI3c-3WZZLKJcPHEH4_PX120g9QhXRkQbnStZbjyt6XzqgpXTaL8qIQJLGPxEGjQna3QMz-Rb0BQIrDa-U4s1XaEFjFsWlrO_KlhZtaCX1l8trfyz4UHh4TlxYddDEYeLjxMXoMfHyrIzQhNU1hr0E2h6GFWffUyyQomTr7d3Sgm-FVUd2JdBqVXHagoI3ps1_BxgXfZakGmg0; usertoken=5880124

2020-01-12 08:25:45 [scrapy.core.engine] DEBUG: Crawled (200) <GET https://druid.if.qidian.com/Atom.axd/Api/HongBao/GetSquare?pn=1&pz=20&lastHongbaoId=0> (referer: None)
2020-01-12 08:25:45 [scrapy.core.engine] INFO: Closing spider (finished)
2020-01-12 08:25:45 [scrapy.statscollectors] INFO: Dumping Scrapy stats:
{'downloader/request_bytes': 1495,
 'downloader/request_count': 1,
 'downloader/request_method_count/GET': 1,
 'downloader/response_bytes': 6663,
 'downloader/response_count': 1,
 'downloader/response_status_count/200': 1,
 'elapsed_time_seconds': 2.474038,
 'finish_reason': 'finished',
 'finish_time': datetime.datetime(2020, 1, 12, 0, 25, 45, 496791),
 'log_count/DEBUG': 2,
 'log_count/INFO': 10,
 'log_count/WARNING': 2,
 'memusage/max': 191205376,
 'memusage/startup': 191205376,
 'response_received_count': 1,
 'scheduler/dequeued': 1,
 'scheduler/dequeued/memory': 1,
 'scheduler/enqueued': 1,
 'scheduler/enqueued/memory': 1,
 'start_time': datetime.datetime(2020, 1, 12, 0, 25, 43, 22753)}
2020-01-12 08:25:45 [scrapy.core.engine] INFO: Spider closed (finished)
2020-01-12 08:26:43 [scrapy.utils.log] INFO: Scrapy 1.8.0 started (bot: qdReader)
2020-01-12 08:26:43 [scrapy.utils.log] INFO: Versions: lxml 4.3.3.0, libxml2 2.9.4, cssselect 1.1.0, parsel 1.5.2, w3lib 1.21.0, Twisted 19.10.0, Python 3.7.3 (default, Oct  7 2019, 12:56:13) - [GCC 8.3.0], pyOpenSSL 19.1.0 (OpenSSL 1.1.1b  26 Feb 2019), cryptography 2.3, Platform Linux-5.0.0-38-generic-x86_64-with-Ubuntu-19.04-disco
2020-01-12 08:26:43 [scrapy.crawler] INFO: Overridden settings: {'BOT_NAME': 'qdReader', 'CONCURRENT_REQUESTS_PER_DOMAIN': 16, 'CONCURRENT_REQUESTS_PER_IP': 16, 'COOKIES_DEBUG': True, 'LOG_FILE': 'logs/scrapy_spider_4.log', 'NEWSPIDER_MODULE': 'qdReader.spiders', 'SCHEDULER_DISK_QUEUE': 'scrapy.squeues.PickleFifoDiskQueue', 'SCHEDULER_MEMORY_QUEUE': 'scrapy.squeues.FifoMemoryQueue', 'SCHEDULER_PRIORITY_QUEUE': 'queuelib.PriorityQueue', 'SPIDER_MODULES': ['qdReader.spiders']}
2020-01-12 08:26:43 [scrapy.extensions.telnet] INFO: Telnet Password: ea32304017b2035b
2020-01-12 08:26:43 [scrapy.middleware] INFO: Enabled extensions:
['scrapy.extensions.corestats.CoreStats',
 'scrapy.extensions.telnet.TelnetConsole',
 'scrapy.extensions.memusage.MemoryUsage',
 'scrapy.extensions.logstats.LogStats']
2020-01-12 08:26:44 [scrapy.middleware] INFO: Enabled downloader middlewares:
['scrapy.downloadermiddlewares.httpauth.HttpAuthMiddleware',
 'scrapy.downloadermiddlewares.downloadtimeout.DownloadTimeoutMiddleware',
 'scrapy.downloadermiddlewares.defaultheaders.DefaultHeadersMiddleware',
 'scrapy.downloadermiddlewares.useragent.UserAgentMiddleware',
 'qdReader.middlewares.ProxyMiddleware',
 'scrapy.downloadermiddlewares.retry.RetryMiddleware',
 'scrapy.downloadermiddlewares.redirect.MetaRefreshMiddleware',
 'scrapy.downloadermiddlewares.httpcompression.HttpCompressionMiddleware',
 'scrapy.downloadermiddlewares.redirect.RedirectMiddleware',
 'scrapy.downloadermiddlewares.cookies.CookiesMiddleware',
 'scrapy.downloadermiddlewares.httpproxy.HttpProxyMiddleware',
 'scrapy.downloadermiddlewares.stats.DownloaderStats']
2020-01-12 08:26:44 [scrapy.middleware] INFO: Enabled spider middlewares:
['scrapy.spidermiddlewares.httperror.HttpErrorMiddleware',
 'scrapy.spidermiddlewares.offsite.OffsiteMiddleware',
 'scrapy.spidermiddlewares.referer.RefererMiddleware',
 'scrapy.spidermiddlewares.urllength.UrlLengthMiddleware',
 'scrapy.spidermiddlewares.depth.DepthMiddleware']
2020-01-12 08:26:44 [scrapy.middleware] INFO: Enabled item pipelines:
['qdReader.pipelines.SquareHongbaoPipeline']
2020-01-12 08:26:44 [scrapy.core.engine] INFO: Spider opened
2020-01-12 08:26:44 [py.warnings] WARNING: /home/xjg/.local/lib/python3.7/site-packages/scrapy/core/scheduler.py:63: ScrapyDeprecationWarning: SCHEDULER_PRIORITY_QUEUE='queuelib.PriorityQueue' is no longer supported because of API changes; please use 'scrapy.pqueues.ScrapyPriorityQueue'
  ScrapyDeprecationWarning)

2020-01-12 08:26:44 [py.warnings] WARNING: /home/xjg/.local/lib/python3.7/site-packages/pymysql/cursors.py:170: Warning: (1050, "Table 'hongbaos' already exists")
  result = self._query(query)

2020-01-12 08:26:44 [scrapy.extensions.logstats] INFO: Crawled 0 pages (at 0 pages/min), scraped 0 items (at 0 items/min)
2020-01-12 08:26:44 [scrapy.extensions.telnet] INFO: Telnet console listening on 127.0.0.1:6030
2020-01-12 08:26:46 [scrapy.downloadermiddlewares.cookies] DEBUG: Sending cookies to: <GET https://druid.if.qidian.com/Atom.axd/Api/HongBao/GetSquare?pn=1&pz=20&lastHongbaoId=0>
Cookie: ywkey=ywU2vsg9bL87; ywguid=800005880124; appId=12; areaId=30; lang=cn; mode=normal; bar=72; qimei=866174010680719; loginType=4; lgk=1; QDInfo=7RNRLX6Ck3KY5aWgMB84vrDdhMzPrkpyDrEIbrK0xJ397r2LvU5C5GT/C+ZfDcXIJ31Wvz7+FUbq8Zq3x19Zb1bGTyTu9PdALkTI9pqfeKww7aaaXneUlI3UDT9Y6IWiNcmlP8Egt+drlqiLTgN5ZNfGrYLUa+gr; cmfuToken=N((a0tJD3qrhLwUlsfEdzYe8BGppxeaTlihPKPLV5s7gABtAYNbjA3TI3c-3WZZLKJcPHEH4_PX120g9QhXRkQbnStZbjyt6XzqgpXTaL8qIQJLGPxEGjQna3QMz-Rb0BQIrDa-U4s1XaEFjFsWlrO_KlhZtaCX1l8trfyz4UHh4TlxYddDEYeLjxMXoMfHyrIzQhNU1hr0E2h6GFWffUyyQomTr7d3Sgm-FVUd2JdBqVXHagoI3ps1_BxgXfZakGmg0; usertoken=5880124

2020-01-12 08:26:46 [scrapy.core.engine] DEBUG: Crawled (402) <GET https://druid.if.qidian.com/Atom.axd/Api/HongBao/GetSquare?pn=1&pz=20&lastHongbaoId=0> (referer: None)
2020-01-12 08:26:46 [scrapy.spidermiddlewares.httperror] INFO: Ignoring response <402 https://druid.if.qidian.com/Atom.axd/Api/HongBao/GetSquare?pn=1&pz=20&lastHongbaoId=0>: HTTP status code is not handled or not allowed
2020-01-12 08:26:46 [scrapy.core.engine] INFO: Closing spider (finished)
2020-01-12 08:26:46 [scrapy.statscollectors] INFO: Dumping Scrapy stats:
{'downloader/request_bytes': 1495,
 'downloader/request_count': 1,
 'downloader/request_method_count/GET': 1,
 'downloader/response_bytes': 196,
 'downloader/response_count': 1,
 'downloader/response_status_count/402': 1,
 'elapsed_time_seconds': 2.577359,
 'finish_reason': 'finished',
 'finish_time': datetime.datetime(2020, 1, 12, 0, 26, 46, 748077),
 'httperror/response_ignored_count': 1,
 'httperror/response_ignored_status_count/402': 1,
 'log_count/DEBUG': 2,
 'log_count/INFO': 11,
 'log_count/WARNING': 2,
 'memusage/max': 191848448,
 'memusage/startup': 191848448,
 'response_received_count': 1,
 'scheduler/dequeued': 1,
 'scheduler/dequeued/memory': 1,
 'scheduler/enqueued': 1,
 'scheduler/enqueued/memory': 1,
 'start_time': datetime.datetime(2020, 1, 12, 0, 26, 44, 170718)}
2020-01-12 08:26:46 [scrapy.core.engine] INFO: Spider closed (finished)
2020-01-12 08:41:07 [scrapy.utils.log] INFO: Scrapy 1.8.0 started (bot: qdReader)
2020-01-12 08:41:08 [scrapy.utils.log] INFO: Versions: lxml 4.3.3.0, libxml2 2.9.4, cssselect 1.1.0, parsel 1.5.2, w3lib 1.21.0, Twisted 19.10.0, Python 3.7.3 (default, Oct  7 2019, 12:56:13) - [GCC 8.3.0], pyOpenSSL 19.1.0 (OpenSSL 1.1.1b  26 Feb 2019), cryptography 2.3, Platform Linux-5.0.0-38-generic-x86_64-with-Ubuntu-19.04-disco
2020-01-12 08:41:08 [scrapy.crawler] INFO: Overridden settings: {'BOT_NAME': 'qdReader', 'CONCURRENT_REQUESTS_PER_DOMAIN': 16, 'CONCURRENT_REQUESTS_PER_IP': 16, 'COOKIES_DEBUG': True, 'LOG_FILE': 'logs/scrapy_spider_4.log', 'NEWSPIDER_MODULE': 'qdReader.spiders', 'SCHEDULER_DISK_QUEUE': 'scrapy.squeues.PickleFifoDiskQueue', 'SCHEDULER_MEMORY_QUEUE': 'scrapy.squeues.FifoMemoryQueue', 'SCHEDULER_PRIORITY_QUEUE': 'queuelib.PriorityQueue', 'SPIDER_MODULES': ['qdReader.spiders']}
2020-01-12 08:41:08 [scrapy.extensions.telnet] INFO: Telnet Password: b1a8c641606e13b9
2020-01-12 08:41:08 [scrapy.middleware] INFO: Enabled extensions:
['scrapy.extensions.corestats.CoreStats',
 'scrapy.extensions.telnet.TelnetConsole',
 'scrapy.extensions.memusage.MemoryUsage',
 'scrapy.extensions.logstats.LogStats']
2020-01-12 08:41:08 [scrapy.middleware] INFO: Enabled downloader middlewares:
['scrapy.downloadermiddlewares.httpauth.HttpAuthMiddleware',
 'scrapy.downloadermiddlewares.downloadtimeout.DownloadTimeoutMiddleware',
 'scrapy.downloadermiddlewares.defaultheaders.DefaultHeadersMiddleware',
 'scrapy.downloadermiddlewares.useragent.UserAgentMiddleware',
 'qdReader.middlewares.ProxyMiddleware',
 'scrapy.downloadermiddlewares.retry.RetryMiddleware',
 'scrapy.downloadermiddlewares.redirect.MetaRefreshMiddleware',
 'scrapy.downloadermiddlewares.httpcompression.HttpCompressionMiddleware',
 'scrapy.downloadermiddlewares.redirect.RedirectMiddleware',
 'scrapy.downloadermiddlewares.cookies.CookiesMiddleware',
 'scrapy.downloadermiddlewares.httpproxy.HttpProxyMiddleware',
 'scrapy.downloadermiddlewares.stats.DownloaderStats']
2020-01-12 08:41:08 [scrapy.middleware] INFO: Enabled spider middlewares:
['scrapy.spidermiddlewares.httperror.HttpErrorMiddleware',
 'scrapy.spidermiddlewares.offsite.OffsiteMiddleware',
 'scrapy.spidermiddlewares.referer.RefererMiddleware',
 'scrapy.spidermiddlewares.urllength.UrlLengthMiddleware',
 'scrapy.spidermiddlewares.depth.DepthMiddleware']
2020-01-12 08:41:08 [scrapy.middleware] INFO: Enabled item pipelines:
['qdReader.pipelines.SquareHongbaoPipeline']
2020-01-12 08:41:08 [scrapy.core.engine] INFO: Spider opened
2020-01-12 08:41:08 [py.warnings] WARNING: /home/xjg/.local/lib/python3.7/site-packages/scrapy/core/scheduler.py:63: ScrapyDeprecationWarning: SCHEDULER_PRIORITY_QUEUE='queuelib.PriorityQueue' is no longer supported because of API changes; please use 'scrapy.pqueues.ScrapyPriorityQueue'
  ScrapyDeprecationWarning)

2020-01-12 08:41:08 [py.warnings] WARNING: /home/xjg/.local/lib/python3.7/site-packages/pymysql/cursors.py:170: Warning: (1050, "Table 'hongbaos' already exists")
  result = self._query(query)

2020-01-12 08:41:08 [scrapy.extensions.logstats] INFO: Crawled 0 pages (at 0 pages/min), scraped 0 items (at 0 items/min)
2020-01-12 08:41:08 [scrapy.extensions.telnet] INFO: Telnet console listening on 127.0.0.1:6024
2020-01-12 08:41:10 [scrapy.downloadermiddlewares.cookies] DEBUG: Sending cookies to: <GET https://druid.if.qidian.com/Atom.axd/Api/HongBao/GetSquare?pn=1&pz=20&lastHongbaoId=0>
Cookie: ywkey=ywU2vsg9bL87; ywguid=800005880124; appId=12; areaId=30; lang=cn; mode=normal; bar=72; qimei=866174010680719; loginType=4; lgk=1; QDInfo=7RNRLX6Ck3KY5aWgMB84vrDdhMzPrkpyDrEIbrK0xJ397r2LvU5C5GT/C+ZfDcXIJ31Wvz7+FUbq8Zq3x19Zb1bGTyTu9PdALkTI9pqfeKww7aaaXneUlKRcFVPjmgWiDSIBXXIn/bU4f0D8nC1RJM1cC655BHBk; cmfuToken=N((a0tJD3qrhLwUlsfEdzYe8BGppxeaTlihPKPLV5s7gABtAYNbjA3TI3c-3WZZLKJcPHEH4_PX120g9QhXRkQbnStZbjyt6XzqgpXTaL8qIQJLGPxEGjQna3QMz-Rb0BQIrDa-U4s1XaEFjFsWlrO_KlhZtaCX1l8trfyz4UHh4TlxYddDEYeLjxMXoMfHyrIzQhNU1hr0E2h6GFWffUyyQomTr7d3Sgm-FVUd2JdBqVXHagoI3ps1_BxgXfZakGmg0; usertoken=5880124

2020-01-12 08:41:10 [scrapy.core.engine] DEBUG: Crawled (200) <GET https://druid.if.qidian.com/Atom.axd/Api/HongBao/GetSquare?pn=1&pz=20&lastHongbaoId=0> (referer: None)
2020-01-12 08:41:10 [scrapy.core.engine] INFO: Closing spider (finished)
2020-01-12 08:41:10 [scrapy.statscollectors] INFO: Dumping Scrapy stats:
{'downloader/request_bytes': 1495,
 'downloader/request_count': 1,
 'downloader/request_method_count/GET': 1,
 'downloader/response_bytes': 8248,
 'downloader/response_count': 1,
 'downloader/response_status_count/200': 1,
 'elapsed_time_seconds': 2.274967,
 'finish_reason': 'finished',
 'finish_time': datetime.datetime(2020, 1, 12, 0, 41, 10, 690199),
 'log_count/DEBUG': 2,
 'log_count/INFO': 10,
 'log_count/WARNING': 2,
 'memusage/max': 190607360,
 'memusage/startup': 190607360,
 'response_received_count': 1,
 'scheduler/dequeued': 1,
 'scheduler/dequeued/memory': 1,
 'scheduler/enqueued': 1,
 'scheduler/enqueued/memory': 1,
 'start_time': datetime.datetime(2020, 1, 12, 0, 41, 8, 415232)}
2020-01-12 08:41:10 [scrapy.core.engine] INFO: Spider closed (finished)
2020-01-12 08:41:13 [scrapy.utils.log] INFO: Scrapy 1.8.0 started (bot: qdReader)
2020-01-12 08:41:13 [scrapy.utils.log] INFO: Versions: lxml 4.3.3.0, libxml2 2.9.4, cssselect 1.1.0, parsel 1.5.2, w3lib 1.21.0, Twisted 19.10.0, Python 3.7.3 (default, Oct  7 2019, 12:56:13) - [GCC 8.3.0], pyOpenSSL 19.1.0 (OpenSSL 1.1.1b  26 Feb 2019), cryptography 2.3, Platform Linux-5.0.0-38-generic-x86_64-with-Ubuntu-19.04-disco
2020-01-12 08:41:13 [scrapy.crawler] INFO: Overridden settings: {'BOT_NAME': 'qdReader', 'CONCURRENT_REQUESTS_PER_DOMAIN': 16, 'CONCURRENT_REQUESTS_PER_IP': 16, 'COOKIES_DEBUG': True, 'LOG_FILE': 'logs/scrapy_spider_4.log', 'NEWSPIDER_MODULE': 'qdReader.spiders', 'SCHEDULER_DISK_QUEUE': 'scrapy.squeues.PickleFifoDiskQueue', 'SCHEDULER_MEMORY_QUEUE': 'scrapy.squeues.FifoMemoryQueue', 'SCHEDULER_PRIORITY_QUEUE': 'queuelib.PriorityQueue', 'SPIDER_MODULES': ['qdReader.spiders']}
2020-01-12 08:41:13 [scrapy.extensions.telnet] INFO: Telnet Password: dfc9f1fa584657d6
2020-01-12 08:41:13 [scrapy.middleware] INFO: Enabled extensions:
['scrapy.extensions.corestats.CoreStats',
 'scrapy.extensions.telnet.TelnetConsole',
 'scrapy.extensions.memusage.MemoryUsage',
 'scrapy.extensions.logstats.LogStats']
2020-01-12 08:41:13 [scrapy.middleware] INFO: Enabled downloader middlewares:
['scrapy.downloadermiddlewares.httpauth.HttpAuthMiddleware',
 'scrapy.downloadermiddlewares.downloadtimeout.DownloadTimeoutMiddleware',
 'scrapy.downloadermiddlewares.defaultheaders.DefaultHeadersMiddleware',
 'scrapy.downloadermiddlewares.useragent.UserAgentMiddleware',
 'qdReader.middlewares.ProxyMiddleware',
 'scrapy.downloadermiddlewares.retry.RetryMiddleware',
 'scrapy.downloadermiddlewares.redirect.MetaRefreshMiddleware',
 'scrapy.downloadermiddlewares.httpcompression.HttpCompressionMiddleware',
 'scrapy.downloadermiddlewares.redirect.RedirectMiddleware',
 'scrapy.downloadermiddlewares.cookies.CookiesMiddleware',
 'scrapy.downloadermiddlewares.httpproxy.HttpProxyMiddleware',
 'scrapy.downloadermiddlewares.stats.DownloaderStats']
2020-01-12 08:41:13 [scrapy.middleware] INFO: Enabled spider middlewares:
['scrapy.spidermiddlewares.httperror.HttpErrorMiddleware',
 'scrapy.spidermiddlewares.offsite.OffsiteMiddleware',
 'scrapy.spidermiddlewares.referer.RefererMiddleware',
 'scrapy.spidermiddlewares.urllength.UrlLengthMiddleware',
 'scrapy.spidermiddlewares.depth.DepthMiddleware']
2020-01-12 08:41:13 [scrapy.middleware] INFO: Enabled item pipelines:
['qdReader.pipelines.SquareHongbaoPipeline']
2020-01-12 08:41:13 [scrapy.core.engine] INFO: Spider opened
2020-01-12 08:41:13 [py.warnings] WARNING: /home/xjg/.local/lib/python3.7/site-packages/scrapy/core/scheduler.py:63: ScrapyDeprecationWarning: SCHEDULER_PRIORITY_QUEUE='queuelib.PriorityQueue' is no longer supported because of API changes; please use 'scrapy.pqueues.ScrapyPriorityQueue'
  ScrapyDeprecationWarning)

2020-01-12 08:41:13 [py.warnings] WARNING: /home/xjg/.local/lib/python3.7/site-packages/pymysql/cursors.py:170: Warning: (1050, "Table 'hongbaos' already exists")
  result = self._query(query)

2020-01-12 08:41:13 [scrapy.extensions.logstats] INFO: Crawled 0 pages (at 0 pages/min), scraped 0 items (at 0 items/min)
2020-01-12 08:41:13 [scrapy.extensions.telnet] INFO: Telnet console listening on 127.0.0.1:6023
2020-01-12 08:41:16 [scrapy.downloadermiddlewares.cookies] DEBUG: Sending cookies to: <GET https://druid.if.qidian.com/Atom.axd/Api/HongBao/GetSquare?pn=1&pz=20&lastHongbaoId=0>
Cookie: ywkey=ywU2vsg9bL87; ywguid=800005880124; appId=12; areaId=30; lang=cn; mode=normal; bar=72; qimei=866174010680719; loginType=4; lgk=1; QDInfo=7RNRLX6Ck3KY5aWgMB84vrDdhMzPrkpyDrEIbrK0xJ397r2LvU5C5GT/C+ZfDcXIJ31Wvz7+FUbq8Zq3x19Zb1bGTyTu9PdALkTI9pqfeKww7aaaXneUlGQnA2hgtCO2HwwjU5Nlk6aaLwY5ODltteJDG/Wr7gxR; cmfuToken=N((a0tJD3qrhLwUlsfEdzYe8BGppxeaTlihPKPLV5s7gABtAYNbjA3TI3c-3WZZLKJcPHEH4_PX120g9QhXRkQbnStZbjyt6XzqgpXTaL8qIQJLGPxEGjQna3QMz-Rb0BQIrDa-U4s1XaEFjFsWlrO_KlhZtaCX1l8trfyz4UHh4TlxYddDEYeLjxMXoMfHyrIzQhNU1hr0E2h6GFWffUyyQomTr7d3Sgm-FVUd2JdBqVXHagoI3ps1_BxgXfZakGmg0; usertoken=5880124

2020-01-12 08:41:17 [scrapy.core.engine] DEBUG: Crawled (200) <GET https://druid.if.qidian.com/Atom.axd/Api/HongBao/GetSquare?pn=1&pz=20&lastHongbaoId=0> (referer: None)
2020-01-12 08:41:17 [scrapy.core.engine] INFO: Closing spider (finished)
2020-01-12 08:41:17 [scrapy.statscollectors] INFO: Dumping Scrapy stats:
{'downloader/request_bytes': 1495,
 'downloader/request_count': 1,
 'downloader/request_method_count/GET': 1,
 'downloader/response_bytes': 8252,
 'downloader/response_count': 1,
 'downloader/response_status_count/200': 1,
 'elapsed_time_seconds': 3.543262,
 'finish_reason': 'finished',
 'finish_time': datetime.datetime(2020, 1, 12, 0, 41, 17, 530303),
 'log_count/DEBUG': 2,
 'log_count/INFO': 10,
 'log_count/WARNING': 2,
 'memusage/max': 190664704,
 'memusage/startup': 190664704,
 'response_received_count': 1,
 'scheduler/dequeued': 1,
 'scheduler/dequeued/memory': 1,
 'scheduler/enqueued': 1,
 'scheduler/enqueued/memory': 1,
 'start_time': datetime.datetime(2020, 1, 12, 0, 41, 13, 987041)}
2020-01-12 08:41:17 [scrapy.core.engine] INFO: Spider closed (finished)
2020-01-12 08:41:18 [scrapy.utils.log] INFO: Scrapy 1.8.0 started (bot: qdReader)
2020-01-12 08:41:18 [scrapy.utils.log] INFO: Versions: lxml 4.3.3.0, libxml2 2.9.4, cssselect 1.1.0, parsel 1.5.2, w3lib 1.21.0, Twisted 19.10.0, Python 3.7.3 (default, Oct  7 2019, 12:56:13) - [GCC 8.3.0], pyOpenSSL 19.1.0 (OpenSSL 1.1.1b  26 Feb 2019), cryptography 2.3, Platform Linux-5.0.0-38-generic-x86_64-with-Ubuntu-19.04-disco
2020-01-12 08:41:18 [scrapy.crawler] INFO: Overridden settings: {'BOT_NAME': 'qdReader', 'CONCURRENT_REQUESTS_PER_DOMAIN': 16, 'CONCURRENT_REQUESTS_PER_IP': 16, 'COOKIES_DEBUG': True, 'LOG_FILE': 'logs/scrapy_spider_4.log', 'NEWSPIDER_MODULE': 'qdReader.spiders', 'SCHEDULER_DISK_QUEUE': 'scrapy.squeues.PickleFifoDiskQueue', 'SCHEDULER_MEMORY_QUEUE': 'scrapy.squeues.FifoMemoryQueue', 'SCHEDULER_PRIORITY_QUEUE': 'queuelib.PriorityQueue', 'SPIDER_MODULES': ['qdReader.spiders']}
2020-01-12 08:41:18 [scrapy.extensions.telnet] INFO: Telnet Password: af4623bce6c815bc
2020-01-12 08:41:19 [scrapy.middleware] INFO: Enabled extensions:
['scrapy.extensions.corestats.CoreStats',
 'scrapy.extensions.telnet.TelnetConsole',
 'scrapy.extensions.memusage.MemoryUsage',
 'scrapy.extensions.logstats.LogStats']
2020-01-12 08:41:19 [scrapy.middleware] INFO: Enabled downloader middlewares:
['scrapy.downloadermiddlewares.httpauth.HttpAuthMiddleware',
 'scrapy.downloadermiddlewares.downloadtimeout.DownloadTimeoutMiddleware',
 'scrapy.downloadermiddlewares.defaultheaders.DefaultHeadersMiddleware',
 'scrapy.downloadermiddlewares.useragent.UserAgentMiddleware',
 'qdReader.middlewares.ProxyMiddleware',
 'scrapy.downloadermiddlewares.retry.RetryMiddleware',
 'scrapy.downloadermiddlewares.redirect.MetaRefreshMiddleware',
 'scrapy.downloadermiddlewares.httpcompression.HttpCompressionMiddleware',
 'scrapy.downloadermiddlewares.redirect.RedirectMiddleware',
 'scrapy.downloadermiddlewares.cookies.CookiesMiddleware',
 'scrapy.downloadermiddlewares.httpproxy.HttpProxyMiddleware',
 'scrapy.downloadermiddlewares.stats.DownloaderStats']
2020-01-12 08:41:19 [scrapy.middleware] INFO: Enabled spider middlewares:
['scrapy.spidermiddlewares.httperror.HttpErrorMiddleware',
 'scrapy.spidermiddlewares.offsite.OffsiteMiddleware',
 'scrapy.spidermiddlewares.referer.RefererMiddleware',
 'scrapy.spidermiddlewares.urllength.UrlLengthMiddleware',
 'scrapy.spidermiddlewares.depth.DepthMiddleware']
2020-01-12 08:41:19 [scrapy.middleware] INFO: Enabled item pipelines:
['qdReader.pipelines.SquareHongbaoPipeline']
2020-01-12 08:41:19 [scrapy.core.engine] INFO: Spider opened
2020-01-12 08:41:19 [py.warnings] WARNING: /home/xjg/.local/lib/python3.7/site-packages/scrapy/core/scheduler.py:63: ScrapyDeprecationWarning: SCHEDULER_PRIORITY_QUEUE='queuelib.PriorityQueue' is no longer supported because of API changes; please use 'scrapy.pqueues.ScrapyPriorityQueue'
  ScrapyDeprecationWarning)

2020-01-12 08:41:19 [py.warnings] WARNING: /home/xjg/.local/lib/python3.7/site-packages/pymysql/cursors.py:170: Warning: (1050, "Table 'hongbaos' already exists")
  result = self._query(query)

2020-01-12 08:41:19 [scrapy.extensions.logstats] INFO: Crawled 0 pages (at 0 pages/min), scraped 0 items (at 0 items/min)
2020-01-12 08:41:19 [scrapy.extensions.telnet] INFO: Telnet console listening on 127.0.0.1:6024
2020-01-12 08:41:22 [scrapy.utils.log] INFO: Scrapy 1.8.0 started (bot: qdReader)
2020-01-12 08:41:22 [scrapy.utils.log] INFO: Versions: lxml 4.3.3.0, libxml2 2.9.4, cssselect 1.1.0, parsel 1.5.2, w3lib 1.21.0, Twisted 19.10.0, Python 3.7.3 (default, Oct  7 2019, 12:56:13) - [GCC 8.3.0], pyOpenSSL 19.1.0 (OpenSSL 1.1.1b  26 Feb 2019), cryptography 2.3, Platform Linux-5.0.0-38-generic-x86_64-with-Ubuntu-19.04-disco
2020-01-12 08:41:22 [scrapy.crawler] INFO: Overridden settings: {'BOT_NAME': 'qdReader', 'CONCURRENT_REQUESTS_PER_DOMAIN': 16, 'CONCURRENT_REQUESTS_PER_IP': 16, 'COOKIES_DEBUG': True, 'LOG_FILE': 'logs/scrapy_spider_4.log', 'NEWSPIDER_MODULE': 'qdReader.spiders', 'SCHEDULER_DISK_QUEUE': 'scrapy.squeues.PickleFifoDiskQueue', 'SCHEDULER_MEMORY_QUEUE': 'scrapy.squeues.FifoMemoryQueue', 'SCHEDULER_PRIORITY_QUEUE': 'queuelib.PriorityQueue', 'SPIDER_MODULES': ['qdReader.spiders']}
2020-01-12 08:41:22 [scrapy.extensions.telnet] INFO: Telnet Password: 44ee5837a69189c3
2020-01-12 08:41:23 [scrapy.middleware] INFO: Enabled extensions:
['scrapy.extensions.corestats.CoreStats',
 'scrapy.extensions.telnet.TelnetConsole',
 'scrapy.extensions.memusage.MemoryUsage',
 'scrapy.extensions.logstats.LogStats']
2020-01-12 08:41:23 [scrapy.middleware] INFO: Enabled downloader middlewares:
['scrapy.downloadermiddlewares.httpauth.HttpAuthMiddleware',
 'scrapy.downloadermiddlewares.downloadtimeout.DownloadTimeoutMiddleware',
 'scrapy.downloadermiddlewares.defaultheaders.DefaultHeadersMiddleware',
 'scrapy.downloadermiddlewares.useragent.UserAgentMiddleware',
 'qdReader.middlewares.ProxyMiddleware',
 'scrapy.downloadermiddlewares.retry.RetryMiddleware',
 'scrapy.downloadermiddlewares.redirect.MetaRefreshMiddleware',
 'scrapy.downloadermiddlewares.httpcompression.HttpCompressionMiddleware',
 'scrapy.downloadermiddlewares.redirect.RedirectMiddleware',
 'scrapy.downloadermiddlewares.cookies.CookiesMiddleware',
 'scrapy.downloadermiddlewares.httpproxy.HttpProxyMiddleware',
 'scrapy.downloadermiddlewares.stats.DownloaderStats']
2020-01-12 08:41:23 [scrapy.middleware] INFO: Enabled spider middlewares:
['scrapy.spidermiddlewares.httperror.HttpErrorMiddleware',
 'scrapy.spidermiddlewares.offsite.OffsiteMiddleware',
 'scrapy.spidermiddlewares.referer.RefererMiddleware',
 'scrapy.spidermiddlewares.urllength.UrlLengthMiddleware',
 'scrapy.spidermiddlewares.depth.DepthMiddleware']
2020-01-12 08:41:24 [scrapy.middleware] INFO: Enabled item pipelines:
['qdReader.pipelines.SquareHongbaoPipeline']
2020-01-12 08:41:24 [scrapy.core.engine] INFO: Spider opened
2020-01-12 08:41:24 [py.warnings] WARNING: /home/xjg/.local/lib/python3.7/site-packages/scrapy/core/scheduler.py:63: ScrapyDeprecationWarning: SCHEDULER_PRIORITY_QUEUE='queuelib.PriorityQueue' is no longer supported because of API changes; please use 'scrapy.pqueues.ScrapyPriorityQueue'
  ScrapyDeprecationWarning)

2020-01-12 08:41:24 [scrapy.downloadermiddlewares.cookies] DEBUG: Sending cookies to: <GET https://druid.if.qidian.com/Atom.axd/Api/HongBao/GetSquare?pn=1&pz=20&lastHongbaoId=0>
Cookie: ywkey=ywU2vsg9bL87; ywguid=800005880124; appId=12; areaId=30; lang=cn; mode=normal; bar=72; qimei=866174010680719; loginType=4; lgk=1; QDInfo=7RNRLX6Ck3KY5aWgMB84vrDdhMzPrkpyDrEIbrK0xJ397r2LvU5C5GT/C+ZfDcXIJ31Wvz7+FUbq8Zq3x19Zb1bGTyTu9PdALkTI9pqfeKww7aaaXneUlBuD5xTwVPBqsRnQrlLKv7+0s8zI+WOj4pURizvezp61; cmfuToken=N((a0tJD3qrhLwUlsfEdzYe8BGppxeaTlihPKPLV5s7gABtAYNbjA3TI3c-3WZZLKJcPHEH4_PX120g9QhXRkQbnStZbjyt6XzqgpXTaL8qIQJLGPxEGjQna3QMz-Rb0BQIrDa-U4s1XaEFjFsWlrO_KlhZtaCX1l8trfyz4UHh4TlxYddDEYeLjxMXoMfHyrIzQhNU1hr0E2h6GFWffUyyQomTr7d3Sgm-FVUd2JdBqVXHagoI3ps1_BxgXfZakGmg0; usertoken=5880124

2020-01-12 08:41:24 [py.warnings] WARNING: /home/xjg/.local/lib/python3.7/site-packages/pymysql/cursors.py:170: Warning: (1050, "Table 'hongbaos' already exists")
  result = self._query(query)

2020-01-12 08:41:24 [scrapy.extensions.logstats] INFO: Crawled 0 pages (at 0 pages/min), scraped 0 items (at 0 items/min)
2020-01-12 08:41:24 [scrapy.extensions.telnet] INFO: Telnet console listening on 127.0.0.1:6028
2020-01-12 08:41:24 [scrapy.core.engine] DEBUG: Crawled (200) <GET https://druid.if.qidian.com/Atom.axd/Api/HongBao/GetSquare?pn=1&pz=20&lastHongbaoId=0> (referer: None)
2020-01-12 08:41:24 [scrapy.core.engine] INFO: Closing spider (finished)
2020-01-12 08:41:24 [scrapy.statscollectors] INFO: Dumping Scrapy stats:
{'downloader/request_bytes': 1495,
 'downloader/request_count': 1,
 'downloader/request_method_count/GET': 1,
 'downloader/response_bytes': 8248,
 'downloader/response_count': 1,
 'downloader/response_status_count/200': 1,
 'elapsed_time_seconds': 5.154437,
 'finish_reason': 'finished',
 'finish_time': datetime.datetime(2020, 1, 12, 0, 41, 24, 934049),
 'log_count/DEBUG': 2,
 'log_count/INFO': 10,
 'log_count/WARNING': 2,
 'memusage/max': 190660608,
 'memusage/startup': 190660608,
 'response_received_count': 1,
 'scheduler/dequeued': 1,
 'scheduler/dequeued/memory': 1,
 'scheduler/enqueued': 1,
 'scheduler/enqueued/memory': 1,
 'start_time': datetime.datetime(2020, 1, 12, 0, 41, 19, 779612)}
2020-01-12 08:41:24 [scrapy.core.engine] INFO: Spider closed (finished)
2020-01-12 08:41:27 [scrapy.utils.log] INFO: Scrapy 1.8.0 started (bot: qdReader)
2020-01-12 08:41:27 [scrapy.utils.log] INFO: Versions: lxml 4.3.3.0, libxml2 2.9.4, cssselect 1.1.0, parsel 1.5.2, w3lib 1.21.0, Twisted 19.10.0, Python 3.7.3 (default, Oct  7 2019, 12:56:13) - [GCC 8.3.0], pyOpenSSL 19.1.0 (OpenSSL 1.1.1b  26 Feb 2019), cryptography 2.3, Platform Linux-5.0.0-38-generic-x86_64-with-Ubuntu-19.04-disco
2020-01-12 08:41:27 [scrapy.crawler] INFO: Overridden settings: {'BOT_NAME': 'qdReader', 'CONCURRENT_REQUESTS_PER_DOMAIN': 16, 'CONCURRENT_REQUESTS_PER_IP': 16, 'COOKIES_DEBUG': True, 'LOG_FILE': 'logs/scrapy_spider_4.log', 'NEWSPIDER_MODULE': 'qdReader.spiders', 'SCHEDULER_DISK_QUEUE': 'scrapy.squeues.PickleFifoDiskQueue', 'SCHEDULER_MEMORY_QUEUE': 'scrapy.squeues.FifoMemoryQueue', 'SCHEDULER_PRIORITY_QUEUE': 'queuelib.PriorityQueue', 'SPIDER_MODULES': ['qdReader.spiders']}
2020-01-12 08:41:28 [scrapy.extensions.telnet] INFO: Telnet Password: 6396b6d55a07c197
2020-01-12 08:41:28 [scrapy.middleware] INFO: Enabled extensions:
['scrapy.extensions.corestats.CoreStats',
 'scrapy.extensions.telnet.TelnetConsole',
 'scrapy.extensions.memusage.MemoryUsage',
 'scrapy.extensions.logstats.LogStats']
2020-01-12 08:41:29 [scrapy.middleware] INFO: Enabled downloader middlewares:
['scrapy.downloadermiddlewares.httpauth.HttpAuthMiddleware',
 'scrapy.downloadermiddlewares.downloadtimeout.DownloadTimeoutMiddleware',
 'scrapy.downloadermiddlewares.defaultheaders.DefaultHeadersMiddleware',
 'scrapy.downloadermiddlewares.useragent.UserAgentMiddleware',
 'qdReader.middlewares.ProxyMiddleware',
 'scrapy.downloadermiddlewares.retry.RetryMiddleware',
 'scrapy.downloadermiddlewares.redirect.MetaRefreshMiddleware',
 'scrapy.downloadermiddlewares.httpcompression.HttpCompressionMiddleware',
 'scrapy.downloadermiddlewares.redirect.RedirectMiddleware',
 'scrapy.downloadermiddlewares.cookies.CookiesMiddleware',
 'scrapy.downloadermiddlewares.httpproxy.HttpProxyMiddleware',
 'scrapy.downloadermiddlewares.stats.DownloaderStats']
2020-01-12 08:41:29 [scrapy.middleware] INFO: Enabled spider middlewares:
['scrapy.spidermiddlewares.httperror.HttpErrorMiddleware',
 'scrapy.spidermiddlewares.offsite.OffsiteMiddleware',
 'scrapy.spidermiddlewares.referer.RefererMiddleware',
 'scrapy.spidermiddlewares.urllength.UrlLengthMiddleware',
 'scrapy.spidermiddlewares.depth.DepthMiddleware']
2020-01-12 08:41:29 [scrapy.middleware] INFO: Enabled item pipelines:
['qdReader.pipelines.SquareHongbaoPipeline']
2020-01-12 08:41:29 [scrapy.core.engine] INFO: Spider opened
2020-01-12 08:41:29 [py.warnings] WARNING: /home/xjg/.local/lib/python3.7/site-packages/scrapy/core/scheduler.py:63: ScrapyDeprecationWarning: SCHEDULER_PRIORITY_QUEUE='queuelib.PriorityQueue' is no longer supported because of API changes; please use 'scrapy.pqueues.ScrapyPriorityQueue'
  ScrapyDeprecationWarning)

2020-01-12 08:41:29 [py.warnings] WARNING: /home/xjg/.local/lib/python3.7/site-packages/pymysql/cursors.py:170: Warning: (1050, "Table 'hongbaos' already exists")
  result = self._query(query)

2020-01-12 08:41:29 [scrapy.extensions.logstats] INFO: Crawled 0 pages (at 0 pages/min), scraped 0 items (at 0 items/min)
2020-01-12 08:41:29 [scrapy.extensions.telnet] INFO: Telnet console listening on 127.0.0.1:6023
2020-01-12 08:41:29 [scrapy.downloadermiddlewares.cookies] DEBUG: Sending cookies to: <GET https://druid.if.qidian.com/Atom.axd/Api/HongBao/GetSquare?pn=1&pz=20&lastHongbaoId=0>
Cookie: ywkey=ywU2vsg9bL87; ywguid=800005880124; appId=12; areaId=30; lang=cn; mode=normal; bar=72; qimei=866174010680719; loginType=4; lgk=1; QDInfo=7RNRLX6Ck3KY5aWgMB84vrDdhMzPrkpyDrEIbrK0xJ397r2LvU5C5GT/C+ZfDcXIJ31Wvz7+FUbq8Zq3x19Zb1bGTyTu9PdALkTI9pqfeKww7aaaXneUlP2wSwzbTscyloX/az5Opn0t7RMbgUO5aqD+j/EPRbA0; cmfuToken=N((a0tJD3qrhLwUlsfEdzYe8BGppxeaTlihPKPLV5s7gABtAYNbjA3TI3c-3WZZLKJcPHEH4_PX120g9QhXRkQbnStZbjyt6XzqgpXTaL8qIQJLGPxEGjQna3QMz-Rb0BQIrDa-U4s1XaEFjFsWlrO_KlhZtaCX1l8trfyz4UHh4TlxYddDEYeLjxMXoMfHyrIzQhNU1hr0E2h6GFWffUyyQomTr7d3Sgm-FVUd2JdBqVXHagoI3ps1_BxgXfZakGmg0; usertoken=5880124

2020-01-12 08:41:30 [scrapy.core.engine] DEBUG: Crawled (200) <GET https://druid.if.qidian.com/Atom.axd/Api/HongBao/GetSquare?pn=1&pz=20&lastHongbaoId=0> (referer: None)
2020-01-12 08:41:30 [scrapy.core.engine] INFO: Closing spider (finished)
2020-01-12 08:41:30 [scrapy.statscollectors] INFO: Dumping Scrapy stats:
{'downloader/request_bytes': 1495,
 'downloader/request_count': 1,
 'downloader/request_method_count/GET': 1,
 'downloader/response_bytes': 8252,
 'downloader/response_count': 1,
 'downloader/response_status_count/200': 1,
 'elapsed_time_seconds': 6.466762,
 'finish_reason': 'finished',
 'finish_time': datetime.datetime(2020, 1, 12, 0, 41, 30, 648696),
 'log_count/DEBUG': 2,
 'log_count/INFO': 10,
 'log_count/WARNING': 2,
 'memusage/max': 190427136,
 'memusage/startup': 190427136,
 'response_received_count': 1,
 'scheduler/dequeued': 1,
 'scheduler/dequeued/memory': 1,
 'scheduler/enqueued': 1,
 'scheduler/enqueued/memory': 1,
 'start_time': datetime.datetime(2020, 1, 12, 0, 41, 24, 181934)}
2020-01-12 08:41:30 [scrapy.core.engine] INFO: Spider closed (finished)
2020-01-12 08:41:32 [scrapy.utils.log] INFO: Scrapy 1.8.0 started (bot: qdReader)
2020-01-12 08:41:32 [scrapy.utils.log] INFO: Versions: lxml 4.3.3.0, libxml2 2.9.4, cssselect 1.1.0, parsel 1.5.2, w3lib 1.21.0, Twisted 19.10.0, Python 3.7.3 (default, Oct  7 2019, 12:56:13) - [GCC 8.3.0], pyOpenSSL 19.1.0 (OpenSSL 1.1.1b  26 Feb 2019), cryptography 2.3, Platform Linux-5.0.0-38-generic-x86_64-with-Ubuntu-19.04-disco
2020-01-12 08:41:32 [scrapy.crawler] INFO: Overridden settings: {'BOT_NAME': 'qdReader', 'CONCURRENT_REQUESTS_PER_DOMAIN': 16, 'CONCURRENT_REQUESTS_PER_IP': 16, 'COOKIES_DEBUG': True, 'LOG_FILE': 'logs/scrapy_spider_4.log', 'NEWSPIDER_MODULE': 'qdReader.spiders', 'SCHEDULER_DISK_QUEUE': 'scrapy.squeues.PickleFifoDiskQueue', 'SCHEDULER_MEMORY_QUEUE': 'scrapy.squeues.FifoMemoryQueue', 'SCHEDULER_PRIORITY_QUEUE': 'queuelib.PriorityQueue', 'SPIDER_MODULES': ['qdReader.spiders']}
2020-01-12 08:41:32 [scrapy.extensions.telnet] INFO: Telnet Password: 797ab6e2f422c46c
2020-01-12 08:41:33 [scrapy.middleware] INFO: Enabled extensions:
['scrapy.extensions.corestats.CoreStats',
 'scrapy.extensions.telnet.TelnetConsole',
 'scrapy.extensions.memusage.MemoryUsage',
 'scrapy.extensions.logstats.LogStats']
2020-01-12 08:41:34 [scrapy.middleware] INFO: Enabled downloader middlewares:
['scrapy.downloadermiddlewares.httpauth.HttpAuthMiddleware',
 'scrapy.downloadermiddlewares.downloadtimeout.DownloadTimeoutMiddleware',
 'scrapy.downloadermiddlewares.defaultheaders.DefaultHeadersMiddleware',
 'scrapy.downloadermiddlewares.useragent.UserAgentMiddleware',
 'qdReader.middlewares.ProxyMiddleware',
 'scrapy.downloadermiddlewares.retry.RetryMiddleware',
 'scrapy.downloadermiddlewares.redirect.MetaRefreshMiddleware',
 'scrapy.downloadermiddlewares.httpcompression.HttpCompressionMiddleware',
 'scrapy.downloadermiddlewares.redirect.RedirectMiddleware',
 'scrapy.downloadermiddlewares.cookies.CookiesMiddleware',
 'scrapy.downloadermiddlewares.httpproxy.HttpProxyMiddleware',
 'scrapy.downloadermiddlewares.stats.DownloaderStats']
2020-01-12 08:41:34 [scrapy.middleware] INFO: Enabled spider middlewares:
['scrapy.spidermiddlewares.httperror.HttpErrorMiddleware',
 'scrapy.spidermiddlewares.offsite.OffsiteMiddleware',
 'scrapy.spidermiddlewares.referer.RefererMiddleware',
 'scrapy.spidermiddlewares.urllength.UrlLengthMiddleware',
 'scrapy.spidermiddlewares.depth.DepthMiddleware']
2020-01-12 08:41:34 [scrapy.middleware] INFO: Enabled item pipelines:
['qdReader.pipelines.SquareHongbaoPipeline']
2020-01-12 08:41:34 [scrapy.core.engine] INFO: Spider opened
2020-01-12 08:41:34 [py.warnings] WARNING: /home/xjg/.local/lib/python3.7/site-packages/scrapy/core/scheduler.py:63: ScrapyDeprecationWarning: SCHEDULER_PRIORITY_QUEUE='queuelib.PriorityQueue' is no longer supported because of API changes; please use 'scrapy.pqueues.ScrapyPriorityQueue'
  ScrapyDeprecationWarning)

2020-01-12 08:41:35 [py.warnings] WARNING: /home/xjg/.local/lib/python3.7/site-packages/pymysql/cursors.py:170: Warning: (1050, "Table 'hongbaos' already exists")
  result = self._query(query)

2020-01-12 08:41:35 [scrapy.extensions.logstats] INFO: Crawled 0 pages (at 0 pages/min), scraped 0 items (at 0 items/min)
2020-01-12 08:41:35 [scrapy.extensions.telnet] INFO: Telnet console listening on 127.0.0.1:6025
2020-01-12 08:41:36 [scrapy.downloadermiddlewares.cookies] DEBUG: Sending cookies to: <GET https://druid.if.qidian.com/Atom.axd/Api/HongBao/GetSquare?pn=1&pz=20&lastHongbaoId=0>
Cookie: ywkey=ywU2vsg9bL87; ywguid=800005880124; appId=12; areaId=30; lang=cn; mode=normal; bar=72; qimei=866174010680719; loginType=4; lgk=1; QDInfo=7RNRLX6Ck3KY5aWgMB84vrDdhMzPrkpyDrEIbrK0xJ397r2LvU5C5GT/C+ZfDcXIJ31Wvz7+FUbq8Zq3x19Zb1bGTyTu9PdALkTI9pqfeKww7aaaXneUlKKB9jg3L7ai7NcQ9gZSAVAKuH6whBLx+fp3859LcDGC; cmfuToken=N((a0tJD3qrhLwUlsfEdzYe8BGppxeaTlihPKPLV5s7gABtAYNbjA3TI3c-3WZZLKJcPHEH4_PX120g9QhXRkQbnStZbjyt6XzqgpXTaL8qIQJLGPxEGjQna3QMz-Rb0BQIrDa-U4s1XaEFjFsWlrO_KlhZtaCX1l8trfyz4UHh4TlxYddDEYeLjxMXoMfHyrIzQhNU1hr0E2h6GFWffUyyQomTr7d3Sgm-FVUd2JdBqVXHagoI3ps1_BxgXfZakGmg0; usertoken=5880124

2020-01-12 08:41:37 [scrapy.core.engine] DEBUG: Crawled (402) <GET https://druid.if.qidian.com/Atom.axd/Api/HongBao/GetSquare?pn=1&pz=20&lastHongbaoId=0> (referer: None)
2020-01-12 08:41:37 [scrapy.spidermiddlewares.httperror] INFO: Ignoring response <402 https://druid.if.qidian.com/Atom.axd/Api/HongBao/GetSquare?pn=1&pz=20&lastHongbaoId=0>: HTTP status code is not handled or not allowed
2020-01-12 08:41:37 [scrapy.core.engine] INFO: Closing spider (finished)
2020-01-12 08:41:37 [scrapy.statscollectors] INFO: Dumping Scrapy stats:
{'downloader/request_bytes': 1495,
 'downloader/request_count': 1,
 'downloader/request_method_count/GET': 1,
 'downloader/response_bytes': 196,
 'downloader/response_count': 1,
 'downloader/response_status_count/402': 1,
 'elapsed_time_seconds': 8.00952,
 'finish_reason': 'finished',
 'finish_time': datetime.datetime(2020, 1, 12, 0, 41, 37, 620161),
 'httperror/response_ignored_count': 1,
 'httperror/response_ignored_status_count/402': 1,
 'log_count/DEBUG': 2,
 'log_count/INFO': 11,
 'log_count/WARNING': 2,
 'memusage/max': 189755392,
 'memusage/startup': 189755392,
 'response_received_count': 1,
 'scheduler/dequeued': 1,
 'scheduler/dequeued/memory': 1,
 'scheduler/enqueued': 1,
 'scheduler/enqueued/memory': 1,
 'start_time': datetime.datetime(2020, 1, 12, 0, 41, 29, 610641)}
2020-01-12 08:41:37 [scrapy.core.engine] INFO: Spider closed (finished)
2020-01-12 08:41:38 [scrapy.utils.log] INFO: Scrapy 1.8.0 started (bot: qdReader)
2020-01-12 08:41:38 [scrapy.utils.log] INFO: Versions: lxml 4.3.3.0, libxml2 2.9.4, cssselect 1.1.0, parsel 1.5.2, w3lib 1.21.0, Twisted 19.10.0, Python 3.7.3 (default, Oct  7 2019, 12:56:13) - [GCC 8.3.0], pyOpenSSL 19.1.0 (OpenSSL 1.1.1b  26 Feb 2019), cryptography 2.3, Platform Linux-5.0.0-38-generic-x86_64-with-Ubuntu-19.04-disco
2020-01-12 08:41:38 [scrapy.crawler] INFO: Overridden settings: {'BOT_NAME': 'qdReader', 'CONCURRENT_REQUESTS_PER_DOMAIN': 16, 'CONCURRENT_REQUESTS_PER_IP': 16, 'COOKIES_DEBUG': True, 'LOG_FILE': 'logs/scrapy_spider_4.log', 'NEWSPIDER_MODULE': 'qdReader.spiders', 'SCHEDULER_DISK_QUEUE': 'scrapy.squeues.PickleFifoDiskQueue', 'SCHEDULER_MEMORY_QUEUE': 'scrapy.squeues.FifoMemoryQueue', 'SCHEDULER_PRIORITY_QUEUE': 'queuelib.PriorityQueue', 'SPIDER_MODULES': ['qdReader.spiders']}
2020-01-12 08:41:38 [scrapy.extensions.telnet] INFO: Telnet Password: 1f325c5913bac407
2020-01-12 08:41:39 [scrapy.middleware] INFO: Enabled extensions:
['scrapy.extensions.corestats.CoreStats',
 'scrapy.extensions.telnet.TelnetConsole',
 'scrapy.extensions.memusage.MemoryUsage',
 'scrapy.extensions.logstats.LogStats']
2020-01-12 08:41:41 [scrapy.middleware] INFO: Enabled downloader middlewares:
['scrapy.downloadermiddlewares.httpauth.HttpAuthMiddleware',
 'scrapy.downloadermiddlewares.downloadtimeout.DownloadTimeoutMiddleware',
 'scrapy.downloadermiddlewares.defaultheaders.DefaultHeadersMiddleware',
 'scrapy.downloadermiddlewares.useragent.UserAgentMiddleware',
 'qdReader.middlewares.ProxyMiddleware',
 'scrapy.downloadermiddlewares.retry.RetryMiddleware',
 'scrapy.downloadermiddlewares.redirect.MetaRefreshMiddleware',
 'scrapy.downloadermiddlewares.httpcompression.HttpCompressionMiddleware',
 'scrapy.downloadermiddlewares.redirect.RedirectMiddleware',
 'scrapy.downloadermiddlewares.cookies.CookiesMiddleware',
 'scrapy.downloadermiddlewares.httpproxy.HttpProxyMiddleware',
 'scrapy.downloadermiddlewares.stats.DownloaderStats']
2020-01-12 08:41:41 [scrapy.middleware] INFO: Enabled spider middlewares:
['scrapy.spidermiddlewares.httperror.HttpErrorMiddleware',
 'scrapy.spidermiddlewares.offsite.OffsiteMiddleware',
 'scrapy.spidermiddlewares.referer.RefererMiddleware',
 'scrapy.spidermiddlewares.urllength.UrlLengthMiddleware',
 'scrapy.spidermiddlewares.depth.DepthMiddleware']
2020-01-12 08:41:41 [scrapy.middleware] INFO: Enabled item pipelines:
['qdReader.pipelines.SquareHongbaoPipeline']
2020-01-12 08:41:41 [scrapy.core.engine] INFO: Spider opened
2020-01-12 08:41:41 [py.warnings] WARNING: /home/xjg/.local/lib/python3.7/site-packages/scrapy/core/scheduler.py:63: ScrapyDeprecationWarning: SCHEDULER_PRIORITY_QUEUE='queuelib.PriorityQueue' is no longer supported because of API changes; please use 'scrapy.pqueues.ScrapyPriorityQueue'
  ScrapyDeprecationWarning)

2020-01-12 08:41:42 [py.warnings] WARNING: /home/xjg/.local/lib/python3.7/site-packages/pymysql/cursors.py:170: Warning: (1050, "Table 'hongbaos' already exists")
  result = self._query(query)

2020-01-12 08:41:42 [scrapy.extensions.logstats] INFO: Crawled 0 pages (at 0 pages/min), scraped 0 items (at 0 items/min)
2020-01-12 08:41:42 [scrapy.extensions.telnet] INFO: Telnet console listening on 127.0.0.1:6028
2020-01-12 08:41:43 [scrapy.downloadermiddlewares.cookies] DEBUG: Sending cookies to: <GET https://druid.if.qidian.com/Atom.axd/Api/HongBao/GetSquare?pn=1&pz=20&lastHongbaoId=0>
Cookie: ywkey=ywU2vsg9bL87; ywguid=800005880124; appId=12; areaId=30; lang=cn; mode=normal; bar=72; qimei=866174010680719; loginType=4; lgk=1; QDInfo=7RNRLX6Ck3KY5aWgMB84vrDdhMzPrkpyDrEIbrK0xJ397r2LvU5C5GT/C+ZfDcXIJ31Wvz7+FUbq8Zq3x19Zb1bGTyTu9PdALkTI9pqfeKww7aaaXneUlIJ5wk6goSdwJiTPxg7wgX/6+O/Ez7+24lIN9tpPhzfm; cmfuToken=N((a0tJD3qrhLwUlsfEdzYe8BGppxeaTlihPKPLV5s7gABtAYNbjA3TI3c-3WZZLKJcPHEH4_PX120g9QhXRkQbnStZbjyt6XzqgpXTaL8qIQJLGPxEGjQna3QMz-Rb0BQIrDa-U4s1XaEFjFsWlrO_KlhZtaCX1l8trfyz4UHh4TlxYddDEYeLjxMXoMfHyrIzQhNU1hr0E2h6GFWffUyyQomTr7d3Sgm-FVUd2JdBqVXHagoI3ps1_BxgXfZakGmg0; usertoken=5880124

2020-01-12 08:41:43 [scrapy.utils.log] INFO: Scrapy 1.8.0 started (bot: qdReader)
2020-01-12 08:41:43 [scrapy.utils.log] INFO: Versions: lxml 4.3.3.0, libxml2 2.9.4, cssselect 1.1.0, parsel 1.5.2, w3lib 1.21.0, Twisted 19.10.0, Python 3.7.3 (default, Oct  7 2019, 12:56:13) - [GCC 8.3.0], pyOpenSSL 19.1.0 (OpenSSL 1.1.1b  26 Feb 2019), cryptography 2.3, Platform Linux-5.0.0-38-generic-x86_64-with-Ubuntu-19.04-disco
2020-01-12 08:41:43 [scrapy.crawler] INFO: Overridden settings: {'BOT_NAME': 'qdReader', 'CONCURRENT_REQUESTS_PER_DOMAIN': 16, 'CONCURRENT_REQUESTS_PER_IP': 16, 'COOKIES_DEBUG': True, 'LOG_FILE': 'logs/scrapy_spider_4.log', 'NEWSPIDER_MODULE': 'qdReader.spiders', 'SCHEDULER_DISK_QUEUE': 'scrapy.squeues.PickleFifoDiskQueue', 'SCHEDULER_MEMORY_QUEUE': 'scrapy.squeues.FifoMemoryQueue', 'SCHEDULER_PRIORITY_QUEUE': 'queuelib.PriorityQueue', 'SPIDER_MODULES': ['qdReader.spiders']}
2020-01-12 08:41:44 [scrapy.extensions.telnet] INFO: Telnet Password: 4208650ced7434d8
2020-01-12 08:41:45 [scrapy.core.engine] DEBUG: Crawled (402) <GET https://druid.if.qidian.com/Atom.axd/Api/HongBao/GetSquare?pn=1&pz=20&lastHongbaoId=0> (referer: None)
2020-01-12 08:41:45 [scrapy.middleware] INFO: Enabled extensions:
['scrapy.extensions.corestats.CoreStats',
 'scrapy.extensions.telnet.TelnetConsole',
 'scrapy.extensions.memusage.MemoryUsage',
 'scrapy.extensions.logstats.LogStats']
2020-01-12 08:41:45 [scrapy.spidermiddlewares.httperror] INFO: Ignoring response <402 https://druid.if.qidian.com/Atom.axd/Api/HongBao/GetSquare?pn=1&pz=20&lastHongbaoId=0>: HTTP status code is not handled or not allowed
2020-01-12 08:41:45 [scrapy.core.engine] INFO: Closing spider (finished)
2020-01-12 08:41:45 [scrapy.statscollectors] INFO: Dumping Scrapy stats:
{'downloader/request_bytes': 1495,
 'downloader/request_count': 1,
 'downloader/request_method_count/GET': 1,
 'downloader/response_bytes': 200,
 'downloader/response_count': 1,
 'downloader/response_status_count/402': 1,
 'elapsed_time_seconds': 10.570528,
 'finish_reason': 'finished',
 'finish_time': datetime.datetime(2020, 1, 12, 0, 41, 45, 621939),
 'httperror/response_ignored_count': 1,
 'httperror/response_ignored_status_count/402': 1,
 'log_count/DEBUG': 2,
 'log_count/INFO': 11,
 'log_count/WARNING': 2,
 'memusage/max': 189923328,
 'memusage/startup': 189923328,
 'response_received_count': 1,
 'scheduler/dequeued': 1,
 'scheduler/dequeued/memory': 1,
 'scheduler/enqueued': 1,
 'scheduler/enqueued/memory': 1,
 'start_time': datetime.datetime(2020, 1, 12, 0, 41, 35, 51411)}
2020-01-12 08:41:45 [scrapy.core.engine] INFO: Spider closed (finished)
2020-01-12 08:41:46 [scrapy.middleware] INFO: Enabled downloader middlewares:
['scrapy.downloadermiddlewares.httpauth.HttpAuthMiddleware',
 'scrapy.downloadermiddlewares.downloadtimeout.DownloadTimeoutMiddleware',
 'scrapy.downloadermiddlewares.defaultheaders.DefaultHeadersMiddleware',
 'scrapy.downloadermiddlewares.useragent.UserAgentMiddleware',
 'qdReader.middlewares.ProxyMiddleware',
 'scrapy.downloadermiddlewares.retry.RetryMiddleware',
 'scrapy.downloadermiddlewares.redirect.MetaRefreshMiddleware',
 'scrapy.downloadermiddlewares.httpcompression.HttpCompressionMiddleware',
 'scrapy.downloadermiddlewares.redirect.RedirectMiddleware',
 'scrapy.downloadermiddlewares.cookies.CookiesMiddleware',
 'scrapy.downloadermiddlewares.httpproxy.HttpProxyMiddleware',
 'scrapy.downloadermiddlewares.stats.DownloaderStats']
2020-01-12 08:41:47 [scrapy.middleware] INFO: Enabled spider middlewares:
['scrapy.spidermiddlewares.httperror.HttpErrorMiddleware',
 'scrapy.spidermiddlewares.offsite.OffsiteMiddleware',
 'scrapy.spidermiddlewares.referer.RefererMiddleware',
 'scrapy.spidermiddlewares.urllength.UrlLengthMiddleware',
 'scrapy.spidermiddlewares.depth.DepthMiddleware']
2020-01-12 08:41:47 [scrapy.middleware] INFO: Enabled item pipelines:
['qdReader.pipelines.SquareHongbaoPipeline']
2020-01-12 08:41:47 [scrapy.core.engine] INFO: Spider opened
2020-01-12 08:41:47 [py.warnings] WARNING: /home/xjg/.local/lib/python3.7/site-packages/scrapy/core/scheduler.py:63: ScrapyDeprecationWarning: SCHEDULER_PRIORITY_QUEUE='queuelib.PriorityQueue' is no longer supported because of API changes; please use 'scrapy.pqueues.ScrapyPriorityQueue'
  ScrapyDeprecationWarning)

2020-01-12 08:41:47 [py.warnings] WARNING: /home/xjg/.local/lib/python3.7/site-packages/pymysql/cursors.py:170: Warning: (1050, "Table 'hongbaos' already exists")
  result = self._query(query)

2020-01-12 08:41:47 [scrapy.extensions.logstats] INFO: Crawled 0 pages (at 0 pages/min), scraped 0 items (at 0 items/min)
2020-01-12 08:41:47 [scrapy.extensions.telnet] INFO: Telnet console listening on 127.0.0.1:6027
2020-01-12 08:41:51 [scrapy.utils.log] INFO: Scrapy 1.8.0 started (bot: qdReader)
2020-01-12 08:41:51 [scrapy.utils.log] INFO: Versions: lxml 4.3.3.0, libxml2 2.9.4, cssselect 1.1.0, parsel 1.5.2, w3lib 1.21.0, Twisted 19.10.0, Python 3.7.3 (default, Oct  7 2019, 12:56:13) - [GCC 8.3.0], pyOpenSSL 19.1.0 (OpenSSL 1.1.1b  26 Feb 2019), cryptography 2.3, Platform Linux-5.0.0-38-generic-x86_64-with-Ubuntu-19.04-disco
2020-01-12 08:41:51 [scrapy.crawler] INFO: Overridden settings: {'BOT_NAME': 'qdReader', 'CONCURRENT_REQUESTS_PER_DOMAIN': 16, 'CONCURRENT_REQUESTS_PER_IP': 16, 'COOKIES_DEBUG': True, 'LOG_FILE': 'logs/scrapy_spider_4.log', 'NEWSPIDER_MODULE': 'qdReader.spiders', 'SCHEDULER_DISK_QUEUE': 'scrapy.squeues.PickleFifoDiskQueue', 'SCHEDULER_MEMORY_QUEUE': 'scrapy.squeues.FifoMemoryQueue', 'SCHEDULER_PRIORITY_QUEUE': 'queuelib.PriorityQueue', 'SPIDER_MODULES': ['qdReader.spiders']}
2020-01-12 08:41:52 [scrapy.extensions.telnet] INFO: Telnet Password: 6014631f57590dc7
2020-01-12 08:41:53 [scrapy.middleware] INFO: Enabled extensions:
['scrapy.extensions.corestats.CoreStats',
 'scrapy.extensions.telnet.TelnetConsole',
 'scrapy.extensions.memusage.MemoryUsage',
 'scrapy.extensions.logstats.LogStats']
2020-01-12 08:41:57 [scrapy.middleware] INFO: Enabled downloader middlewares:
['scrapy.downloadermiddlewares.httpauth.HttpAuthMiddleware',
 'scrapy.downloadermiddlewares.downloadtimeout.DownloadTimeoutMiddleware',
 'scrapy.downloadermiddlewares.defaultheaders.DefaultHeadersMiddleware',
 'scrapy.downloadermiddlewares.useragent.UserAgentMiddleware',
 'qdReader.middlewares.ProxyMiddleware',
 'scrapy.downloadermiddlewares.retry.RetryMiddleware',
 'scrapy.downloadermiddlewares.redirect.MetaRefreshMiddleware',
 'scrapy.downloadermiddlewares.httpcompression.HttpCompressionMiddleware',
 'scrapy.downloadermiddlewares.redirect.RedirectMiddleware',
 'scrapy.downloadermiddlewares.cookies.CookiesMiddleware',
 'scrapy.downloadermiddlewares.httpproxy.HttpProxyMiddleware',
 'scrapy.downloadermiddlewares.stats.DownloaderStats']
2020-01-12 08:41:59 [scrapy.middleware] INFO: Enabled spider middlewares:
['scrapy.spidermiddlewares.httperror.HttpErrorMiddleware',
 'scrapy.spidermiddlewares.offsite.OffsiteMiddleware',
 'scrapy.spidermiddlewares.referer.RefererMiddleware',
 'scrapy.spidermiddlewares.urllength.UrlLengthMiddleware',
 'scrapy.spidermiddlewares.depth.DepthMiddleware']
2020-01-12 08:41:59 [scrapy.downloadermiddlewares.cookies] DEBUG: Sending cookies to: <GET https://druid.if.qidian.com/Atom.axd/Api/HongBao/GetSquare?pn=1&pz=20&lastHongbaoId=0>
Cookie: ywkey=ywU2vsg9bL87; ywguid=800005880124; appId=12; areaId=30; lang=cn; mode=normal; bar=72; qimei=866174010680719; loginType=4; lgk=1; QDInfo=7RNRLX6Ck3KY5aWgMB84vrDdhMzPrkpyDrEIbrK0xJ397r2LvU5C5GT/C+ZfDcXIJ31Wvz7+FUbq8Zq3x19Zb1bGTyTu9PdALkTI9pqfeKww7aaaXneUlP4c7gge/sFfNpBJe2lihCeIjVqBa/f+PiIqOVc3YSef; cmfuToken=N((a0tJD3qrhLwUlsfEdzYe8BGppxeaTlihPKPLV5s7gABtAYNbjA3TI3c-3WZZLKJcPHEH4_PX120g9QhXRkQbnStZbjyt6XzqgpXTaL8qIQJLGPxEGjQna3QMz-Rb0BQIrDa-U4s1XaEFjFsWlrO_KlhZtaCX1l8trfyz4UHh4TlxYddDEYeLjxMXoMfHyrIzQhNU1hr0E2h6GFWffUyyQomTr7d3Sgm-FVUd2JdBqVXHagoI3ps1_BxgXfZakGmg0; usertoken=5880124

2020-01-12 08:42:00 [scrapy.middleware] INFO: Enabled item pipelines:
['qdReader.pipelines.SquareHongbaoPipeline']
2020-01-12 08:42:00 [scrapy.core.engine] INFO: Spider opened
2020-01-12 08:42:00 [py.warnings] WARNING: /home/xjg/.local/lib/python3.7/site-packages/scrapy/core/scheduler.py:63: ScrapyDeprecationWarning: SCHEDULER_PRIORITY_QUEUE='queuelib.PriorityQueue' is no longer supported because of API changes; please use 'scrapy.pqueues.ScrapyPriorityQueue'
  ScrapyDeprecationWarning)

2020-01-12 08:42:00 [py.warnings] WARNING: /home/xjg/.local/lib/python3.7/site-packages/pymysql/cursors.py:170: Warning: (1050, "Table 'hongbaos' already exists")
  result = self._query(query)

2020-01-12 08:42:00 [scrapy.extensions.logstats] INFO: Crawled 0 pages (at 0 pages/min), scraped 0 items (at 0 items/min)
2020-01-12 08:42:00 [scrapy.extensions.telnet] INFO: Telnet console listening on 127.0.0.1:6029
2020-01-12 08:42:07 [scrapy.core.engine] DEBUG: Crawled (200) <GET https://druid.if.qidian.com/Atom.axd/Api/HongBao/GetSquare?pn=1&pz=20&lastHongbaoId=0> (referer: None)
2020-01-12 08:42:10 [scrapy.core.engine] INFO: Closing spider (finished)
2020-01-12 08:42:10 [scrapy.statscollectors] INFO: Dumping Scrapy stats:
{'downloader/request_bytes': 1495,
 'downloader/request_count': 1,
 'downloader/request_method_count/GET': 1,
 'downloader/response_bytes': 8252,
 'downloader/response_count': 1,
 'downloader/response_status_count/200': 1,
 'elapsed_time_seconds': 28.831712,
 'finish_reason': 'finished',
 'finish_time': datetime.datetime(2020, 1, 12, 0, 42, 10, 848874),
 'log_count/DEBUG': 2,
 'log_count/INFO': 10,
 'log_count/WARNING': 2,
 'memusage/max': 185860096,
 'memusage/startup': 185860096,
 'response_received_count': 1,
 'scheduler/dequeued': 1,
 'scheduler/dequeued/memory': 1,
 'scheduler/enqueued': 1,
 'scheduler/enqueued/memory': 1,
 'start_time': datetime.datetime(2020, 1, 12, 0, 41, 42, 17162)}
2020-01-12 08:42:10 [scrapy.core.engine] INFO: Spider closed (finished)
2020-01-12 08:42:19 [scrapy.utils.log] INFO: Scrapy 1.8.0 started (bot: qdReader)
2020-01-12 08:42:46 [scrapy.utils.log] INFO: Versions: lxml 4.3.3.0, libxml2 2.9.4, cssselect 1.1.0, parsel 1.5.2, w3lib 1.21.0, Twisted 19.10.0, Python 3.7.3 (default, Oct  7 2019, 12:56:13) - [GCC 8.3.0], pyOpenSSL 19.1.0 (OpenSSL 1.1.1b  26 Feb 2019), cryptography 2.3, Platform Linux-5.0.0-38-generic-x86_64-with-Ubuntu-19.04-disco
2020-01-12 08:42:43 [scrapy.core.engine] ERROR: Error while obtaining start requests
Traceback (most recent call last):
  File "/home/xjg/.local/lib/python3.7/site-packages/scrapy/core/engine.py", line 127, in _next_request
    request = next(slot.start_requests)
  File "/home/xjg/work/QDreaderApp/qdReader/spiders/qidian.py", line 53, in start_requests
    'QDSign': QDLogin.getQDSIGN1(urlParams, usertoken=userToken),
  File "/home/xjg/work/QDreaderApp/qdReader/spiders/QDLogin.py", line 331, in getQDSIGN1
    out = subprocess.check_output(["openssl", "des-ede3-cbc", "-in",filename,"-K", '7B3164596771452968392C5229684B71456376345D6B5B68', "-iv", '3031323334353637'])
  File "/usr/lib/python3.7/subprocess.py", line 395, in check_output
    **kwargs).stdout
  File "/usr/lib/python3.7/subprocess.py", line 472, in run
    with Popen(*popenargs, **kwargs) as process:
  File "/usr/lib/python3.7/subprocess.py", line 775, in __init__
    restore_signals, start_new_session)
  File "/usr/lib/python3.7/subprocess.py", line 1453, in _execute_child
    restore_signals, start_new_session, preexec_fn)
OSError: [Errno 12] 
2020-01-12 08:42:48 [scrapy.core.engine] INFO: Closing spider (finished)
2020-01-12 08:42:52 [scrapy.statscollectors] INFO: Dumping Scrapy stats:
{'elapsed_time_seconds': 62.985217,
 'finish_reason': 'finished',
 'finish_time': datetime.datetime(2020, 1, 12, 0, 42, 50, 692986),
 'log_count/ERROR': 1,
 'log_count/INFO': 10,
 'log_count/WARNING': 2,
 'memusage/max': 180297728,
 'memusage/startup': 180297728,
 'start_time': datetime.datetime(2020, 1, 12, 0, 41, 47, 707769)}
2020-01-12 08:42:53 [scrapy.core.engine] INFO: Spider closed (finished)
